#
# A fatal error has been detected by the Java Runtime Environment:
#
#  SIGSEGV (0xb) at pc=0x00007f5dc5b8b716, pid=369, tid=409
#
# JRE version: OpenJDK Runtime Environment Temurin-17.0.6+10 (17.0.6+10) (build 17.0.6+10)
# Java VM: OpenJDK 64-Bit Server VM Temurin-17.0.6+10 (17.0.6+10, mixed mode, tiered, compressed oops, compressed class ptrs, parallel gc, linux-amd64)
# Problematic frame:
# V  [libjvm.so+0xc6f716]  PSCardTable::scavenge_contents_parallel(ObjectStartArray*, MutableSpace*, HeapWordImpl**, PSPromotionManager*, unsigned int, unsigned int)+0x246
#
# No core dump will be written. Core dumps have been disabled. To enable core dumping, try "ulimit -c unlimited" before starting Java again
#
# If you would like to submit a bug report, please visit:
#   https://github.com/adoptium/adoptium-support/issues
#

---------------  S U M M A R Y ------------

Command Line: --add-modules=ALL-SYSTEM --add-opens=java.base/java.util=ALL-UNNAMED --add-opens=java.base/java.lang=ALL-UNNAMED --add-opens=java.base/sun.nio.fs=ALL-UNNAMED -Declipse.application=org.eclipse.jdt.ls.core.id1 -Dosgi.bundles.defaultStartLevel=4 -Declipse.product=org.eclipse.jdt.ls.core.product -Djava.import.generatesMetadataFilesAtProjectRoot=false -Dfile.encoding=utf8 -XX:+UseParallelGC -XX:GCTimeRatio=4 -XX:AdaptiveSizePolicyWeight=90 -Dsun.zip.disableMemoryMapping=true -Xmx1G -Xms100m -Xlog:disable -javaagent:/home/matheus/.vscode-server/extensions/redhat.java-1.16.0-linux-x64/lombok/lombok-1.18.24.jar -XX:+HeapDumpOnOutOfMemoryError -XX:HeapDumpPath=/home/matheus/.vscode-server/data/User/workspaceStorage/12a7bbb68cc33591f840e4e731930dad/redhat.java /home/matheus/.vscode-server/extensions/redhat.java-1.16.0-linux-x64/server/plugins/org.eclipse.equinox.launcher_1.6.400.v20210924-0641.jar -configuration /home/matheus/.vscode-server/data/User/globalStorage/redhat.java/1.16.0/config_linux -data /home/matheus/.vscode-server/data/User/workspaceStorage/12a7bbb68cc33591f840e4e731930dad/redhat.java/jdt_ws

Host: Intel(R) Core(TM) i7-7700HQ CPU @ 2.80GHz, 8 cores, 7G, Ubuntu 22.04.2 LTS
Time: Thu Apr  6 10:10:12 2023 -03 elapsed time: 19.897879 seconds (0d 0h 0m 19s)

---------------  T H R E A D  ---------------

Current thread (0x00007f5da0003140):  GCTaskThread "GC Thread#2" [stack: 0x00007f5da4700000,0x00007f5da4800000] [id=409]

Stack: [0x00007f5da4700000,0x00007f5da4800000],  sp=0x00007f5da47feb70,  free space=1018k
Native frames: (J=compiled Java code, j=interpreted, Vv=VM code, C=native code)
V  [libjvm.so+0xc6f716]  PSCardTable::scavenge_contents_parallel(ObjectStartArray*, MutableSpace*, HeapWordImpl**, PSPromotionManager*, unsigned int, unsigned int)+0x246
V  [libjvm.so+0xc90cb0]  ScavengeRootsTask::work(unsigned int)+0x4c0
V  [libjvm.so+0xf118cf]  GangWorker::loop()+0x5f
V  [libjvm.so+0xf1192f]
V  [libjvm.so+0xe62020]  Thread::call_run()+0xc0
V  [libjvm.so+0xc187e1]  thread_native_entry(Thread*)+0xe1


siginfo: si_signo: 11 (SIGSEGV), si_code: 1 (SEGV_MAPERR), si_addr: 0x0000000000000008

Register to memory mapping:

RAX=0x0000000000000001 is an unknown value
RBX=
[error occurred during error reporting (printing register info), id 0xb, SIGSEGV (0xb) at pc=0x00007f5dc5b5264c]

Registers:
RAX=0x0000000000000001, RBX=0x00000000c3a0ffe8, RCX=0x0000000000000003, RDX=0x00007f5dc61d4320
RSP=0x00007f5da47feb70, RBP=0x00007f5da47fec40, RSI=0x00007f5dc4697000, RDI=0x0000000000000000
R8 =0x00007f5dc0040ba0, R9 =0x00007f5dc51a7a40, R10=0x00007f5dc621b1cd, R11=0x00000000c2d151f8
R12=0x00007f5dc490c100, R13=0x00000000c3a10000, R14=0x00007f5dc51a7a40, R15=0x00007f5dc0040ba0
RIP=0x00007f5dc5b8b716, EFLAGS=0x0000000000010246, CSGSFS=0x002b000000000033, ERR=0x0000000000000004
  TRAPNO=0x000000000000000e

Top of Stack: (sp=0x00007f5da47feb70)
0x00007f5da47feb70:   00007f5da47febf0 00007f5dc0040ba0
0x00007f5da47feb80:   00007f5dc48ef080 0000000000000080
0x00007f5da47feb90:   00007f5dc48ef000 00000000c4b8cf30
0x00007f5da47feba0:   00007f5dc490c080 00007f5dc01d1c80 

Instructions: (pc=0x00007f5dc5b8b716)
0x00007f5dc5b8b616:   29 d0 48 c1 e0 09 48 39 c6 48 0f 42 c6 4c 89 ee
0x00007f5dc5b8b626:   48 89 c2 48 89 45 98 e8 de 11 f9 ff 4c 8b 45 a0
0x00007f5dc5b8b636:   84 c0 0f 84 3e ff ff ff 48 be ff ff ff ff ff ff
0x00007f5dc5b8b646:   7f 00 49 8b 40 78 48 21 f3 49 8b 70 70 48 8d 0c
0x00007f5dc5b8b656:   18 48 8d 51 ff 48 39 f1 0f 83 87 0b 00 00 49 8b
0x00007f5dc5b8b666:   58 50 49 39 dd 73 4d 48 f7 d0 48 01 c1 48 c1 e1
0x00007f5dc5b8b676:   09 eb 14 49 8b 58 50 48 83 ea 01 48 81 e9 00 02
0x00007f5dc5b8b686:   00 00 49 39 dd 73 2d 48 39 d6 77 e7 48 0f be 02
0x00007f5dc5b8b696:   48 8d 1c c1 3c ff 75 df 49 8b 78 58 49 8b 40 50
0x00007f5dc5b8b6a6:   48 83 ea 01 48 81 e9 00 02 00 00 48 8d 1c f8 49
0x00007f5dc5b8b6b6:   39 dd 72 d3 4c 8d 15 0c fb 68 00 4c 8d 35 78 c3
0x00007f5dc5b8b6c6:   61 ff 4d 89 c7 eb 2a f6 c1 01 74 13 48 8b 07 48
0x00007f5dc5b8b6d6:   8b 80 00 01 00 00 4c 39 f0 0f 85 ef 0a 00 00 c1
0x00007f5dc5b8b6e6:   f9 03 48 63 c1 48 8d 04 c3 49 39 c5 72 74 48 89
0x00007f5dc5b8b6f6:   c3 41 0f b6 02 84 c0 0f 84 b6 02 00 00 48 8d 15
0x00007f5dc5b8b706:   16 8c 64 00 8b 7b 08 8b 4a 08 48 d3 e7 48 03 3a
0x00007f5dc5b8b716:   8b 4f 08 85 c9 7f b0 0f 84 9f 02 00 00 3c 01 48
0x00007f5dc5b8b726:   8d 15 00 96 64 00 48 19 c0 83 e0 04 8b 32 48 63
0x00007f5dc5b8b736:   44 03 0c 48 d3 e0 c1 f9 10 48 89 c2 0f b6 c1 8d
0x00007f5dc5b8b746:   4e ff f7 de 48 63 c9 48 01 c8 48 01 d0 48 63 d6
0x00007f5dc5b8b756:   48 21 d0 48 c1 e8 03 48 98 48 8d 04 c3 49 39 c5
0x00007f5dc5b8b766:   73 8c 4d 89 f8 49 39 dd 0f 87 bb 0c 00 00 48 8b
0x00007f5dc5b8b776:   75 98 48 39 b5 58 ff ff ff 0f 87 bd 0a 00 00 4c
0x00007f5dc5b8b786:   8b bd 78 ff ff ff 4c 8d 0d ad c2 61 ff 4d 39 e7
0x00007f5dc5b8b796:   0f 83 e0 fd ff ff 0f 1f 40 00 41 0f b6 07 4c 89
0x00007f5dc5b8b7a6:   fa 49 83 c7 01 3c ff 0f 85 fe 01 00 00 4d 39 fc
0x00007f5dc5b8b7b6:   77 e8 4c 89 fb 49 39 dc 0f 86 c4 01 00 00 80 3b
0x00007f5dc5b8b7c6:   ff 0f 84 bb 01 00 00 0f 1f 00 48 83 c3 01 49 39
0x00007f5dc5b8b7d6:   dc 74 e2 80 3b ff 75 f2 48 8b 45 a8 49 89 de 49
0x00007f5dc5b8b7e6:   8b 50 78 49 8b 70 70 4c 2b 70 40 49 c1 e6 09 49
0x00007f5dc5b8b7f6:   83 ee 08 4c 89 f1 48 c1 e9 09 48 01 d1 48 8d 41
0x00007f5dc5b8b806:   ff 48 39 f1 0f 83 38 02 00 00 4d 8b 68 50 4d 39 


Stack slot to memory mapping:
stack at sp + 0 slots: 0x00007f5da47febf0 points into unknown readable memory: 0x00007f5dc612c230 | 30 c2 12 c6 5d 7f 00 00
stack at sp + 1 slots: 0x00007f5dc0040ba0 points into unknown readable memory: 0x0000000000000000 | 00 00 00 00 00 00 00 00
stack at sp + 2 slots: 0x00007f5dc48ef080 points into unknown readable memory: 0xffffffffffffffff | ff ff ff ff ff ff ff ff
stack at sp + 3 slots: 0x0000000000000080 is an unknown value
stack at sp + 4 slots: 0x00007f5dc48ef000 points into unknown readable memory: 0xffffffffffffffff | ff ff ff ff ff ff ff ff
stack at sp + 5 slots: 
[error occurred during error reporting (inspecting top of stack), id 0xb, SIGSEGV (0xb) at pc=0x00007f5dc5b5264c]


---------------  P R O C E S S  ---------------

Threads class SMR info:
_java_thread_list=0x00007f5d811d5750, length=28, elements={
0x00007f5dc0027be0, 0x00007f5dc01e7400, 0x00007f5dc01e8970, 0x00007f5dc02127c0,
0x00007f5dc02160b0, 0x00007f5dc0217020, 0x00007f5dc0218670, 0x00007f5dc0219b20,
0x00007f5dc0222f50, 0x00007f5dc02c8b80, 0x00007f5dc03c73a0, 0x00007f5dc04edfe0,
0x00007f5dc05e66b0, 0x00007f5dc0644cd0, 0x00007f5dc0647750, 0x00007f5d40033830,
0x00007f5d4028ce10, 0x00007f5d40340d80, 0x00007f5d4034c1e0, 0x00007f5d408c6ee0,
0x00007f5dc06fddc0, 0x00007f5dc07c11a0, 0x00007f5d3401b990, 0x00007f5d1c000ff0,
0x00007f5d1816d1f0, 0x00007f5d140c8c00, 0x00007f5d811d42d0, 0x00007f5d811d4ec0
}

Java Threads: ( => current thread )
  0x00007f5dc0027be0 JavaThread "main" [_thread_blocked, id=370, stack(0x00007f5dc4d30000,0x00007f5dc4e30000)]
  0x00007f5dc01e7400 JavaThread "Reference Handler" daemon [_thread_blocked, id=377, stack(0x00007f5da60e9000,0x00007f5da61e9000)]
  0x00007f5dc01e8970 JavaThread "Finalizer" daemon [_thread_blocked, id=378, stack(0x00007f5da5fe9000,0x00007f5da60e9000)]
  0x00007f5dc02127c0 JavaThread "Signal Dispatcher" daemon [_thread_blocked, id=381, stack(0x00007f5da5c00000,0x00007f5da5d00000)]
  0x00007f5dc02160b0 JavaThread "Service Thread" daemon [_thread_blocked, id=386, stack(0x00007f5da5b00000,0x00007f5da5c00000)]
  0x00007f5dc0217020 JavaThread "Monitor Deflation Thread" daemon [_thread_blocked, id=387, stack(0x00007f5da5a00000,0x00007f5da5b00000)]
  0x00007f5dc0218670 JavaThread "C2 CompilerThread0" daemon [_thread_blocked, id=388, stack(0x00007f5da5900000,0x00007f5da5a00000)]
  0x00007f5dc0219b20 JavaThread "C1 CompilerThread0" daemon [_thread_blocked, id=389, stack(0x00007f5da5800000,0x00007f5da5900000)]
  0x00007f5dc0222f50 JavaThread "Sweeper thread" daemon [_thread_blocked, id=390, stack(0x00007f5da5700000,0x00007f5da5800000)]
  0x00007f5dc02c8b80 JavaThread "Common-Cleaner" daemon [_thread_blocked, id=392, stack(0x00007f5da5600000,0x00007f5da5700000)]
  0x00007f5dc03c73a0 JavaThread "Notification Thread" daemon [_thread_blocked, id=395, stack(0x00007f5da5400000,0x00007f5da5500000)]
  0x00007f5dc04edfe0 JavaThread "process reaper" daemon [_thread_blocked, id=404, stack(0x00007f5dac070000,0x00007f5dac092000)]
  0x00007f5dc05e66b0 JavaThread "Active Thread: Equinox Container: 677e065c-78cd-475b-a4b4-882a0ffd3cb6" [_thread_blocked, id=442, stack(0x00007f5da41f6000,0x00007f5da42f6000)]
  0x00007f5dc0644cd0 JavaThread "Framework Event Dispatcher: Equinox Container: 677e065c-78cd-475b-a4b4-882a0ffd3cb6" daemon [_thread_blocked, id=444, stack(0x00007f5da40f6000,0x00007f5da41f6000)]
  0x00007f5dc0647750 JavaThread "Start Level: Equinox Container: 677e065c-78cd-475b-a4b4-882a0ffd3cb6" daemon [_thread_blocked, id=446, stack(0x00007f5d47f00000,0x00007f5d48000000)]
  0x00007f5d40033830 JavaThread "SCR Component Actor" daemon [_thread_blocked, id=448, stack(0x00007f5d47b00000,0x00007f5d47c00000)]
  0x00007f5d4028ce10 JavaThread "Worker-JM" [_thread_blocked, id=482, stack(0x00007f5da51fe000,0x00007f5da52fe000)]
  0x00007f5d40340d80 JavaThread "Worker-0" [_thread_blocked, id=499, stack(0x00007f5d478fe000,0x00007f5d479fe000)]
  0x00007f5d4034c1e0 JavaThread "Worker-1" [_thread_blocked, id=501, stack(0x00007f5d46f00000,0x00007f5d47000000)]
  0x00007f5d408c6ee0 JavaThread "Java indexing" daemon [_thread_blocked, id=509, stack(0x00007f5d46d00000,0x00007f5d46e00000)]
  0x00007f5dc06fddc0 JavaThread "pool-2-thread-1" [_thread_blocked, id=514, stack(0x00007f5d460b4000,0x00007f5d461b4000)]
  0x00007f5dc07c11a0 JavaThread "pool-1-thread-1" [_thread_blocked, id=516, stack(0x00007f5d46300000,0x00007f5d46400000)]
  0x00007f5d3401b990 JavaThread "Worker-2" [_thread_blocked, id=517, stack(0x00007f5d46200000,0x00007f5d46300000)]
  0x00007f5d1c000ff0 JavaThread "Worker-3" [_thread_blocked, id=518, stack(0x00007f5d45700000,0x00007f5d45800000)]
  0x00007f5d1816d1f0 JavaThread "ForkJoinPool.commonPool-worker-1" daemon [_thread_blocked, id=543, stack(0x00007f5d45600000,0x00007f5d45700000)]
  0x00007f5d140c8c00 JavaThread "ForkJoinPool.commonPool-worker-2" daemon [_thread_blocked, id=545, stack(0x00007f5d45500000,0x00007f5d45600000)]
  0x00007f5d811d42d0 JavaThread "C2 CompilerThread1" daemon [_thread_blocked, id=556, stack(0x00007f5d46c00000,0x00007f5d46d00000)]
  0x00007f5d811d4ec0 JavaThread "C2 CompilerThread2" daemon [_thread_in_native, id=557, stack(0x00007f5d46e00000,0x00007f5d46f00000)]

Other Threads:
  0x00007f5dc01d77d0 VMThread "VM Thread" [stack: 0x00007f5da61eb000,0x00007f5da62eb000] [id=374]
  0x00007f5dc0072820 WatcherThread [stack: 0x00007f5da5300000,0x00007f5da5400000] [id=396]
  0x00007f5dc003f3b0 GCTaskThread "GC Thread#0" [stack: 0x00007f5dc47ef000,0x00007f5dc48ef000] [id=371]
  0x00007f5da0001250 GCTaskThread "GC Thread#1" [stack: 0x00007f5da50fe000,0x00007f5da51fe000] [id=407]
=>0x00007f5da0003140 GCTaskThread "GC Thread#2" [stack: 0x00007f5da4700000,0x00007f5da4800000] [id=409]
  0x00007f5da0003af0 GCTaskThread "GC Thread#3" [stack: 0x00007f5da45fe000,0x00007f5da46fe000] [id=410]
  0x00007f5da00044a0 GCTaskThread "GC Thread#4" [stack: 0x00007f5da44fc000,0x00007f5da45fc000] [id=411]
  0x00007f5da0004e50 GCTaskThread "GC Thread#5" [stack: 0x00007f5da43fa000,0x00007f5da44fa000] [id=412]
  0x00007f5da0005800 GCTaskThread "GC Thread#6" [stack: 0x00007f5da42f8000,0x00007f5da43f8000] [id=413]
  0x00007f5da0006cd0 GCTaskThread "GC Thread#7" [stack: 0x00007f5d47a00000,0x00007f5d47b00000] [id=452]

Threads with active compile tasks:
C2 CompilerThread0    19903 6627       4       java.util.HashMap::putVal (300 bytes)
C2 CompilerThread1    19903 6631       4       org.eclipse.jdt.internal.core.AbstractClassFile::hashCode (18 bytes)
C2 CompilerThread2    19903 6497       4       org.eclipse.jdt.internal.compiler.parser.Parser::consumeRule (7834 bytes)

VM state: at safepoint (normal execution)

VM Mutex/Monitor currently owned by a thread:  ([mutex/lock_event])
[0x00007f5dc00249b0] Threads_lock - owner thread: 0x00007f5dc01d77d0
[0x00007f5dc0025160] Heap_lock - owner thread: 0x00007f5dc07c11a0

Heap address: 0x00000000c0000000, size: 1024 MB, Compressed Oops mode: 32-bit

CDS archive(s) not mapped
Compressed class space mapped at: 0x0000000100000000-0x0000000140000000, reserved size: 1073741824
Narrow klass base: 0x0000000000000000, Narrow klass shift: 3, Narrow klass range: 0x140000000

GC Precious Log:
 CPUs: 8 total, 8 available
 Memory: 7877M
 Large Page Support: Disabled
 NUMA Support: Disabled
 Compressed Oops: Enabled (32-bit)
 Alignments: Space 512K, Generation 512K, Heap 2M
 Heap Min Capacity: 100M
 Heap Initial Capacity: 100M
 Heap Max Capacity: 1G
 Pre-touch: Disabled
 Parallel Workers: 8

Heap:
 PSYoungGen      total 10752K, used 10752K [0x00000000eab00000, 0x00000000ebe80000, 0x0000000100000000)
  eden space 6656K, 100% used [0x00000000eab00000,0x00000000eb180000,0x00000000eb180000)
  from space 4096K, 100% used [0x00000000eba80000,0x00000000ebe80000,0x00000000ebe80000)
  to   space 5632K, 18% used [0x00000000eb380000,0x00000000eb485650,0x00000000eb900000)
 ParOldGen       total 119296K, used 77363K [0x00000000c0000000, 0x00000000c7480000, 0x00000000eab00000)
  object space 119296K, 64% used [0x00000000c0000000,0x00000000c4b8cf30,0x00000000c7480000)
 Metaspace       used 58626K, committed 59456K, reserved 1105920K
  class space    used 6226K, committed 6592K, reserved 1048576K

Card table byte_map: [0x00007f5dc48ef000,0x00007f5dc4af0000] _byte_map_base: 0x00007f5dc42ef000

Marking Bits: (ParMarkBitMap*) 0x00007f5dc6236780
 Begin Bits: [0x00007f5dac3ec000, 0x00007f5dad3ec000)
 End Bits:   [0x00007f5dad3ec000, 0x00007f5dae3ec000)

Polling page: 0x00007f5dc64c8000

Metaspace:

Usage:
  Non-class:     51.17 MB used.
      Class:      6.08 MB used.
       Both:     57.25 MB used.

Virtual space:
  Non-class space:       56.00 MB reserved,      51.62 MB ( 92%) committed,  7 nodes.
      Class space:        1.00 GB reserved,       6.44 MB ( <1%) committed,  1 nodes.
             Both:        1.05 GB reserved,      58.06 MB (  5%) committed. 

Chunk freelists:
   Non-Class:  3.62 MB
       Class:  1.44 MB
        Both:  5.07 MB

MaxMetaspaceSize: unlimited
CompressedClassSpaceSize: 1.00 GB
Initial GC threshold: 21.00 MB
Current GC threshold: 96.69 MB
CDS: off
MetaspaceReclaimPolicy: balanced
 - commit_granule_bytes: 65536.
 - commit_granule_words: 8192.
 - virtual_space_node_default_size: 1048576.
 - enlarge_chunks_in_place: 1.
 - new_chunks_are_fully_committed: 0.
 - uncommit_free_chunks: 1.
 - use_allocation_guard: 0.
 - handle_deallocations: 1.


Internal statistics:

num_allocs_failed_limit: 8.
num_arena_births: 414.
num_arena_deaths: 14.
num_vsnodes_births: 8.
num_vsnodes_deaths: 0.
num_space_committed: 929.
num_space_uncommitted: 0.
num_chunks_returned_to_freelist: 22.
num_chunks_taken_from_freelist: 2548.
num_chunk_merges: 12.
num_chunk_splits: 1687.
num_chunks_enlarged: 1129.
num_purges: 2.
num_inconsistent_stats: 0.

CodeHeap 'non-profiled nmethods': size=120028Kb used=3441Kb max_used=3441Kb free=116586Kb
 bounds [0x00007f5db5eb5000, 0x00007f5db6215000, 0x00007f5dbd3ec000]
CodeHeap 'profiled nmethods': size=120028Kb used=11983Kb max_used=11983Kb free=108044Kb
 bounds [0x00007f5dae3ec000, 0x00007f5daefac000, 0x00007f5db5923000]
CodeHeap 'non-nmethods': size=5704Kb used=1370Kb max_used=1411Kb free=4334Kb
 bounds [0x00007f5db5923000, 0x00007f5db5b93000, 0x00007f5db5eb5000]
 total_blobs=6473 nmethods=5816 adapters=568
 compilation: enabled
              stopped_count=0, restarted_count=0
 full_count=0

Compilation events (20 events):
Event: 19.882 Thread 0x00007f5dc0219b20 6639       3       org.eclipse.jdt.internal.compiler.lookup.VariableBinding::<init> (47 bytes)
Event: 19.882 Thread 0x00007f5dc0219b20 nmethod 6639 0x00007f5daef9cf90 code [0x00007f5daef9d140, 0x00007f5daef9d3b0]
Event: 19.882 Thread 0x00007f5dc0219b20 6641       1       org.eclipse.jdt.internal.compiler.classfmt.ElementValuePairInfo::getValue (5 bytes)
Event: 19.883 Thread 0x00007f5dc0219b20 nmethod 6641 0x00007f5db620f490 code [0x00007f5db620f620, 0x00007f5db620f6f0]
Event: 19.883 Thread 0x00007f5dc0219b20 6647 %     3       org.eclipse.jdt.internal.core.ClassFile::translatedName @ 18 (50 bytes)
Event: 19.883 Thread 0x00007f5dc0219b20 nmethod 6647% 0x00007f5daef9d510 code [0x00007f5daef9d6e0, 0x00007f5daef9dad0]
Event: 19.883 Thread 0x00007f5dc0219b20 6646       3       java.lang.AbstractStringBuilder::getChars (61 bytes)
Event: 19.884 Thread 0x00007f5dc0219b20 nmethod 6646 0x00007f5daef9dd10 code [0x00007f5daef9df00, 0x00007f5daef9e270]
Event: 19.884 Thread 0x00007f5dc0219b20 6636       3       java.lang.AbstractStringBuilder::checkRangeSIOOBE (63 bytes)
Event: 19.884 Thread 0x00007f5dc0219b20 nmethod 6636 0x00007f5daef9e410 code [0x00007f5daef9e6a0, 0x00007f5daef9efb0]
Event: 19.884 Thread 0x00007f5dc0219b20 6649       1       org.eclipse.jdt.internal.compiler.classfmt.ElementValuePairInfo::getName (5 bytes)
Event: 19.884 Thread 0x00007f5dc0219b20 nmethod 6649 0x00007f5db620f790 code [0x00007f5db620f920, 0x00007f5db620f9f0]
Event: 19.884 Thread 0x00007f5dc0219b20 6643       1       org.eclipse.jdt.internal.compiler.env.IBinaryAnnotation::isExternalAnnotation (2 bytes)
Event: 19.885 Thread 0x00007f5dc0219b20 nmethod 6643 0x00007f5db620fa90 code [0x00007f5db620fc20, 0x00007f5db620fcf0]
Event: 19.885 Thread 0x00007f5dc0219b20 6644       3       java.nio.channels.spi.AbstractInterruptibleChannel::blockedOn (10 bytes)
Event: 19.885 Thread 0x00007f5dc0219b20 nmethod 6644 0x00007f5daef9f390 code [0x00007f5daef9f540, 0x00007f5daef9f760]
Event: 19.885 Thread 0x00007f5dc0219b20 6640       3       org.eclipse.jdt.internal.compiler.lookup.FieldBinding::<init> (21 bytes)
Event: 19.885 Thread 0x00007f5dc0219b20 nmethod 6640 0x00007f5daef9f890 code [0x00007f5daef9fa40, 0x00007f5daef9fbc0]
Event: 19.885 Thread 0x00007f5dc0219b20 6650       1       org.eclipse.jdt.internal.compiler.lookup.TypeBinding::getTypeAnnotations (5 bytes)
Event: 19.885 Thread 0x00007f5dc0219b20 nmethod 6650 0x00007f5db620fd90 code [0x00007f5db620ff20, 0x00007f5db620fff0]

GC Heap History (20 events):
Event: 9.005 GC heap after
{Heap after GC invocations=27 (full 2):
 PSYoungGen      total 24576K, used 960K [0x00000000eab00000, 0x00000000ec480000, 0x0000000100000000)
  eden space 22016K, 0% used [0x00000000eab00000,0x00000000eab00000,0x00000000ec080000)
  from space 2560K, 37% used [0x00000000ec080000,0x00000000ec170000,0x00000000ec300000)
  to   space 1536K, 0% used [0x00000000ec300000,0x00000000ec300000,0x00000000ec480000)
 ParOldGen       total 68608K, used 32576K [0x00000000c0000000, 0x00000000c4300000, 0x00000000eab00000)
  object space 68608K, 47% used [0x00000000c0000000,0x00000000c1fd0338,0x00000000c4300000)
 Metaspace       used 58043K, committed 58880K, reserved 1105920K
  class space    used 6170K, committed 6528K, reserved 1048576K
}
Event: 9.213 GC heap before
{Heap before GC invocations=28 (full 2):
 PSYoungGen      total 24576K, used 19177K [0x00000000eab00000, 0x00000000ec480000, 0x0000000100000000)
  eden space 22016K, 82% used [0x00000000eab00000,0x00000000ebcca4c0,0x00000000ec080000)
  from space 2560K, 37% used [0x00000000ec080000,0x00000000ec170000,0x00000000ec300000)
  to   space 1536K, 0% used [0x00000000ec300000,0x00000000ec300000,0x00000000ec480000)
 ParOldGen       total 68608K, used 32576K [0x00000000c0000000, 0x00000000c4300000, 0x00000000eab00000)
  object space 68608K, 47% used [0x00000000c0000000,0x00000000c1fd0338,0x00000000c4300000)
 Metaspace       used 58497K, committed 59328K, reserved 1105920K
  class space    used 6220K, committed 6592K, reserved 1048576K
}
Event: 9.217 GC heap after
{Heap after GC invocations=28 (full 2):
 PSYoungGen      total 22528K, used 512K [0x00000000eab00000, 0x00000000ec380000, 0x0000000100000000)
  eden space 22016K, 0% used [0x00000000eab00000,0x00000000eab00000,0x00000000ec080000)
  from space 512K, 100% used [0x00000000ec300000,0x00000000ec380000,0x00000000ec380000)
  to   space 1024K, 0% used [0x00000000ec180000,0x00000000ec180000,0x00000000ec280000)
 ParOldGen       total 68608K, used 39842K [0x00000000c0000000, 0x00000000c4300000, 0x00000000eab00000)
  object space 68608K, 58% used [0x00000000c0000000,0x00000000c26e8890,0x00000000c4300000)
 Metaspace       used 58497K, committed 59328K, reserved 1105920K
  class space    used 6220K, committed 6592K, reserved 1048576K
}
Event: 9.270 GC heap before
{Heap before GC invocations=29 (full 3):
 PSYoungGen      total 22528K, used 22528K [0x00000000eab00000, 0x00000000ec380000, 0x0000000100000000)
  eden space 22016K, 100% used [0x00000000eab00000,0x00000000ec080000,0x00000000ec080000)
  from space 512K, 100% used [0x00000000ec300000,0x00000000ec380000,0x00000000ec380000)
  to   space 1024K, 0% used [0x00000000ec180000,0x00000000ec180000,0x00000000ec280000)
 ParOldGen       total 68608K, used 66171K [0x00000000c0000000, 0x00000000c4300000, 0x00000000eab00000)
  object space 68608K, 96% used [0x00000000c0000000,0x00000000c409ee40,0x00000000c4300000)
 Metaspace       used 58504K, committed 59392K, reserved 1105920K
  class space    used 6221K, committed 6592K, reserved 1048576K
}
Event: 9.328 GC heap after
{Heap after GC invocations=29 (full 3):
 PSYoungGen      total 23040K, used 0K [0x00000000eab00000, 0x00000000ec380000, 0x0000000100000000)
  eden space 22016K, 0% used [0x00000000eab00000,0x00000000eab00000,0x00000000ec080000)
  from space 1024K, 0% used [0x00000000ec180000,0x00000000ec180000,0x00000000ec280000)
  to   space 1024K, 0% used [0x00000000ec280000,0x00000000ec280000,0x00000000ec380000)
 ParOldGen       total 79872K, used 46165K [0x00000000c0000000, 0x00000000c4e00000, 0x00000000eab00000)
  object space 79872K, 57% used [0x00000000c0000000,0x00000000c2d15730,0x00000000c4e00000)
 Metaspace       used 58504K, committed 59392K, reserved 1105920K
  class space    used 6221K, committed 6592K, reserved 1048576K
}
Event: 9.396 GC heap before
{Heap before GC invocations=30 (full 3):
 PSYoungGen      total 23040K, used 22016K [0x00000000eab00000, 0x00000000ec380000, 0x0000000100000000)
  eden space 22016K, 100% used [0x00000000eab00000,0x00000000ec080000,0x00000000ec080000)
  from space 1024K, 0% used [0x00000000ec180000,0x00000000ec180000,0x00000000ec280000)
  to   space 1024K, 0% used [0x00000000ec280000,0x00000000ec280000,0x00000000ec380000)
 ParOldGen       total 79872K, used 46165K [0x00000000c0000000, 0x00000000c4e00000, 0x00000000eab00000)
  object space 79872K, 57% used [0x00000000c0000000,0x00000000c2d15730,0x00000000c4e00000)
 Metaspace       used 58504K, committed 59392K, reserved 1105920K
  class space    used 6221K, committed 6592K, reserved 1048576K
}
Event: 9.405 GC heap after
{Heap after GC invocations=30 (full 3):
 PSYoungGen      total 6656K, used 1024K [0x00000000eab00000, 0x00000000ee400000, 0x0000000100000000)
  eden space 5632K, 0% used [0x00000000eab00000,0x00000000eab00000,0x00000000eb080000)
  from space 1024K, 100% used [0x00000000ec280000,0x00000000ec380000,0x00000000ec380000)
  to   space 18432K, 0% used [0x00000000eb080000,0x00000000eb080000,0x00000000ec280000)
 ParOldGen       total 79872K, used 60725K [0x00000000c0000000, 0x00000000c4e00000, 0x00000000eab00000)
  object space 79872K, 76% used [0x00000000c0000000,0x00000000c3b4d730,0x00000000c4e00000)
 Metaspace       used 58504K, committed 59392K, reserved 1105920K
  class space    used 6221K, committed 6592K, reserved 1048576K
}
Event: 9.417 GC heap before
{Heap before GC invocations=31 (full 3):
 PSYoungGen      total 6656K, used 6656K [0x00000000eab00000, 0x00000000ee400000, 0x0000000100000000)
  eden space 5632K, 100% used [0x00000000eab00000,0x00000000eb080000,0x00000000eb080000)
  from space 1024K, 100% used [0x00000000ec280000,0x00000000ec380000,0x00000000ec380000)
  to   space 18432K, 0% used [0x00000000eb080000,0x00000000eb080000,0x00000000ec280000)
 ParOldGen       total 79872K, used 60725K [0x00000000c0000000, 0x00000000c4e00000, 0x00000000eab00000)
  object space 79872K, 76% used [0x00000000c0000000,0x00000000c3b4d730,0x00000000c4e00000)
 Metaspace       used 58504K, committed 59392K, reserved 1105920K
  class space    used 6221K, committed 6592K, reserved 1048576K
}
Event: 9.420 GC heap after
{Heap after GC invocations=31 (full 3):
 PSYoungGen      total 9728K, used 4032K [0x00000000eab00000, 0x00000000ec300000, 0x0000000100000000)
  eden space 5632K, 0% used [0x00000000eab00000,0x00000000eab00000,0x00000000eb080000)
  from space 4096K, 98% used [0x00000000eb080000,0x00000000eb470000,0x00000000eb480000)
  to   space 8192K, 0% used [0x00000000ebb00000,0x00000000ebb00000,0x00000000ec300000)
 ParOldGen       total 79872K, used 61765K [0x00000000c0000000, 0x00000000c4e00000, 0x00000000eab00000)
  object space 79872K, 77% used [0x00000000c0000000,0x00000000c3c51730,0x00000000c4e00000)
 Metaspace       used 58504K, committed 59392K, reserved 1105920K
  class space    used 6221K, committed 6592K, reserved 1048576K
}
Event: 9.431 GC heap before
{Heap before GC invocations=32 (full 3):
 PSYoungGen      total 9728K, used 9664K [0x00000000eab00000, 0x00000000ec300000, 0x0000000100000000)
  eden space 5632K, 100% used [0x00000000eab00000,0x00000000eb080000,0x00000000eb080000)
  from space 4096K, 98% used [0x00000000eb080000,0x00000000eb470000,0x00000000eb480000)
  to   space 8192K, 0% used [0x00000000ebb00000,0x00000000ebb00000,0x00000000ec300000)
 ParOldGen       total 79872K, used 61765K [0x00000000c0000000, 0x00000000c4e00000, 0x00000000eab00000)
  object space 79872K, 77% used [0x00000000c0000000,0x00000000c3c51730,0x00000000c4e00000)
 Metaspace       used 58504K, committed 59392K, reserved 1105920K
  class space    used 6221K, committed 6592K, reserved 1048576K
}
Event: 9.435 GC heap after
{Heap after GC invocations=32 (full 3):
 PSYoungGen      total 9728K, used 3968K [0x00000000eab00000, 0x00000000ebf00000, 0x0000000100000000)
  eden space 5632K, 0% used [0x00000000eab00000,0x00000000eab00000,0x00000000eb080000)
  from space 4096K, 96% used [0x00000000ebb00000,0x00000000ebee0000,0x00000000ebf00000)
  to   space 5120K, 0% used [0x00000000eb500000,0x00000000eb500000,0x00000000eba00000)
 ParOldGen       total 79872K, used 65733K [0x00000000c0000000, 0x00000000c4e00000, 0x00000000eab00000)
  object space 79872K, 82% used [0x00000000c0000000,0x00000000c4031730,0x00000000c4e00000)
 Metaspace       used 58504K, committed 59392K, reserved 1105920K
  class space    used 6221K, committed 6592K, reserved 1048576K
}
Event: 9.443 GC heap before
{Heap before GC invocations=33 (full 3):
 PSYoungGen      total 9728K, used 9600K [0x00000000eab00000, 0x00000000ebf00000, 0x0000000100000000)
  eden space 5632K, 100% used [0x00000000eab00000,0x00000000eb080000,0x00000000eb080000)
  from space 4096K, 96% used [0x00000000ebb00000,0x00000000ebee0000,0x00000000ebf00000)
  to   space 5120K, 0% used [0x00000000eb500000,0x00000000eb500000,0x00000000eba00000)
 ParOldGen       total 79872K, used 65733K [0x00000000c0000000, 0x00000000c4e00000, 0x00000000eab00000)
  object space 79872K, 82% used [0x00000000c0000000,0x00000000c4031730,0x00000000c4e00000)
 Metaspace       used 58504K, committed 59392K, reserved 1105920K
  class space    used 6221K, committed 6592K, reserved 1048576K
}
Event: 9.447 GC heap after
{Heap after GC invocations=33 (full 3):
 PSYoungGen      total 9728K, used 4032K [0x00000000eab00000, 0x00000000ebb80000, 0x0000000100000000)
  eden space 5632K, 0% used [0x00000000eab00000,0x00000000eab00000,0x00000000eb080000)
  from space 4096K, 98% used [0x00000000eb500000,0x00000000eb8f0000,0x00000000eb900000)
  to   space 2560K, 0% used [0x00000000eb900000,0x00000000eb900000,0x00000000ebb80000)
 ParOldGen       total 79872K, used 69701K [0x00000000c0000000, 0x00000000c4e00000, 0x00000000eab00000)
  object space 79872K, 87% used [0x00000000c0000000,0x00000000c4411730,0x00000000c4e00000)
 Metaspace       used 58504K, committed 59392K, reserved 1105920K
  class space    used 6221K, committed 6592K, reserved 1048576K
}
Event: 9.457 GC heap before
{Heap before GC invocations=34 (full 3):
 PSYoungGen      total 9728K, used 9664K [0x00000000eab00000, 0x00000000ebb80000, 0x0000000100000000)
  eden space 5632K, 100% used [0x00000000eab00000,0x00000000eb080000,0x00000000eb080000)
  from space 4096K, 98% used [0x00000000eb500000,0x00000000eb8f0000,0x00000000eb900000)
  to   space 2560K, 0% used [0x00000000eb900000,0x00000000eb900000,0x00000000ebb80000)
 ParOldGen       total 79872K, used 69701K [0x00000000c0000000, 0x00000000c4e00000, 0x00000000eab00000)
  object space 79872K, 87% used [0x00000000c0000000,0x00000000c4411730,0x00000000c4e00000)
 Metaspace       used 58504K, committed 59392K, reserved 1105920K
  class space    used 6221K, committed 6592K, reserved 1048576K
}
Event: 9.462 GC heap after
{Heap after GC invocations=34 (full 3):
 PSYoungGen      total 8192K, used 2560K [0x00000000eab00000, 0x00000000ec380000, 0x0000000100000000)
  eden space 5632K, 0% used [0x00000000eab00000,0x00000000eab00000,0x00000000eb080000)
  from space 2560K, 100% used [0x00000000eb900000,0x00000000ebb80000,0x00000000ebb80000)
  to   space 8704K, 0% used [0x00000000eb080000,0x00000000eb080000,0x00000000eb900000)
 ParOldGen       total 79872K, used 75029K [0x00000000c0000000, 0x00000000c4e00000, 0x00000000eab00000)
  object space 79872K, 93% used [0x00000000c0000000,0x00000000c4945730,0x00000000c4e00000)
 Metaspace       used 58504K, committed 59392K, reserved 1105920K
  class space    used 6221K, committed 6592K, reserved 1048576K
}
Event: 9.462 GC heap before
{Heap before GC invocations=35 (full 4):
 PSYoungGen      total 8192K, used 2560K [0x00000000eab00000, 0x00000000ec380000, 0x0000000100000000)
  eden space 5632K, 0% used [0x00000000eab00000,0x00000000eab00000,0x00000000eb080000)
  from space 2560K, 100% used [0x00000000eb900000,0x00000000ebb80000,0x00000000ebb80000)
  to   space 8704K, 0% used [0x00000000eb080000,0x00000000eb080000,0x00000000eb900000)
 ParOldGen       total 79872K, used 75029K [0x00000000c0000000, 0x00000000c4e00000, 0x00000000eab00000)
  object space 79872K, 93% used [0x00000000c0000000,0x00000000c4945730,0x00000000c4e00000)
 Metaspace       used 58504K, committed 59392K, reserved 1105920K
  class space    used 6221K, committed 6592K, reserved 1048576K
}
Event: 9.529 GC heap after
{Heap after GC invocations=35 (full 4):
 PSYoungGen      total 14336K, used 0K [0x00000000eab00000, 0x00000000ec300000, 0x0000000100000000)
  eden space 5632K, 0% used [0x00000000eab00000,0x00000000eab00000,0x00000000eb080000)
  from space 8704K, 0% used [0x00000000eb080000,0x00000000eb080000,0x00000000eb900000)
  to   space 8704K, 0% used [0x00000000eba80000,0x00000000eba80000,0x00000000ec300000)
 ParOldGen       total 119296K, used 77363K [0x00000000c0000000, 0x00000000c7480000, 0x00000000eab00000)
  object space 119296K, 64% used [0x00000000c0000000,0x00000000c4b8cf30,0x00000000c7480000)
 Metaspace       used 58504K, committed 59392K, reserved 1105920K
  class space    used 6221K, committed 6592K, reserved 1048576K
}
Event: 9.536 GC heap before
{Heap before GC invocations=36 (full 4):
 PSYoungGen      total 14336K, used 5632K [0x00000000eab00000, 0x00000000ec300000, 0x0000000100000000)
  eden space 5632K, 100% used [0x00000000eab00000,0x00000000eb080000,0x00000000eb080000)
  from space 8704K, 0% used [0x00000000eb080000,0x00000000eb080000,0x00000000eb900000)
  to   space 8704K, 0% used [0x00000000eba80000,0x00000000eba80000,0x00000000ec300000)
 ParOldGen       total 119296K, used 77363K [0x00000000c0000000, 0x00000000c7480000, 0x00000000eab00000)
  object space 119296K, 64% used [0x00000000c0000000,0x00000000c4b8cf30,0x00000000c7480000)
 Metaspace       used 58504K, committed 59392K, reserved 1105920K
  class space    used 6221K, committed 6592K, reserved 1048576K
}
Event: 9.540 GC heap after
{Heap after GC invocations=36 (full 4):
 PSYoungGen      total 10752K, used 4096K [0x00000000eab00000, 0x00000000ebe80000, 0x0000000100000000)
  eden space 6656K, 0% used [0x00000000eab00000,0x00000000eab00000,0x00000000eb180000)
  from space 4096K, 100% used [0x00000000eba80000,0x00000000ebe80000,0x00000000ebe80000)
  to   space 5632K, 0% used [0x00000000eb380000,0x00000000eb380000,0x00000000eb900000)
 ParOldGen       total 119296K, used 77363K [0x00000000c0000000, 0x00000000c7480000, 0x00000000eab00000)
  object space 119296K, 64% used [0x00000000c0000000,0x00000000c4b8cf30,0x00000000c7480000)
 Metaspace       used 58504K, committed 59392K, reserved 1105920K
  class space    used 6221K, committed 6592K, reserved 1048576K
}
Event: 19.886 GC heap before
{Heap before GC invocations=37 (full 4):
 PSYoungGen      total 10752K, used 10752K [0x00000000eab00000, 0x00000000ebe80000, 0x0000000100000000)
  eden space 6656K, 100% used [0x00000000eab00000,0x00000000eb180000,0x00000000eb180000)
  from space 4096K, 100% used [0x00000000eba80000,0x00000000ebe80000,0x00000000ebe80000)
  to   space 5632K, 0% used [0x00000000eb380000,0x00000000eb380000,0x00000000eb900000)
 ParOldGen       total 119296K, used 77363K [0x00000000c0000000, 0x00000000c7480000, 0x00000000eab00000)
  object space 119296K, 64% used [0x00000000c0000000,0x00000000c4b8cf30,0x00000000c7480000)
 Metaspace       used 58626K, committed 59456K, reserved 1105920K
  class space    used 6226K, committed 6592K, reserved 1048576K
}

Dll operation events (11 events):
Event: 0.005 Loaded shared library /home/matheus/.vscode-server/extensions/redhat.java-1.16.0-linux-x64/jre/17.0.6-linux-x86_64/lib/libjava.so
Event: 0.231 Loaded shared library /home/matheus/.vscode-server/extensions/redhat.java-1.16.0-linux-x64/jre/17.0.6-linux-x86_64/lib/libzip.so
Event: 0.237 Loaded shared library /home/matheus/.vscode-server/extensions/redhat.java-1.16.0-linux-x64/jre/17.0.6-linux-x86_64/lib/libinstrument.so
Event: 0.263 Loaded shared library /home/matheus/.vscode-server/extensions/redhat.java-1.16.0-linux-x64/jre/17.0.6-linux-x86_64/lib/libnio.so
Event: 0.273 Loaded shared library /home/matheus/.vscode-server/extensions/redhat.java-1.16.0-linux-x64/jre/17.0.6-linux-x86_64/lib/libzip.so
Event: 0.293 Loaded shared library /home/matheus/.vscode-server/extensions/redhat.java-1.16.0-linux-x64/jre/17.0.6-linux-x86_64/lib/libjimage.so
Event: 0.340 Loaded shared library /home/matheus/.vscode-server/extensions/redhat.java-1.16.0-linux-x64/jre/17.0.6-linux-x86_64/lib/libverify.so
Event: 1.172 Loaded shared library /home/matheus/.vscode-server/extensions/redhat.java-1.16.0-linux-x64/jre/17.0.6-linux-x86_64/lib/libnet.so
Event: 1.753 Loaded shared library /home/matheus/.vscode-server/data/User/globalStorage/redhat.java/1.16.0/config_linux/org.eclipse.equinox.launcher/org.eclipse.equinox.launcher.gtk.linux.x86_64_1.2.700.v20221108-1024/eclipse_11801.so
Event: 4.064 Loaded shared library /home/matheus/.vscode-server/extensions/redhat.java-1.16.0-linux-x64/jre/17.0.6-linux-x86_64/lib/libmanagement.so
Event: 4.069 Loaded shared library /home/matheus/.vscode-server/extensions/redhat.java-1.16.0-linux-x64/jre/17.0.6-linux-x86_64/lib/libmanagement_ext.so

Deoptimization events (20 events):
Event: 19.770 Thread 0x00007f5dc07c11a0 DEOPT PACKING pc=0x00007f5db61b67e4 sp=0x00007f5d463fcda0
Event: 19.770 Thread 0x00007f5dc07c11a0 DEOPT UNPACKING pc=0x00007f5db5979399 sp=0x00007f5d463fcd50 mode 2
Event: 19.770 Thread 0x00007f5dc07c11a0 Uncommon trap: trap_request=0xffffffde fr.pc=0x00007f5db61b67e4 relative=0x00000000000004c4
Event: 19.770 Thread 0x00007f5dc07c11a0 Uncommon trap: reason=class_check action=maybe_recompile pc=0x00007f5db61b67e4 method=org.eclipse.jdt.internal.compiler.parser.Parser.consumeRule(I)V @ 4309 c2
Event: 19.770 Thread 0x00007f5dc07c11a0 DEOPT PACKING pc=0x00007f5db61b67e4 sp=0x00007f5d463fcda0
Event: 19.770 Thread 0x00007f5dc07c11a0 DEOPT UNPACKING pc=0x00007f5db5979399 sp=0x00007f5d463fcd50 mode 2
Event: 19.770 Thread 0x00007f5dc07c11a0 Uncommon trap: trap_request=0xffffffde fr.pc=0x00007f5db61b67e4 relative=0x00000000000004c4
Event: 19.770 Thread 0x00007f5dc07c11a0 Uncommon trap: reason=class_check action=maybe_recompile pc=0x00007f5db61b67e4 method=org.eclipse.jdt.internal.compiler.parser.Parser.consumeRule(I)V @ 4309 c2
Event: 19.770 Thread 0x00007f5dc07c11a0 DEOPT PACKING pc=0x00007f5db61b67e4 sp=0x00007f5d463fcda0
Event: 19.770 Thread 0x00007f5dc07c11a0 DEOPT UNPACKING pc=0x00007f5db5979399 sp=0x00007f5d463fcd50 mode 2
Event: 19.770 Thread 0x00007f5dc07c11a0 Uncommon trap: trap_request=0xffffffde fr.pc=0x00007f5db61b67e4 relative=0x00000000000004c4
Event: 19.770 Thread 0x00007f5dc07c11a0 Uncommon trap: reason=class_check action=maybe_recompile pc=0x00007f5db61b67e4 method=org.eclipse.jdt.internal.compiler.parser.Parser.consumeRule(I)V @ 4309 c2
Event: 19.770 Thread 0x00007f5dc07c11a0 DEOPT PACKING pc=0x00007f5db61b67e4 sp=0x00007f5d463fcda0
Event: 19.770 Thread 0x00007f5dc07c11a0 DEOPT UNPACKING pc=0x00007f5db5979399 sp=0x00007f5d463fcd50 mode 2
Event: 19.784 Thread 0x00007f5dc07c11a0 Uncommon trap: trap_request=0xffffff6e fr.pc=0x00007f5db5ef11f0 relative=0x00000000000003d0
Event: 19.784 Thread 0x00007f5dc07c11a0 Uncommon trap: reason=loop_limit_check action=maybe_recompile pc=0x00007f5db5ef11f0 method=org.eclipse.jdt.internal.compiler.classfmt.ClassFileStruct.utf8At(II)[C @ 143 c2
Event: 19.784 Thread 0x00007f5dc07c11a0 DEOPT PACKING pc=0x00007f5db5ef11f0 sp=0x00007f5d463fba80
Event: 19.784 Thread 0x00007f5dc07c11a0 DEOPT UNPACKING pc=0x00007f5db5979399 sp=0x00007f5d463fba38 mode 2
Event: 19.832 Thread 0x00007f5dc07c11a0 DEOPT PACKING pc=0x00007f5daea5d595 sp=0x00007f5d463fbe30
Event: 19.832 Thread 0x00007f5dc07c11a0 DEOPT UNPACKING pc=0x00007f5db5979b2f sp=0x00007f5d463fb2d8 mode 0

Classes unloaded (7 events):
Event: 3.023 Thread 0x00007f5dc01d77d0 Unloading class 0x000000010021e400 'java/lang/invoke/LambdaForm$MH+0x000000010021e400'
Event: 3.023 Thread 0x00007f5dc01d77d0 Unloading class 0x000000010021e000 'java/lang/invoke/LambdaForm$MH+0x000000010021e000'
Event: 3.023 Thread 0x00007f5dc01d77d0 Unloading class 0x000000010021dc00 'java/lang/invoke/LambdaForm$MH+0x000000010021dc00'
Event: 3.023 Thread 0x00007f5dc01d77d0 Unloading class 0x000000010021d400 'java/lang/invoke/LambdaForm$MH+0x000000010021d400'
Event: 3.023 Thread 0x00007f5dc01d77d0 Unloading class 0x000000010021d000 'java/lang/invoke/LambdaForm$BMH+0x000000010021d000'
Event: 3.023 Thread 0x00007f5dc01d77d0 Unloading class 0x000000010021cc00 'java/lang/invoke/LambdaForm$DMH+0x000000010021cc00'
Event: 3.023 Thread 0x00007f5dc01d77d0 Unloading class 0x000000010021a000 'java/lang/invoke/LambdaForm$DMH+0x000000010021a000'

Classes redefined (0 events):
No events

Internal exceptions (20 events):
Event: 9.138 Thread 0x00007f5d3401b990 Exception <a 'java/lang/NullPointerException'{0x00000000eb0fc5a0}> (0x00000000eb0fc5a0) 
thrown [src/hotspot/share/interpreter/linkResolver.cpp, line 1350]
Event: 9.138 Thread 0x00007f5d3401b990 Exception <a 'java/lang/NullPointerException'{0x00000000eb0fe670}> (0x00000000eb0fe670) 
thrown [src/hotspot/share/interpreter/linkResolver.cpp, line 1350]
Event: 9.138 Thread 0x00007f5d3401b990 Exception <a 'java/lang/NullPointerException'{0x00000000eb0ff2a8}> (0x00000000eb0ff2a8) 
thrown [src/hotspot/share/interpreter/linkResolver.cpp, line 1350]
Event: 9.138 Thread 0x00007f5d3401b990 Exception <a 'java/lang/NullPointerException'{0x00000000eb1a2638}> (0x00000000eb1a2638) 
thrown [src/hotspot/share/interpreter/linkResolver.cpp, line 1350]
Event: 9.146 Thread 0x00007f5d3401b990 Exception <a 'java/lang/NullPointerException'{0x00000000eb216400}> (0x00000000eb216400) 
thrown [src/hotspot/share/interpreter/linkResolver.cpp, line 1350]
Event: 9.146 Thread 0x00007f5d3401b990 Exception <a 'java/lang/NullPointerException'{0x00000000eb217008}> (0x00000000eb217008) 
thrown [src/hotspot/share/interpreter/linkResolver.cpp, line 1350]
Event: 9.146 Thread 0x00007f5d3401b990 Exception <a 'java/lang/NullPointerException'{0x00000000eb217770}> (0x00000000eb217770) 
thrown [src/hotspot/share/interpreter/linkResolver.cpp, line 1350]
Event: 19.760 Thread 0x00007f5dc07c11a0 Exception <a 'java/lang/NullPointerException'{0x00000000eac49e10}> (0x00000000eac49e10) 
thrown [src/hotspot/share/interpreter/linkResolver.cpp, line 1350]
Event: 19.762 Thread 0x00007f5dc07c11a0 Exception <a 'java/lang/NullPointerException'{0x00000000eac661c0}> (0x00000000eac661c0) 
thrown [src/hotspot/share/interpreter/linkResolver.cpp, line 1350]
Event: 19.762 Thread 0x00007f5dc07c11a0 Exception <a 'java/lang/NullPointerException'{0x00000000eac68948}> (0x00000000eac68948) 
thrown [src/hotspot/share/interpreter/linkResolver.cpp, line 1350]
Event: 19.762 Thread 0x00007f5dc07c11a0 Exception <a 'java/lang/NullPointerException'{0x00000000eac6a490}> (0x00000000eac6a490) 
thrown [src/hotspot/share/interpreter/linkResolver.cpp, line 1350]
Event: 19.762 Thread 0x00007f5dc07c11a0 Exception <a 'java/lang/NullPointerException'{0x00000000eac6e620}> (0x00000000eac6e620) 
thrown [src/hotspot/share/interpreter/linkResolver.cpp, line 1350]
Event: 19.762 Thread 0x00007f5dc07c11a0 Exception <a 'java/lang/NullPointerException'{0x00000000eac72298}> (0x00000000eac72298) 
thrown [src/hotspot/share/interpreter/linkResolver.cpp, line 1350]
Event: 19.769 Thread 0x00007f5dc07c11a0 Exception <a 'java/lang/NullPointerException'{0x00000000ead1bb90}> (0x00000000ead1bb90) 
thrown [src/hotspot/share/interpreter/linkResolver.cpp, line 1350]
Event: 19.777 Thread 0x00007f5dc07c11a0 Exception <a 'java/lang/NoSuchMethodError'{0x00000000ead72590}: 'int java.lang.invoke.DirectMethodHandle$Holder.invokeSpecialIFC(java.lang.Object, java.lang.Object, java.lang.Object)'> (0x00000000ead72590) 
thrown [src/hotspot/share/interpreter/linkResolver.cpp, line 758]
Event: 19.866 Thread 0x00007f5dc07c11a0 Exception <a 'java/lang/NullPointerException'{0x00000000eb0135f0}> (0x00000000eb0135f0) 
thrown [src/hotspot/share/interpreter/linkResolver.cpp, line 1350]
Event: 19.866 Thread 0x00007f5dc07c11a0 Exception <a 'java/lang/NullPointerException'{0x00000000eb014740}> (0x00000000eb014740) 
thrown [src/hotspot/share/interpreter/linkResolver.cpp, line 1350]
Event: 19.866 Thread 0x00007f5dc07c11a0 Exception <a 'java/lang/NullPointerException'{0x00000000eb0152f8}> (0x00000000eb0152f8) 
thrown [src/hotspot/share/interpreter/linkResolver.cpp, line 1350]
Event: 19.867 Thread 0x00007f5dc07c11a0 Exception <a 'java/lang/NullPointerException'{0x00000000eb016e50}> (0x00000000eb016e50) 
thrown [src/hotspot/share/interpreter/linkResolver.cpp, line 1350]
Event: 19.867 Thread 0x00007f5dc07c11a0 Exception <a 'java/lang/NullPointerException'{0x00000000eb018570}> (0x00000000eb018570) 
thrown [src/hotspot/share/interpreter/linkResolver.cpp, line 1350]

VM Operations (20 events):
Event: 9.141 Executing VM operation: HandshakeAllThreads done
Event: 9.213 Executing VM operation: ParallelGCFailedAllocation
Event: 9.217 Executing VM operation: ParallelGCFailedAllocation done
Event: 9.270 Executing VM operation: ParallelGCFailedAllocation
Event: 9.329 Executing VM operation: ParallelGCFailedAllocation done
Event: 9.396 Executing VM operation: ParallelGCFailedAllocation
Event: 9.405 Executing VM operation: ParallelGCFailedAllocation done
Event: 9.417 Executing VM operation: ParallelGCFailedAllocation
Event: 9.420 Executing VM operation: ParallelGCFailedAllocation done
Event: 9.431 Executing VM operation: ParallelGCFailedAllocation
Event: 9.435 Executing VM operation: ParallelGCFailedAllocation done
Event: 9.443 Executing VM operation: ParallelGCFailedAllocation
Event: 9.447 Executing VM operation: ParallelGCFailedAllocation done
Event: 9.457 Executing VM operation: ParallelGCFailedAllocation
Event: 9.529 Executing VM operation: ParallelGCFailedAllocation done
Event: 9.536 Executing VM operation: ParallelGCFailedAllocation
Event: 9.540 Executing VM operation: ParallelGCFailedAllocation done
Event: 10.540 Executing VM operation: Cleanup
Event: 10.540 Executing VM operation: Cleanup done
Event: 19.885 Executing VM operation: ParallelGCFailedAllocation

Events (20 events):
Event: 9.162 loading class com/sun/crypto/provider/Padding
Event: 9.162 loading class com/sun/crypto/provider/Padding done
Event: 9.162 loading class com/sun/crypto/provider/PKCS5Padding done
Event: 9.162 loading class com/sun/crypto/provider/CipherBlockChaining
Event: 9.162 loading class com/sun/crypto/provider/CipherBlockChaining done
Event: 9.162 loading class sun/security/jca/JCAUtil
Event: 9.162 loading class sun/security/jca/JCAUtil done
Event: 9.162 loading class javax/crypto/NullCipher
Event: 9.163 loading class javax/crypto/NullCipher done
Event: 9.163 loading class sun/security/util/ArrayUtil
Event: 9.163 loading class sun/security/util/ArrayUtil done
Event: 9.248 loading class java/util/zip/GZIPInputStream$1
Event: 9.248 loading class java/util/zip/GZIPInputStream$1 done
Event: 9.541 Thread 0x00007f5d140dbbd0 Thread exited: 0x00007f5d140dbbd0
Event: 9.668 Thread 0x00007f5d80abb450 Thread exited: 0x00007f5d80abb450
Event: 9.668 Thread 0x00007f5d802175c0 Thread exited: 0x00007f5d802175c0
Event: 19.767 Thread 0x00007f5d811d42d0 Thread added: 0x00007f5d811d42d0
Event: 19.767 Protecting memory [0x00007f5d46c00000,0x00007f5d46c04000] with protection modes 0
Event: 19.768 Thread 0x00007f5d811d4ec0 Thread added: 0x00007f5d811d4ec0
Event: 19.769 Protecting memory [0x00007f5d46e00000,0x00007f5d46e04000] with protection modes 0


Dynamic libraries:
c0000000-c7480000 rw-p 00000000 00:00 0 
c7480000-eab00000 ---p 00000000 00:00 0 
eab00000-ebe80000 rw-p 00000000 00:00 0 
ebe80000-100000000 ---p 00000000 00:00 0 
100000000-100020000 rw-p 00000000 00:00 0 
100020000-100040000 rw-p 00000000 00:00 0 
100040000-1000c0000 rw-p 00000000 00:00 0 
1000c0000-1000e0000 rw-p 00000000 00:00 0 
1000e0000-100140000 rw-p 00000000 00:00 0 
100140000-1001e0000 rw-p 00000000 00:00 0 
1001e0000-100260000 rw-p 00000000 00:00 0 
100260000-100280000 rw-p 00000000 00:00 0 
100280000-100340000 rw-p 00000000 00:00 0 
100340000-100380000 rw-p 00000000 00:00 0 
100380000-100540000 rw-p 00000000 00:00 0 
100540000-100560000 rw-p 00000000 00:00 0 
100560000-100580000 ---p 00000000 00:00 0 
100580000-100690000 rw-p 00000000 00:00 0 
100690000-140000000 ---p 00000000 00:00 0 
55f7d0a30000-55f7d0a31000 r--p 00000000 08:20 137572                     /home/matheus/.vscode-server/extensions/redhat.java-1.16.0-linux-x64/jre/17.0.6-linux-x86_64/bin/java
55f7d0a31000-55f7d0a32000 r-xp 00001000 08:20 137572                     /home/matheus/.vscode-server/extensions/redhat.java-1.16.0-linux-x64/jre/17.0.6-linux-x86_64/bin/java
55f7d0a32000-55f7d0a33000 r--p 00002000 08:20 137572                     /home/matheus/.vscode-server/extensions/redhat.java-1.16.0-linux-x64/jre/17.0.6-linux-x86_64/bin/java
55f7d0a33000-55f7d0a34000 r--p 00002000 08:20 137572                     /home/matheus/.vscode-server/extensions/redhat.java-1.16.0-linux-x64/jre/17.0.6-linux-x86_64/bin/java
55f7d0a34000-55f7d0a35000 rw-p 00003000 08:20 137572                     /home/matheus/.vscode-server/extensions/redhat.java-1.16.0-linux-x64/jre/17.0.6-linux-x86_64/bin/java
55f7d2200000-55f7d2248000 rw-p 00000000 00:00 0                          [heap]
7f5d04000000-7f5d04021000 rw-p 00000000 00:00 0 
7f5d04021000-7f5d08000000 ---p 00000000 00:00 0 
7f5d082f6000-7f5d10000000 r--s 00000000 08:20 132447                     /usr/lib/jvm/java-18-openjdk-amd64/lib/modules
7f5d10000000-7f5d10052000 rw-p 00000000 00:00 0 
7f5d10052000-7f5d14000000 ---p 00000000 00:00 0 
7f5d14000000-7f5d140fe000 rw-p 00000000 00:00 0 
7f5d140fe000-7f5d18000000 ---p 00000000 00:00 0 
7f5d18000000-7f5d18352000 rw-p 00000000 00:00 0 
7f5d18352000-7f5d1c000000 ---p 00000000 00:00 0 
7f5d1c000000-7f5d1c232000 rw-p 00000000 00:00 0 
7f5d1c232000-7f5d20000000 ---p 00000000 00:00 0 
7f5d20000000-7f5d21215000 rw-p 00000000 00:00 0 
7f5d21215000-7f5d24000000 ---p 00000000 00:00 0 
7f5d24000000-7f5d24021000 rw-p 00000000 00:00 0 
7f5d24021000-7f5d28000000 ---p 00000000 00:00 0 
7f5d28000000-7f5d297c4000 rw-p 00000000 00:00 0 
7f5d297c4000-7f5d2c000000 ---p 00000000 00:00 0 
7f5d2c000000-7f5d2c021000 rw-p 00000000 00:00 0 
7f5d2c021000-7f5d30000000 ---p 00000000 00:00 0 
7f5d30000000-7f5d306a7000 rw-p 00000000 00:00 0 
7f5d306a7000-7f5d34000000 ---p 00000000 00:00 0 
7f5d34000000-7f5d34060000 rw-p 00000000 00:00 0 
7f5d34060000-7f5d38000000 ---p 00000000 00:00 0 
7f5d38000000-7f5d38021000 rw-p 00000000 00:00 0 
7f5d38021000-7f5d3c000000 ---p 00000000 00:00 0 
7f5d3c000000-7f5d3c021000 rw-p 00000000 00:00 0 
7f5d3c021000-7f5d40000000 ---p 00000000 00:00 0 
7f5d40000000-7f5d40a92000 rw-p 00000000 00:00 0 
7f5d40a92000-7f5d44000000 ---p 00000000 00:00 0 
7f5d44400000-7f5d445e0000 rw-p 00000000 00:00 0 
7f5d445e0000-7f5d44600000 rw-p 00000000 00:00 0 
7f5d44600000-7f5d44740000 rw-p 00000000 00:00 0 
7f5d44740000-7f5d44800000 ---p 00000000 00:00 0 
7f5d44800000-7f5d44860000 rw-p 00000000 00:00 0 
7f5d44860000-7f5d44c00000 ---p 00000000 00:00 0 
7f5d44c00000-7f5d45200000 rw-p 00000000 00:00 0 
7f5d45200000-7f5d45400000 rw-p 00000000 00:00 0 
7f5d45500000-7f5d45504000 ---p 00000000 00:00 0 
7f5d45504000-7f5d45600000 rw-p 00000000 00:00 0 
7f5d45600000-7f5d45604000 ---p 00000000 00:00 0 
7f5d45604000-7f5d45700000 rw-p 00000000 00:00 0 
7f5d45700000-7f5d45704000 ---p 00000000 00:00 0 
7f5d45704000-7f5d45f80000 rw-p 00000000 00:00 0 
7f5d45f80000-7f5d46000000 rw-p 00000000 00:00 0 
7f5d460b4000-7f5d460b8000 ---p 00000000 00:00 0 
7f5d460b8000-7f5d461b4000 rw-p 00000000 00:00 0 
7f5d46200000-7f5d46204000 ---p 00000000 00:00 0 
7f5d46204000-7f5d46300000 rw-p 00000000 00:00 0 
7f5d46300000-7f5d46304000 ---p 00000000 00:00 0 
7f5d46304000-7f5d46700000 rw-p 00000000 00:00 0 
7f5d46700000-7f5d46800000 rw-p 00000000 00:00 0 
7f5d46800000-7f5d46900000 rw-p 00000000 00:00 0 
7f5d46900000-7f5d46a00000 rw-p 00000000 00:00 0 
7f5d46a00000-7f5d46c00000 rw-p 00000000 00:00 0 
7f5d46c00000-7f5d46c04000 ---p 00000000 00:00 0 
7f5d46c04000-7f5d46d00000 rw-p 00000000 00:00 0 
7f5d46d00000-7f5d46d04000 ---p 00000000 00:00 0 
7f5d46d04000-7f5d46e00000 rw-p 00000000 00:00 0 
7f5d46e00000-7f5d46e04000 ---p 00000000 00:00 0 
7f5d46e04000-7f5d46f00000 rw-p 00000000 00:00 0 
7f5d46f00000-7f5d46f04000 ---p 00000000 00:00 0 
7f5d46f04000-7f5d47100000 rw-p 00000000 00:00 0 
7f5d47100000-7f5d47200000 rw-p 00000000 00:00 0 
7f5d47200000-7f5d47800000 rw-p 00000000 00:00 0 
7f5d478fe000-7f5d47902000 ---p 00000000 00:00 0 
7f5d47902000-7f5d479fe000 rw-p 00000000 00:00 0 
7f5d479fe000-7f5d479ff000 ---p 00000000 00:00 0 
7f5d479ff000-7f5d47b00000 rw-p 00000000 00:00 0 
7f5d47b00000-7f5d47b04000 ---p 00000000 00:00 0 
7f5d47b04000-7f5d47c00000 rw-p 00000000 00:00 0 
7f5d47c00000-7f5d47c10000 r-xp 00000000 08:20 138219                     /home/matheus/.vscode-server/data/User/globalStorage/redhat.java/1.16.0/config_linux/org.eclipse.equinox.launcher/org.eclipse.equinox.launcher.gtk.linux.x86_64_1.2.700.v20221108-1024/eclipse_11801.so
7f5d47c10000-7f5d47e0f000 ---p 00010000 08:20 138219                     /home/matheus/.vscode-server/data/User/globalStorage/redhat.java/1.16.0/config_linux/org.eclipse.equinox.launcher/org.eclipse.equinox.launcher.gtk.linux.x86_64_1.2.700.v20221108-1024/eclipse_11801.so
7f5d47e0f000-7f5d47e10000 r--p 0000f000 08:20 138219                     /home/matheus/.vscode-server/data/User/globalStorage/redhat.java/1.16.0/config_linux/org.eclipse.equinox.launcher/org.eclipse.equinox.launcher.gtk.linux.x86_64_1.2.700.v20221108-1024/eclipse_11801.so
7f5d47e10000-7f5d47e11000 rw-p 00010000 08:20 138219                     /home/matheus/.vscode-server/data/User/globalStorage/redhat.java/1.16.0/config_linux/org.eclipse.equinox.launcher/org.eclipse.equinox.launcher.gtk.linux.x86_64_1.2.700.v20221108-1024/eclipse_11801.so
7f5d47e11000-7f5d47e12000 rw-p 00000000 00:00 0 
7f5d47f00000-7f5d47f04000 ---p 00000000 00:00 0 
7f5d47f04000-7f5d48000000 rw-p 00000000 00:00 0 
7f5d48000000-7f5d48021000 rw-p 00000000 00:00 0 
7f5d48021000-7f5d4c000000 ---p 00000000 00:00 0 
7f5d4c000000-7f5d4c021000 rw-p 00000000 00:00 0 
7f5d4c021000-7f5d50000000 ---p 00000000 00:00 0 
7f5d50000000-7f5d50021000 rw-p 00000000 00:00 0 
7f5d50021000-7f5d54000000 ---p 00000000 00:00 0 
7f5d54000000-7f5d54021000 rw-p 00000000 00:00 0 
7f5d54021000-7f5d58000000 ---p 00000000 00:00 0 
7f5d58000000-7f5d58021000 rw-p 00000000 00:00 0 
7f5d58021000-7f5d5c000000 ---p 00000000 00:00 0 
7f5d5c000000-7f5d5c021000 rw-p 00000000 00:00 0 
7f5d5c021000-7f5d60000000 ---p 00000000 00:00 0 
7f5d60000000-7f5d60021000 rw-p 00000000 00:00 0 
7f5d60021000-7f5d64000000 ---p 00000000 00:00 0 
7f5d64000000-7f5d643f6000 rw-p 00000000 00:00 0 
7f5d643f6000-7f5d68000000 ---p 00000000 00:00 0 
7f5d68000000-7f5d681a6000 rw-p 00000000 00:00 0 
7f5d681a6000-7f5d6c000000 ---p 00000000 00:00 0 
7f5d6c000000-7f5d6c021000 rw-p 00000000 00:00 0 
7f5d6c021000-7f5d70000000 ---p 00000000 00:00 0 
7f5d70000000-7f5d70021000 rw-p 00000000 00:00 0 
7f5d70021000-7f5d74000000 ---p 00000000 00:00 0 
7f5d74000000-7f5d74021000 rw-p 00000000 00:00 0 
7f5d74021000-7f5d78000000 ---p 00000000 00:00 0 
7f5d78000000-7f5d78021000 rw-p 00000000 00:00 0 
7f5d78021000-7f5d7c000000 ---p 00000000 00:00 0 
7f5d7c000000-7f5d7c4bb000 rw-p 00000000 00:00 0 
7f5d7c4bb000-7f5d80000000 ---p 00000000 00:00 0 
7f5d80000000-7f5d811da000 rw-p 00000000 00:00 0 
7f5d811da000-7f5d84000000 ---p 00000000 00:00 0 
7f5d84000000-7f5d84021000 rw-p 00000000 00:00 0 
7f5d84021000-7f5d88000000 ---p 00000000 00:00 0 
7f5d88000000-7f5d88021000 rw-p 00000000 00:00 0 
7f5d88021000-7f5d8c000000 ---p 00000000 00:00 0 
7f5d8c000000-7f5d8efe4000 rw-p 00000000 00:00 0 
7f5d8efe4000-7f5d90000000 ---p 00000000 00:00 0 
7f5d90000000-7f5d90021000 rw-p 00000000 00:00 0 
7f5d90021000-7f5d94000000 ---p 00000000 00:00 0 
7f5d94000000-7f5d94021000 rw-p 00000000 00:00 0 
7f5d94021000-7f5d98000000 ---p 00000000 00:00 0 
7f5d98000000-7f5d98021000 rw-p 00000000 00:00 0 
7f5d98021000-7f5d9c000000 ---p 00000000 00:00 0 
7f5d9c000000-7f5d9c021000 rw-p 00000000 00:00 0 
7f5d9c021000-7f5da0000000 ---p 00000000 00:00 0 
7f5da0000000-7f5da0021000 rw-p 00000000 00:00 0 
7f5da0021000-7f5da4000000 ---p 00000000 00:00 0 
7f5da40f6000-7f5da40fa000 ---p 00000000 00:00 0 
7f5da40fa000-7f5da41f6000 rw-p 00000000 00:00 0 
7f5da41f6000-7f5da41fa000 ---p 00000000 00:00 0 
7f5da41fa000-7f5da42f6000 rw-p 00000000 00:00 0 
7f5da42f6000-7f5da42f7000 ---p 00000000 00:00 0 
7f5da42f7000-7f5da43f8000 rw-p 00000000 00:00 0 
7f5da43f8000-7f5da43f9000 ---p 00000000 00:00 0 
7f5da43f9000-7f5da44fa000 rw-p 00000000 00:00 0 
7f5da44fa000-7f5da44fb000 ---p 00000000 00:00 0 
7f5da44fb000-7f5da45fc000 rw-p 00000000 00:00 0 
7f5da45fc000-7f5da45fd000 ---p 00000000 00:00 0 
7f5da45fd000-7f5da46fe000 rw-p 00000000 00:00 0 
7f5da46fe000-7f5da46ff000 ---p 00000000 00:00 0 
7f5da46ff000-7f5da4900000 rw-p 00000000 00:00 0 
7f5da4900000-7f5da4b00000 rw-p 00000000 00:00 0 
7f5da4b00000-7f5da4d80000 rw-p 00000000 00:00 0 
7f5da4d80000-7f5da4f00000 rw-p 00000000 00:00 0 
7f5da4f00000-7f5da5000000 rw-p 00000000 00:00 0 
7f5da50fc000-7f5da50fd000 ---p 00000000 00:00 0 
7f5da50fd000-7f5da51fe000 rw-p 00000000 00:00 0 
7f5da51fe000-7f5da5202000 ---p 00000000 00:00 0 
7f5da5202000-7f5da52fe000 rw-p 00000000 00:00 0 
7f5da52fe000-7f5da52ff000 ---p 00000000 00:00 0 
7f5da52ff000-7f5da5400000 rw-p 00000000 00:00 0 
7f5da5400000-7f5da5404000 ---p 00000000 00:00 0 
7f5da5404000-7f5da5500000 rw-p 00000000 00:00 0 
7f5da5500000-7f5da5504000 ---p 00000000 00:00 0 
7f5da5504000-7f5da5600000 rw-p 00000000 00:00 0 
7f5da5600000-7f5da5604000 ---p 00000000 00:00 0 
7f5da5604000-7f5da5700000 rw-p 00000000 00:00 0 
7f5da5700000-7f5da5704000 ---p 00000000 00:00 0 
7f5da5704000-7f5da5800000 rw-p 00000000 00:00 0 
7f5da5800000-7f5da5804000 ---p 00000000 00:00 0 
7f5da5804000-7f5da5900000 rw-p 00000000 00:00 0 
7f5da5900000-7f5da5904000 ---p 00000000 00:00 0 
7f5da5904000-7f5da5a00000 rw-p 00000000 00:00 0 
7f5da5a00000-7f5da5a04000 ---p 00000000 00:00 0 
7f5da5a04000-7f5da5b00000 rw-p 00000000 00:00 0 
7f5da5b00000-7f5da5b04000 ---p 00000000 00:00 0 
7f5da5b04000-7f5da5c00000 rw-p 00000000 00:00 0 
7f5da5c00000-7f5da5c04000 ---p 00000000 00:00 0 
7f5da5c04000-7f5da5d00000 rw-p 00000000 00:00 0 
7f5da5d00000-7f5da5fe9000 r--p 00000000 08:20 16636                      /usr/lib/locale/locale-archive
7f5da5fe9000-7f5da5fed000 ---p 00000000 00:00 0 
7f5da5fed000-7f5da60e9000 rw-p 00000000 00:00 0 
7f5da60e9000-7f5da60ed000 ---p 00000000 00:00 0 
7f5da60ed000-7f5da61e9000 rw-p 00000000 00:00 0 
7f5da61e9000-7f5da61ea000 ---p 00000000 00:00 0 
7f5da61ea000-7f5da7c00000 rw-p 00000000 00:00 0 
7f5da7c00000-7f5da7c80000 rw-p 00000000 00:00 0 
7f5da7c80000-7f5da7d00000 rw-p 00000000 00:00 0 
7f5da7d00000-7f5da8000000 rw-p 00000000 00:00 0 
7f5da8000000-7f5da8021000 rw-p 00000000 00:00 0 
7f5da8021000-7f5dac000000 ---p 00000000 00:00 0 
7f5dac067000-7f5dac069000 r--p 00000000 08:20 137968                     /home/matheus/.vscode-server/extensions/redhat.java-1.16.0-linux-x64/jre/17.0.6-linux-x86_64/lib/libmanagement_ext.so
7f5dac069000-7f5dac06c000 r-xp 00002000 08:20 137968                     /home/matheus/.vscode-server/extensions/redhat.java-1.16.0-linux-x64/jre/17.0.6-linux-x86_64/lib/libmanagement_ext.so
7f5dac06c000-7f5dac06d000 r--p 00005000 08:20 137968                     /home/matheus/.vscode-server/extensions/redhat.java-1.16.0-linux-x64/jre/17.0.6-linux-x86_64/lib/libmanagement_ext.so
7f5dac06d000-7f5dac06e000 ---p 00006000 08:20 137968                     /home/matheus/.vscode-server/extensions/redhat.java-1.16.0-linux-x64/jre/17.0.6-linux-x86_64/lib/libmanagement_ext.so
7f5dac06e000-7f5dac06f000 r--p 00006000 08:20 137968                     /home/matheus/.vscode-server/extensions/redhat.java-1.16.0-linux-x64/jre/17.0.6-linux-x86_64/lib/libmanagement_ext.so
7f5dac06f000-7f5dac070000 rw-p 00007000 08:20 137968                     /home/matheus/.vscode-server/extensions/redhat.java-1.16.0-linux-x64/jre/17.0.6-linux-x86_64/lib/libmanagement_ext.so
7f5dac070000-7f5dac074000 ---p 00000000 00:00 0 
7f5dac074000-7f5dac092000 rw-p 00000000 00:00 0 
7f5dac092000-7f5dac0e9000 r--p 00000000 08:20 30393                      /usr/lib/locale/C.utf8/LC_CTYPE
7f5dac0e9000-7f5dae3ec000 rw-p 00000000 00:00 0 
7f5dae3ec000-7f5daefac000 rwxp 00000000 00:00 0 
7f5daefac000-7f5db5923000 ---p 00000000 00:00 0 
7f5db5923000-7f5db5b93000 rwxp 00000000 00:00 0 
7f5db5b93000-7f5db5eb5000 ---p 00000000 00:00 0 
7f5db5eb5000-7f5db6215000 rwxp 00000000 00:00 0 
7f5db6215000-7f5dbd3ec000 ---p 00000000 00:00 0 
7f5dbd3ec000-7f5dc0000000 r--s 00000000 08:20 137980                     /home/matheus/.vscode-server/extensions/redhat.java-1.16.0-linux-x64/jre/17.0.6-linux-x86_64/lib/modules
7f5dc0000000-7f5dc07c6000 rw-p 00000000 00:00 0 
7f5dc07c6000-7f5dc4000000 ---p 00000000 00:00 0 
7f5dc4005000-7f5dc4008000 r--p 00000000 08:20 137969                     /home/matheus/.vscode-server/extensions/redhat.java-1.16.0-linux-x64/jre/17.0.6-linux-x86_64/lib/libmanagement.so
7f5dc4008000-7f5dc4009000 r-xp 00003000 08:20 137969                     /home/matheus/.vscode-server/extensions/redhat.java-1.16.0-linux-x64/jre/17.0.6-linux-x86_64/lib/libmanagement.so
7f5dc4009000-7f5dc400a000 r--p 00004000 08:20 137969                     /home/matheus/.vscode-server/extensions/redhat.java-1.16.0-linux-x64/jre/17.0.6-linux-x86_64/lib/libmanagement.so
7f5dc400a000-7f5dc400b000 r--p 00004000 08:20 137969                     /home/matheus/.vscode-server/extensions/redhat.java-1.16.0-linux-x64/jre/17.0.6-linux-x86_64/lib/libmanagement.so
7f5dc400b000-7f5dc400c000 rw-p 00005000 08:20 137969                     /home/matheus/.vscode-server/extensions/redhat.java-1.16.0-linux-x64/jre/17.0.6-linux-x86_64/lib/libmanagement.so
7f5dc400c000-7f5dc4010000 r--p 00000000 08:20 137978                     /home/matheus/.vscode-server/extensions/redhat.java-1.16.0-linux-x64/jre/17.0.6-linux-x86_64/lib/libverify.so
7f5dc4010000-7f5dc4017000 r-xp 00004000 08:20 137978                     /home/matheus/.vscode-server/extensions/redhat.java-1.16.0-linux-x64/jre/17.0.6-linux-x86_64/lib/libverify.so
7f5dc4017000-7f5dc4019000 r--p 0000b000 08:20 137978                     /home/matheus/.vscode-server/extensions/redhat.java-1.16.0-linux-x64/jre/17.0.6-linux-x86_64/lib/libverify.so
7f5dc4019000-7f5dc401b000 r--p 0000c000 08:20 137978                     /home/matheus/.vscode-server/extensions/redhat.java-1.16.0-linux-x64/jre/17.0.6-linux-x86_64/lib/libverify.so
7f5dc401b000-7f5dc401c000 rw-p 0000e000 08:20 137978                     /home/matheus/.vscode-server/extensions/redhat.java-1.16.0-linux-x64/jre/17.0.6-linux-x86_64/lib/libverify.so
7f5dc401c000-7f5dc4020000 r--p 00000000 08:20 137971                     /home/matheus/.vscode-server/extensions/redhat.java-1.16.0-linux-x64/jre/17.0.6-linux-x86_64/lib/libnet.so
7f5dc4020000-7f5dc402e000 r-xp 00004000 08:20 137971                     /home/matheus/.vscode-server/extensions/redhat.java-1.16.0-linux-x64/jre/17.0.6-linux-x86_64/lib/libnet.so
7f5dc402e000-7f5dc4032000 r--p 00012000 08:20 137971                     /home/matheus/.vscode-server/extensions/redhat.java-1.16.0-linux-x64/jre/17.0.6-linux-x86_64/lib/libnet.so
7f5dc4032000-7f5dc4033000 r--p 00015000 08:20 137971                     /home/matheus/.vscode-server/extensions/redhat.java-1.16.0-linux-x64/jre/17.0.6-linux-x86_64/lib/libnet.so
7f5dc4033000-7f5dc4034000 rw-p 00016000 08:20 137971                     /home/matheus/.vscode-server/extensions/redhat.java-1.16.0-linux-x64/jre/17.0.6-linux-x86_64/lib/libnet.so
7f5dc4034000-7f5dc403b000 r--p 00000000 08:20 137972                     /home/matheus/.vscode-server/extensions/redhat.java-1.16.0-linux-x64/jre/17.0.6-linux-x86_64/lib/libnio.so
7f5dc403b000-7f5dc4044000 r-xp 00007000 08:20 137972                     /home/matheus/.vscode-server/extensions/redhat.java-1.16.0-linux-x64/jre/17.0.6-linux-x86_64/lib/libnio.so
7f5dc4044000-7f5dc4048000 r--p 00010000 08:20 137972                     /home/matheus/.vscode-server/extensions/redhat.java-1.16.0-linux-x64/jre/17.0.6-linux-x86_64/lib/libnio.so
7f5dc4048000-7f5dc4049000 ---p 00014000 08:20 137972                     /home/matheus/.vscode-server/extensions/redhat.java-1.16.0-linux-x64/jre/17.0.6-linux-x86_64/lib/libnio.so
7f5dc4049000-7f5dc404a000 r--p 00014000 08:20 137972                     /home/matheus/.vscode-server/extensions/redhat.java-1.16.0-linux-x64/jre/17.0.6-linux-x86_64/lib/libnio.so
7f5dc404a000-7f5dc404b000 rw-p 00015000 08:20 137972                     /home/matheus/.vscode-server/extensions/redhat.java-1.16.0-linux-x64/jre/17.0.6-linux-x86_64/lib/libnio.so
7f5dc404b000-7f5dc404c000 r--p 00000000 08:20 30399                      /usr/lib/locale/C.utf8/LC_NUMERIC
7f5dc404c000-7f5dc404d000 r--p 00000000 08:20 30402                      /usr/lib/locale/C.utf8/LC_TIME
7f5dc404d000-7f5dc404e000 r--p 00000000 08:20 30391                      /usr/lib/locale/C.utf8/LC_COLLATE
7f5dc404e000-7f5dc404f000 r--p 00000000 08:20 30397                      /usr/lib/locale/C.utf8/LC_MONETARY
7f5dc404f000-7f5dc4050000 r--p 00000000 08:20 30396                      /usr/lib/locale/C.utf8/LC_MESSAGES/SYS_LC_MESSAGES
7f5dc4050000-7f5dc4051000 r--p 00000000 08:20 30400                      /usr/lib/locale/C.utf8/LC_PAPER
7f5dc4051000-7f5dc4052000 r--p 00000000 08:20 30398                      /usr/lib/locale/C.utf8/LC_NAME
7f5dc4052000-7f5dc4059000 r--s 00000000 08:20 31415                      /usr/lib/x86_64-linux-gnu/gconv/gconv-modules.cache
7f5dc4059000-7f5dc435c000 rw-p 00000000 00:00 0 
7f5dc435c000-7f5dc435e000 r--p 00000000 08:20 137979                     /home/matheus/.vscode-server/extensions/redhat.java-1.16.0-linux-x64/jre/17.0.6-linux-x86_64/lib/libzip.so
7f5dc435e000-7f5dc4362000 r-xp 00002000 08:20 137979                     /home/matheus/.vscode-server/extensions/redhat.java-1.16.0-linux-x64/jre/17.0.6-linux-x86_64/lib/libzip.so
7f5dc4362000-7f5dc4364000 r--p 00006000 08:20 137979                     /home/matheus/.vscode-server/extensions/redhat.java-1.16.0-linux-x64/jre/17.0.6-linux-x86_64/lib/libzip.so
7f5dc4364000-7f5dc4365000 r--p 00007000 08:20 137979                     /home/matheus/.vscode-server/extensions/redhat.java-1.16.0-linux-x64/jre/17.0.6-linux-x86_64/lib/libzip.so
7f5dc4365000-7f5dc4366000 rw-p 00008000 08:20 137979                     /home/matheus/.vscode-server/extensions/redhat.java-1.16.0-linux-x64/jre/17.0.6-linux-x86_64/lib/libzip.so
7f5dc4366000-7f5dc46d2000 rw-p 00000000 00:00 0 
7f5dc46d2000-7f5dc47ed000 ---p 00000000 00:00 0 
7f5dc47ed000-7f5dc47ee000 ---p 00000000 00:00 0 
7f5dc47ee000-7f5dc492a000 rw-p 00000000 00:00 0 
7f5dc492a000-7f5dc4a44000 ---p 00000000 00:00 0 
7f5dc4a44000-7f5dc4a4f000 rw-p 00000000 00:00 0 
7f5dc4a4f000-7f5dc4aef000 ---p 00000000 00:00 0 
7f5dc4aef000-7f5dc4af7000 rw-p 00000000 00:00 0 
7f5dc4af7000-7f5dc4bdb000 ---p 00000000 00:00 0 
7f5dc4bdb000-7f5dc4bf3000 rw-p 00000000 00:00 0 
7f5dc4bf3000-7f5dc4cc6000 ---p 00000000 00:00 0 
7f5dc4cc6000-7f5dc4ccb000 rw-p 00000000 00:00 0 
7f5dc4ccb000-7f5dc4cd2000 ---p 00000000 00:00 0 
7f5dc4cd2000-7f5dc4cda000 rw-s 00000000 08:20 143991                     /tmp/hsperfdata_matheus/369
7f5dc4cda000-7f5dc4ce7000 r--p 00000000 08:20 137958                     /home/matheus/.vscode-server/extensions/redhat.java-1.16.0-linux-x64/jre/17.0.6-linux-x86_64/lib/libjava.so
7f5dc4ce7000-7f5dc4cf9000 r-xp 0000d000 08:20 137958                     /home/matheus/.vscode-server/extensions/redhat.java-1.16.0-linux-x64/jre/17.0.6-linux-x86_64/lib/libjava.so
7f5dc4cf9000-7f5dc4cff000 r--p 0001f000 08:20 137958                     /home/matheus/.vscode-server/extensions/redhat.java-1.16.0-linux-x64/jre/17.0.6-linux-x86_64/lib/libjava.so
7f5dc4cff000-7f5dc4d00000 ---p 00025000 08:20 137958                     /home/matheus/.vscode-server/extensions/redhat.java-1.16.0-linux-x64/jre/17.0.6-linux-x86_64/lib/libjava.so
7f5dc4d00000-7f5dc4d01000 r--p 00025000 08:20 137958                     /home/matheus/.vscode-server/extensions/redhat.java-1.16.0-linux-x64/jre/17.0.6-linux-x86_64/lib/libjava.so
7f5dc4d01000-7f5dc4d02000 rw-p 00026000 08:20 137958                     /home/matheus/.vscode-server/extensions/redhat.java-1.16.0-linux-x64/jre/17.0.6-linux-x86_64/lib/libjava.so
7f5dc4d02000-7f5dc4d03000 rw-p 00000000 00:00 0 
7f5dc4d03000-7f5dc4d05000 r--p 00000000 08:20 137953                     /home/matheus/.vscode-server/extensions/redhat.java-1.16.0-linux-x64/jre/17.0.6-linux-x86_64/lib/libinstrument.so
7f5dc4d05000-7f5dc4d0b000 r-xp 00002000 08:20 137953                     /home/matheus/.vscode-server/extensions/redhat.java-1.16.0-linux-x64/jre/17.0.6-linux-x86_64/lib/libinstrument.so
7f5dc4d0b000-7f5dc4d0e000 r--p 00008000 08:20 137953                     /home/matheus/.vscode-server/extensions/redhat.java-1.16.0-linux-x64/jre/17.0.6-linux-x86_64/lib/libinstrument.so
7f5dc4d0e000-7f5dc4d0f000 r--p 0000a000 08:20 137953                     /home/matheus/.vscode-server/extensions/redhat.java-1.16.0-linux-x64/jre/17.0.6-linux-x86_64/lib/libinstrument.so
7f5dc4d0f000-7f5dc4d10000 rw-p 0000b000 08:20 137953                     /home/matheus/.vscode-server/extensions/redhat.java-1.16.0-linux-x64/jre/17.0.6-linux-x86_64/lib/libinstrument.so
7f5dc4d10000-7f5dc4d14000 r--p 00000000 08:20 137962                     /home/matheus/.vscode-server/extensions/redhat.java-1.16.0-linux-x64/jre/17.0.6-linux-x86_64/lib/libjimage.so
7f5dc4d14000-7f5dc4d27000 r-xp 00004000 08:20 137962                     /home/matheus/.vscode-server/extensions/redhat.java-1.16.0-linux-x64/jre/17.0.6-linux-x86_64/lib/libjimage.so
7f5dc4d27000-7f5dc4d2d000 r--p 00017000 08:20 137962                     /home/matheus/.vscode-server/extensions/redhat.java-1.16.0-linux-x64/jre/17.0.6-linux-x86_64/lib/libjimage.so
7f5dc4d2d000-7f5dc4d2f000 r--p 0001c000 08:20 137962                     /home/matheus/.vscode-server/extensions/redhat.java-1.16.0-linux-x64/jre/17.0.6-linux-x86_64/lib/libjimage.so
7f5dc4d2f000-7f5dc4d30000 rw-p 0001e000 08:20 137962                     /home/matheus/.vscode-server/extensions/redhat.java-1.16.0-linux-x64/jre/17.0.6-linux-x86_64/lib/libjimage.so
7f5dc4d30000-7f5dc4d34000 ---p 00000000 00:00 0 
7f5dc4d34000-7f5dc4e30000 rw-p 00000000 00:00 0 
7f5dc4e30000-7f5dc4e3e000 r--p 00000000 08:20 17261                      /usr/lib/x86_64-linux-gnu/libm.so.6
7f5dc4e3e000-7f5dc4eba000 r-xp 0000e000 08:20 17261                      /usr/lib/x86_64-linux-gnu/libm.so.6
7f5dc4eba000-7f5dc4f15000 r--p 0008a000 08:20 17261                      /usr/lib/x86_64-linux-gnu/libm.so.6
7f5dc4f15000-7f5dc4f16000 r--p 000e4000 08:20 17261                      /usr/lib/x86_64-linux-gnu/libm.so.6
7f5dc4f16000-7f5dc4f17000 rw-p 000e5000 08:20 17261                      /usr/lib/x86_64-linux-gnu/libm.so.6
7f5dc4f17000-7f5dc4f18000 r--p 00000000 08:20 17272                      /usr/lib/x86_64-linux-gnu/librt.so.1
7f5dc4f18000-7f5dc4f19000 r-xp 00001000 08:20 17272                      /usr/lib/x86_64-linux-gnu/librt.so.1
7f5dc4f19000-7f5dc4f1a000 r--p 00002000 08:20 17272                      /usr/lib/x86_64-linux-gnu/librt.so.1
7f5dc4f1a000-7f5dc4f1b000 r--p 00002000 08:20 17272                      /usr/lib/x86_64-linux-gnu/librt.so.1
7f5dc4f1b000-7f5dc4f1c000 rw-p 00003000 08:20 17272                      /usr/lib/x86_64-linux-gnu/librt.so.1
7f5dc4f1c000-7f5dc516e000 r--p 00000000 08:20 137990                     /home/matheus/.vscode-server/extensions/redhat.java-1.16.0-linux-x64/jre/17.0.6-linux-x86_64/lib/server/libjvm.so
7f5dc516e000-7f5dc5e8b000 r-xp 00252000 08:20 137990                     /home/matheus/.vscode-server/extensions/redhat.java-1.16.0-linux-x64/jre/17.0.6-linux-x86_64/lib/server/libjvm.so
7f5dc5e8b000-7f5dc6117000 r--p 00f6f000 08:20 137990                     /home/matheus/.vscode-server/extensions/redhat.java-1.16.0-linux-x64/jre/17.0.6-linux-x86_64/lib/server/libjvm.so
7f5dc6117000-7f5dc61d0000 r--p 011fa000 08:20 137990                     /home/matheus/.vscode-server/extensions/redhat.java-1.16.0-linux-x64/jre/17.0.6-linux-x86_64/lib/server/libjvm.so
7f5dc61d0000-7f5dc6205000 rw-p 012b3000 08:20 137990                     /home/matheus/.vscode-server/extensions/redhat.java-1.16.0-linux-x64/jre/17.0.6-linux-x86_64/lib/server/libjvm.so
7f5dc6205000-7f5dc6263000 rw-p 00000000 00:00 0 
7f5dc6263000-7f5dc628b000 r--p 00000000 08:20 17258                      /usr/lib/x86_64-linux-gnu/libc.so.6
7f5dc628b000-7f5dc6420000 r-xp 00028000 08:20 17258                      /usr/lib/x86_64-linux-gnu/libc.so.6
7f5dc6420000-7f5dc6478000 r--p 001bd000 08:20 17258                      /usr/lib/x86_64-linux-gnu/libc.so.6
7f5dc6478000-7f5dc647c000 r--p 00214000 08:20 17258                      /usr/lib/x86_64-linux-gnu/libc.so.6
7f5dc647c000-7f5dc647e000 rw-p 00218000 08:20 17258                      /usr/lib/x86_64-linux-gnu/libc.so.6
7f5dc647e000-7f5dc648b000 rw-p 00000000 00:00 0 
7f5dc648b000-7f5dc648c000 r--p 00000000 08:20 17260                      /usr/lib/x86_64-linux-gnu/libdl.so.2
7f5dc648c000-7f5dc648d000 r-xp 00001000 08:20 17260                      /usr/lib/x86_64-linux-gnu/libdl.so.2
7f5dc648d000-7f5dc648e000 r--p 00002000 08:20 17260                      /usr/lib/x86_64-linux-gnu/libdl.so.2
7f5dc648e000-7f5dc648f000 r--p 00002000 08:20 17260                      /usr/lib/x86_64-linux-gnu/libdl.so.2
7f5dc648f000-7f5dc6490000 rw-p 00003000 08:20 17260                      /usr/lib/x86_64-linux-gnu/libdl.so.2
7f5dc6490000-7f5dc6491000 r--p 00000000 08:20 17270                      /usr/lib/x86_64-linux-gnu/libpthread.so.0
7f5dc6491000-7f5dc6492000 r-xp 00001000 08:20 17270                      /usr/lib/x86_64-linux-gnu/libpthread.so.0
7f5dc6492000-7f5dc6493000 r--p 00002000 08:20 17270                      /usr/lib/x86_64-linux-gnu/libpthread.so.0
7f5dc6493000-7f5dc6494000 r--p 00002000 08:20 17270                      /usr/lib/x86_64-linux-gnu/libpthread.so.0
7f5dc6494000-7f5dc6495000 rw-p 00003000 08:20 17270                      /usr/lib/x86_64-linux-gnu/libpthread.so.0
7f5dc6495000-7f5dc6498000 r--p 00000000 08:20 137963                     /home/matheus/.vscode-server/extensions/redhat.java-1.16.0-linux-x64/jre/17.0.6-linux-x86_64/lib/libjli.so
7f5dc6498000-7f5dc64a2000 r-xp 00003000 08:20 137963                     /home/matheus/.vscode-server/extensions/redhat.java-1.16.0-linux-x64/jre/17.0.6-linux-x86_64/lib/libjli.so
7f5dc64a2000-7f5dc64a5000 r--p 0000d000 08:20 137963                     /home/matheus/.vscode-server/extensions/redhat.java-1.16.0-linux-x64/jre/17.0.6-linux-x86_64/lib/libjli.so
7f5dc64a5000-7f5dc64a6000 ---p 00010000 08:20 137963                     /home/matheus/.vscode-server/extensions/redhat.java-1.16.0-linux-x64/jre/17.0.6-linux-x86_64/lib/libjli.so
7f5dc64a6000-7f5dc64a7000 r--p 00010000 08:20 137963                     /home/matheus/.vscode-server/extensions/redhat.java-1.16.0-linux-x64/jre/17.0.6-linux-x86_64/lib/libjli.so
7f5dc64a7000-7f5dc64a8000 rw-p 00011000 08:20 137963                     /home/matheus/.vscode-server/extensions/redhat.java-1.16.0-linux-x64/jre/17.0.6-linux-x86_64/lib/libjli.so
7f5dc64a8000-7f5dc64aa000 r--p 00000000 08:20 12201                      /usr/lib/x86_64-linux-gnu/libz.so.1.2.11
7f5dc64aa000-7f5dc64bb000 r-xp 00002000 08:20 12201                      /usr/lib/x86_64-linux-gnu/libz.so.1.2.11
7f5dc64bb000-7f5dc64c1000 r--p 00013000 08:20 12201                      /usr/lib/x86_64-linux-gnu/libz.so.1.2.11
7f5dc64c1000-7f5dc64c2000 ---p 00019000 08:20 12201                      /usr/lib/x86_64-linux-gnu/libz.so.1.2.11
7f5dc64c2000-7f5dc64c3000 r--p 00019000 08:20 12201                      /usr/lib/x86_64-linux-gnu/libz.so.1.2.11
7f5dc64c3000-7f5dc64c4000 rw-p 0001a000 08:20 12201                      /usr/lib/x86_64-linux-gnu/libz.so.1.2.11
7f5dc64c4000-7f5dc64c5000 r--p 00000000 08:20 30390                      /usr/lib/locale/C.utf8/LC_ADDRESS
7f5dc64c5000-7f5dc64c6000 r--p 00000000 08:20 30401                      /usr/lib/locale/C.utf8/LC_TELEPHONE
7f5dc64c6000-7f5dc64c7000 r--p 00000000 08:20 30395                      /usr/lib/locale/C.utf8/LC_MEASUREMENT
7f5dc64c7000-7f5dc64c8000 r--p 00000000 08:20 30394                      /usr/lib/locale/C.utf8/LC_IDENTIFICATION
7f5dc64c8000-7f5dc64c9000 ---p 00000000 00:00 0 
7f5dc64c9000-7f5dc64ca000 r--p 00000000 00:00 0 
7f5dc64ca000-7f5dc64cc000 rw-p 00000000 00:00 0 
7f5dc64cc000-7f5dc64ce000 r--p 00000000 08:20 17255                      /usr/lib/x86_64-linux-gnu/ld-linux-x86-64.so.2
7f5dc64ce000-7f5dc64f8000 r-xp 00002000 08:20 17255                      /usr/lib/x86_64-linux-gnu/ld-linux-x86-64.so.2
7f5dc64f8000-7f5dc6503000 r--p 0002c000 08:20 17255                      /usr/lib/x86_64-linux-gnu/ld-linux-x86-64.so.2
7f5dc6503000-7f5dc6504000 ---p 00000000 00:00 0 
7f5dc6504000-7f5dc6506000 r--p 00037000 08:20 17255                      /usr/lib/x86_64-linux-gnu/ld-linux-x86-64.so.2
7f5dc6506000-7f5dc6508000 rw-p 00039000 08:20 17255                      /usr/lib/x86_64-linux-gnu/ld-linux-x86-64.so.2
7ffebe6c0000-7ffebe6e2000 rw-p 00000000 00:00 0                          [stack]
7ffebe733000-7ffebe737000 r--p 00000000 00:00 0                          [vvar]
7ffebe737000-7ffebe739000 r-xp 00000000 00:00 0                          [vdso]


VM Arguments:
jvm_args: --add-modules=ALL-SYSTEM --add-opens=java.base/java.util=ALL-UNNAMED --add-opens=java.base/java.lang=ALL-UNNAMED --add-opens=java.base/sun.nio.fs=ALL-UNNAMED -Declipse.application=org.eclipse.jdt.ls.core.id1 -Dosgi.bundles.defaultStartLevel=4 -Declipse.product=org.eclipse.jdt.ls.core.product -Djava.import.generatesMetadataFilesAtProjectRoot=false -Dfile.encoding=utf8 -XX:+UseParallelGC -XX:GCTimeRatio=4 -XX:AdaptiveSizePolicyWeight=90 -Dsun.zip.disableMemoryMapping=true -Xmx1G -Xms100m -Xlog:disable -javaagent:/home/matheus/.vscode-server/extensions/redhat.java-1.16.0-linux-x64/lombok/lombok-1.18.24.jar -XX:+HeapDumpOnOutOfMemoryError -XX:HeapDumpPath=/home/matheus/.vscode-server/data/User/workspaceStorage/12a7bbb68cc33591f840e4e731930dad/redhat.java 
java_command: /home/matheus/.vscode-server/extensions/redhat.java-1.16.0-linux-x64/server/plugins/org.eclipse.equinox.launcher_1.6.400.v20210924-0641.jar -configuration /home/matheus/.vscode-server/data/User/globalStorage/redhat.java/1.16.0/config_linux -data /home/matheus/.vscode-server/data/User/workspaceStorage/12a7bbb68cc33591f840e4e731930dad/redhat.java/jdt_ws
java_class_path (initial): /home/matheus/.vscode-server/extensions/redhat.java-1.16.0-linux-x64/server/plugins/org.eclipse.equinox.launcher_1.6.400.v20210924-0641.jar
Launcher Type: SUN_STANDARD

[Global flags]
    uintx AdaptiveSizePolicyWeight                 = 90                                        {product} {command line}
     intx CICompilerCount                          = 4                                         {product} {ergonomic}
    uintx GCTimeRatio                              = 4                                         {product} {command line}
     bool HeapDumpOnOutOfMemoryError               = true                                   {manageable} {command line}
    ccstr HeapDumpPath                             = /home/matheus/.vscode-server/data/User/workspaceStorage/12a7bbb68cc33591f840e4e731930dad/redhat.java         {manageable} {command line}
   size_t InitialHeapSize                          = 104857600                                 {product} {command line}
   size_t MaxHeapSize                              = 1073741824                                {product} {command line}
   size_t MaxNewSize                               = 357564416                                 {product} {ergonomic}
   size_t MinHeapDeltaBytes                        = 524288                                    {product} {ergonomic}
   size_t MinHeapSize                              = 104857600                                 {product} {command line}
   size_t NewSize                                  = 34603008                                  {product} {ergonomic}
    uintx NonNMethodCodeHeapSize                   = 5839372                                {pd product} {ergonomic}
    uintx NonProfiledCodeHeapSize                  = 122909434                              {pd product} {ergonomic}
   size_t OldSize                                  = 70254592                                  {product} {ergonomic}
    uintx ProfiledCodeHeapSize                     = 122909434                              {pd product} {ergonomic}
    uintx ReservedCodeCacheSize                    = 251658240                              {pd product} {ergonomic}
     bool SegmentedCodeCache                       = true                                      {product} {ergonomic}
   size_t SoftMaxHeapSize                          = 1073741824                             {manageable} {ergonomic}
     bool UseCompressedClassPointers               = true                           {product lp64_product} {ergonomic}
     bool UseCompressedOops                        = true                           {product lp64_product} {ergonomic}
     bool UseParallelGC                            = true                                      {product} {command line}

Logging:
Log output configuration:
 #0: stdout all=off uptime,level,tags
 #1: stderr all=off uptime,level,tags

Environment Variables:
PATH=/home/matheus/.vscode-server/bin/b7886d7461186a5eac768481578c1d7ca80e2d21/bin/remote-cli:/home/matheus/.nvm/versions/node/v16.16.0/bin:/usr/local/sbin:/usr/local/bin:/usr/sbin:/usr/bin:/sbin:/bin:/usr/games:/usr/local/games:/usr/lib/wsl/lib:/mnt/c/Python39/Scripts/:/mnt/c/Python39/:/mnt/c/Program Files (x86)/Python37-32/Scripts/:/mnt/c/Program Files (x86)/Python37-32/:/mnt/c/Windows/system32:/mnt/c/Windows:/mnt/c/Windows/System32/Wbem:/mnt/c/Windows/System32/WindowsPowerShell/v1.0/:/mnt/c/Windows/System32/OpenSSH/:/mnt/c/Program Files (x86)/NVIDIA Corporation/PhysX/Common:/mnt/c/Program Files/MiKTeX/miktex/bin/x64/:/mnt/c/Program Files/Java/jdk-18.0.1.1/bin:/mnt/c/WINDOWS/system32:/mnt/c/WINDOWS:/mnt/c/WINDOWS/System32/Wbem:/mnt/c/WINDOWS/System32/WindowsPowerShell/v1.0/:/mnt/c/Program Files/swipl/bin:/mnt/c/WINDOWS/system32:/mnt/c/WINDOWS:/mnt/c/WINDOWS/System32/Wbem:/mnt/c/WINDOWS/System32/WindowsPowerShell/v1.0/:/mnt/c/ProgramData/chocolatey/bin:/mnt/c/Program Files (x86)/Intel/Intel(R) Management Engine Components/DAL:/mnt/c/Program Files/Intel/Intel(R) Management Engine Components/DAL:/mnt/c/Dev/docker:/mnt/c/Program Files/NVIDIA Corporation/NVIDIA NvDLISR:/mnt/c/Users/viana/AppData/Local/Microsoft/WindowsApps:/mnt/c/Dev/VSCode/bin:/snap/bin:/home/matheus/.cabal/bin:/home/matheus/.ghcup/bin
SHELL=/bin/bash
DISPLAY=:0
HOSTTYPE=x86_64
LANG=C.UTF-8
TERM=xterm-256color

Signal Handlers:
   SIGSEGV: crash_handler in libjvm.so, mask=11100100010111111101111111111110, flags=SA_RESTART|SA_SIGINFO
    SIGBUS: crash_handler in libjvm.so, mask=11100100010111111101111111111110, flags=SA_RESTART|SA_SIGINFO
    SIGFPE: crash_handler in libjvm.so, mask=11100100010111111101111111111110, flags=SA_RESTART|SA_SIGINFO
   SIGPIPE: javaSignalHandler in libjvm.so, mask=11100100010111111101111111111110, flags=SA_RESTART|SA_SIGINFO
   SIGXFSZ: javaSignalHandler in libjvm.so, mask=11100100010111111101111111111110, flags=SA_RESTART|SA_SIGINFO
    SIGILL: crash_handler in libjvm.so, mask=11100100010111111101111111111110, flags=SA_RESTART|SA_SIGINFO
   SIGUSR2: SR_handler in libjvm.so, mask=00000000000000000000000000000000, flags=SA_RESTART|SA_SIGINFO
    SIGHUP: UserHandler in libjvm.so, mask=11100100010111111101111111111110, flags=SA_RESTART|SA_SIGINFO
    SIGINT: UserHandler in libjvm.so, mask=11100100010111111101111111111110, flags=SA_RESTART|SA_SIGINFO
   SIGTERM: UserHandler in libjvm.so, mask=11100100010111111101111111111110, flags=SA_RESTART|SA_SIGINFO
   SIGQUIT: UserHandler in libjvm.so, mask=11100100010111111101111111111110, flags=SA_RESTART|SA_SIGINFO
   SIGTRAP: crash_handler in libjvm.so, mask=11100100010111111101111111111110, flags=SA_RESTART|SA_SIGINFO


---------------  S Y S T E M  ---------------

OS:
DISTRIB_ID=Ubuntu
DISTRIB_RELEASE=22.04
DISTRIB_CODENAME=jammy
DISTRIB_DESCRIPTION="Ubuntu 22.04.2 LTS"
uname: Linux 5.15.90.1-microsoft-standard-WSL2 #1 SMP Fri Jan 27 02:56:13 UTC 2023 x86_64
OS uptime: 0 days 0:00 hours
libc: glibc 2.35 NPTL 2.35 
rlimit (soft/hard): STACK 8192k/infinity , CORE 0k/infinity , NPROC 31486/31486 , NOFILE 1048576/1048576 , AS infinity/infinity , CPU infinity/infinity , DATA infinity/infinity , FSIZE infinity/infinity , MEMLOCK 65536k/65536k
load average: 1.59 0.40 0.13

/proc/meminfo:
MemTotal:        8067008 kB
MemFree:         6736652 kB
MemAvailable:    6946360 kB
Buffers:           30132 kB
Cached:           378396 kB
SwapCached:            0 kB
Active:           119824 kB
Inactive:         889700 kB
Active(anon):       1752 kB
Inactive(anon):   601568 kB
Active(file):     118072 kB
Inactive(file):   288132 kB
Unevictable:           0 kB
Mlocked:               0 kB
SwapTotal:       2097152 kB
SwapFree:        2097152 kB
Dirty:             61832 kB
Writeback:             0 kB
AnonPages:        599112 kB
Mapped:           133556 kB
Shmem:              2260 kB
KReclaimable:      39076 kB
Slab:              84784 kB
SReclaimable:      39076 kB
SUnreclaim:        45708 kB
KernelStack:        4528 kB
PageTables:         9752 kB
NFS_Unstable:          0 kB
Bounce:                0 kB
WritebackTmp:          0 kB
CommitLimit:     6130656 kB
Committed_AS:    1185240 kB
VmallocTotal:   34359738367 kB
VmallocUsed:       24696 kB
VmallocChunk:          0 kB
Percpu:             2176 kB
AnonHugePages:    124928 kB
ShmemHugePages:        0 kB
ShmemPmdMapped:        0 kB
FileHugePages:         0 kB
FilePmdMapped:         0 kB
HugePages_Total:       0
HugePages_Free:        0
HugePages_Rsvd:        0
HugePages_Surp:        0
Hugepagesize:       2048 kB
Hugetlb:               0 kB
DirectMap4k:       19456 kB
DirectMap2M:     4104192 kB
DirectMap1G:    13631488 kB

/sys/kernel/mm/transparent_hugepage/enabled: [always] madvise never
/sys/kernel/mm/transparent_hugepage/defrag (defrag/compaction efforts parameter): always defer defer+madvise [madvise] never

Process Memory:
Virtual Size: 5267700K (peak: 5336704K)
Resident Set Size: 336620K (peak: 353928K) (anon: 304464K, file: 32156K, shmem: 0K)
Swapped out: 0K
C-Heap outstanding allocations: 81703K, retained: 75812K
glibc malloc tunables: (default)

/proc/sys/kernel/threads-max (system-wide limit on the number of threads): 62972
/proc/sys/vm/max_map_count (maximum number of memory map areas a process may have): 65530
/proc/sys/kernel/pid_max (system-wide limit on number of process identifiers): 32768

container (cgroup) information:
container_type: cgroupv2
cpu_cpuset_cpus: not supported
cpu_memory_nodes: not supported
active_processor_count: 8
cpu_quota: not supported
cpu_period: not supported
cpu_shares: not supported
memory_limit_in_bytes: not supported
memory_and_swap_limit_in_bytes: not supported
memory_soft_limit_in_bytes: not supported
memory_usage_in_bytes: not supported
memory_max_usage_in_bytes: not supported
memory_swap_current_in_bytes: not supported
memory_swap_max_limit_in_bytes: not supported
maximum number of tasks: not supported
current number of tasks: not supported

Hyper-V virtualization detected
Steal ticks since vm start: 0
Steal ticks percentage since vm start:  0.000

CPU: total 8 (initial active 8) (4 cores per cpu, 2 threads per core) family 6 model 158 stepping 9 microcode 0xffffffff, cx8, cmov, fxsr, ht, mmx, 3dnowpref, sse, sse2, sse3, ssse3, sse4.1, sse4.2, popcnt, lzcnt, tsc, avx, avx2, aes, erms, clmul, bmi1, bmi2, adx, fma, vzeroupper, clflush, clflushopt, hv
CPU Model and flags from /proc/cpuinfo:
model name	: Intel(R) Core(TM) i7-7700HQ CPU @ 2.80GHz
flags		: fpu vme de pse tsc msr pae mce cx8 apic sep mtrr pge mca cmov pat pse36 clflush mmx fxsr sse sse2 ss ht syscall nx pdpe1gb rdtscp lm constant_tsc arch_perfmon rep_good nopl xtopology cpuid pni pclmulqdq ssse3 fma cx16 pdcm pcid sse4_1 sse4_2 movbe popcnt aes xsave avx f16c rdrand hypervisor lahf_lm abm 3dnowprefetch invpcid_single pti ssbd ibrs ibpb stibp fsgsbase bmi1 avx2 smep bmi2 erms invpcid rdseed adx smap clflushopt xsaveopt xsavec xgetbv1 xsaves flush_l1d arch_capabilities

Online cpus: 0-7
Offline cpus: 
BIOS frequency limitation: <Not Available>
Frequency switch latency (ns): <Not Available>
Available cpu frequencies: <Not Available>
Current governor: <Not Available>
Core performance/turbo boost: <Not Available>

Memory: 4k page, physical 8067008k(6736652k free), swap 2097152k(2097152k free)
Page Sizes: 4k

vm_info: OpenJDK 64-Bit Server VM (17.0.6+10) for linux-amd64 JRE (17.0.6+10), built on Jan 17 2023 00:00:00 by "temurin" with gcc 10.3.0

END.
