#
# A fatal error has been detected by the Java Runtime Environment:
#
#  SIGSEGV (0xb) at pc=0x00007fa9a47029fb, pid=380, tid=532
#
# JRE version: OpenJDK Runtime Environment Temurin-17.0.6+10 (17.0.6+10) (build 17.0.6+10)
# Java VM: OpenJDK 64-Bit Server VM Temurin-17.0.6+10 (17.0.6+10, mixed mode, tiered, compressed oops, compressed class ptrs, parallel gc, linux-amd64)
# Problematic frame:
# V  [libjvm.so+0xacf9fb]  PhaseIdealLoop::build_loop_late(VectorSet&, Node_List&, Node_Stack&)+0xcb
#
# No core dump will be written. Core dumps have been disabled. To enable core dumping, try "ulimit -c unlimited" before starting Java again
#
# If you would like to submit a bug report, please visit:
#   https://github.com/adoptium/adoptium-support/issues
#

---------------  S U M M A R Y ------------

Command Line: --add-modules=ALL-SYSTEM --add-opens=java.base/java.util=ALL-UNNAMED --add-opens=java.base/java.lang=ALL-UNNAMED --add-opens=java.base/sun.nio.fs=ALL-UNNAMED -Declipse.application=org.eclipse.jdt.ls.core.id1 -Dosgi.bundles.defaultStartLevel=4 -Declipse.product=org.eclipse.jdt.ls.core.product -Djava.import.generatesMetadataFilesAtProjectRoot=false -Dfile.encoding=utf8 -XX:+UseParallelGC -XX:GCTimeRatio=4 -XX:AdaptiveSizePolicyWeight=90 -Dsun.zip.disableMemoryMapping=true -Xmx1G -Xms100m -Xlog:disable -javaagent:/home/matheus/.vscode-server/extensions/redhat.java-1.17.0-linux-x64/lombok/lombok-1.18.24.jar -XX:+HeapDumpOnOutOfMemoryError -XX:HeapDumpPath=/home/matheus/.vscode-server/data/User/workspaceStorage/12a7bbb68cc33591f840e4e731930dad/redhat.java -Daether.dependencyCollector.impl=bf /home/matheus/.vscode-server/extensions/redhat.java-1.17.0-linux-x64/server/plugins/org.eclipse.equinox.launcher_1.6.400.v20210924-0641.jar -configuration /home/matheus/.vscode-server/data/User/globalStorage/redhat.java/1.17.0/config_linux -data /home/matheus/.vscode-server/data/User/workspaceStorage/12a7bbb68cc33591f840e4e731930dad/redhat.java/jdt_ws

Host: Intel(R) Core(TM) i7-7700HQ CPU @ 2.80GHz, 8 cores, 7G, Ubuntu 22.04.2 LTS
Time: Wed May  3 11:05:48 2023 -03 elapsed time: 8.951955 seconds (0d 0h 0m 8s)

---------------  T H R E A D  ---------------

Current thread (0x00007fa9603cad60):  JavaThread "C2 CompilerThread1" daemon [_thread_in_native, id=532, stack(0x00007fa94df00000,0x00007fa94e000000)]


Current CompileTask:
C2:   8952 5120       4       jdk.internal.jrtfs.JrtPath::subpath (7 bytes)

Stack: [0x00007fa94df00000,0x00007fa94e000000],  sp=0x00007fa94dffad40,  free space=1003k
Native frames: (J=compiled Java code, j=interpreted, Vv=VM code, C=native code)
V  [libjvm.so+0xacf9fb]  PhaseIdealLoop::build_loop_late(VectorSet&, Node_List&, Node_Stack&)+0xcb
V  [libjvm.so+0xad042e]  PhaseIdealLoop::build_and_optimize()+0x7ae
V  [libjvm.so+0x5d3a6f]  PhaseIdealLoop::optimize(PhaseIterGVN&, LoopOptsMode)+0x16f
V  [libjvm.so+0x5d16d3]  Compile::Optimize()+0xbb3
V  [libjvm.so+0x5d32c5]  Compile::Compile(ciEnv*, ciMethod*, int, bool, bool, bool, bool, bool, DirectiveSet*)+0xe65
V  [libjvm.so+0x511559]  C2Compiler::compile_method(ciEnv*, ciMethod*, int, bool, DirectiveSet*)+0xe9
V  [libjvm.so+0x5dc252]  CompileBroker::invoke_compiler_on_method(CompileTask*)+0xef2
V  [libjvm.so+0x5dcef8]  CompileBroker::compiler_thread_loop()+0x508
V  [libjvm.so+0xe5e974]  JavaThread::thread_main_inner()+0x184
V  [libjvm.so+0xe62020]  Thread::call_run()+0xc0
V  [libjvm.so+0xc187e1]  thread_native_entry(Thread*)+0xe1


siginfo: si_signo: 11 (SIGSEGV), si_code: 1 (SEGV_MAPERR), si_addr: 0x0000000000000000

Register to memory mapping:

RAX=0x0 is NULL
RBX=0x00007fa94dffae10 is pointing into the stack for thread: 0x00007fa9603cad60
RCX=0x0 is NULL
RDX=0x0000000001000000 is an unknown value
RSP=0x00007fa94dffad40 is pointing into the stack for thread: 0x00007fa9603cad60
RBP=0x00007fa94dffada0 is pointing into the stack for thread: 0x00007fa9603cad60
RSI=0x00007fa9105a9e10 points into unknown readable memory: 0x00007fa96c3b29d0 | d0 29 3b 6c a9 7f 00 00
RDI=0x00007fa9604ccd80 points into unknown readable memory: 0x00007fa9a4ee2518 | 18 25 ee a4 a9 7f 00 00
R8 =0x00007fa900413ee8 points into unknown readable memory: 0x00007fa9a4ece558 | 58 e5 ec a4 a9 7f 00 00
R9 =0x00007fa9a4bdd765: <offset 0x0000000000faa765> in /home/matheus/.vscode-server/extensions/redhat.java-1.17.0-linux-x64/jre/17.0.6-linux-x86_64/lib/server/libjvm.so at 0x00007fa9a3c33000
R10=0x0000000000000070 is an unknown value
R11=0x00007fa9002b1738 points into unknown readable memory: 0x0000000000000000 | 00 00 00 00 00 00 00 00
R12=0x00007fa94dffadf0 is pointing into the stack for thread: 0x00007fa9603cad60
R13=0x00007fa94dffae30 is pointing into the stack for thread: 0x00007fa9603cad60
R14=0x0000000000000024 is an unknown value
R15=0x00007fa94dffb110 is pointing into the stack for thread: 0x00007fa9603cad60


Registers:
RAX=0x0000000000000000, RBX=0x00007fa94dffae10, RCX=0x0000000000000000, RDX=0x0000000001000000
RSP=0x00007fa94dffad40, RBP=0x00007fa94dffada0, RSI=0x00007fa9105a9e10, RDI=0x00007fa9604ccd80
R8 =0x00007fa900413ee8, R9 =0x00007fa9a4bdd765, R10=0x0000000000000070, R11=0x00007fa9002b1738
R12=0x00007fa94dffadf0, R13=0x00007fa94dffae30, R14=0x0000000000000024, R15=0x00007fa94dffb110
RIP=0x00007fa9a47029fb, EFLAGS=0x0000000000010202, CSGSFS=0x002b000000000033, ERR=0x0000000000000004
  TRAPNO=0x000000000000000e

Top of Stack: (sp=0x00007fa94dffad40)
0x00007fa94dffad40:   00007fa94dffbac8 00007fa96d492488
0x00007fa94dffad50:   00007fa900034ca0 00007fa900000070
0x00007fa94dffad60:   00007fa900413ee8 00007fa9604ccd80
0x00007fa94dffad70:   00007fa94dffae30 00007fa94dffb110 

Instructions: (pc=0x00007fa9a47029fb)
0x00007fa9a47028fb:   39 c3 41 8b 54 24 28 4d 0f 45 fe e9 e4 fa ff ff
0x00007fa9a470290b:   41 8b 54 24 28 e9 da fa ff ff 90 66 2e 0f 1f 84
0x00007fa9a470291b:   00 00 00 00 00 ba 01 00 00 00 e9 76 f6 ff ff 66
0x00007fa9a470292b:   0f 1f 44 00 00 55 48 8d 87 b8 09 00 00 48 89 e5
0x00007fa9a470293b:   41 57 49 89 ff 41 56 41 55 49 89 d5 41 54 49 89
0x00007fa9a470294b:   f4 53 48 89 cb 48 83 ec 38 48 89 45 a0 0f 1f 84
0x00007fa9a470295b:   00 00 00 00 00 41 8b 45 18 85 c0 0f 84 dc 02 00
0x00007fa9a470296b:   00 49 8b 55 10 83 e8 01 41 89 45 18 4c 8b 04 c2
0x00007fa9a470297b:   41 8b 48 28 41 89 ce 41 c1 ee 05 45 3b 34 24 0f
0x00007fa9a470298b:   83 70 02 00 00 ba 01 00 00 00 44 89 f0 d3 e2 49
0x00007fa9a470299b:   8b 4c 24 08 89 d6 48 8d 0c 81 8b 01 09 c6 89 31
0x00007fa9a47029ab:   85 c2 75 b1 45 8b 50 20 45 31 f6 66 2e 0f 1f 84
0x00007fa9a47029bb:   00 00 00 00 00 45 39 f2 0f 86 d7 00 00 00 49 8b
0x00007fa9a47029cb:   40 10 44 89 f1 41 83 c6 01 4c 8b 1c c8 41 8b 4b
0x00007fa9a47029db:   28 41 3b 4f 28 0f 83 f2 00 00 00 49 8b 77 30 89
0x00007fa9a47029eb:   c8 48 83 3c c6 00 0f 84 e1 00 00 00 49 8b 43 08
0x00007fa9a47029fb:   48 83 38 00 74 3d 49 8b 03 44 89 55 b8 4c 89 df
0x00007fa9a4702a0b:   4c 89 45 c0 4c 89 5d c8 ff 50 10 4c 8b 5d c8 4c
0x00007fa9a4702a1b:   8b 45 c0 84 c0 44 8b 55 b8 0f 85 ee 00 00 00 41
0x00007fa9a4702a2b:   8b 43 2c 83 e0 0f 83 f8 0c 0f 84 de 00 00 00 41
0x00007fa9a4702a3b:   8b 4b 28 89 c8 c1 e8 05 41 3b 04 24 0f 83 13 01
0x00007fa9a4702a4b:   00 00 49 8b 74 24 08 ba 01 00 00 00 d3 e2 48 8d
0x00007fa9a4702a5b:   34 86 89 d7 8b 06 09 c7 89 3e 85 c2 0f 85 53 ff
0x00007fa9a4702a6b:   ff ff 48 8b 03 48 83 c0 10 48 89 03 48 3b 43 08
0x00007fa9a4702a7b:   0f 83 df 01 00 00 4c 89 00 4d 89 d8 44 89 70 08
0x00007fa9a4702a8b:   45 8b 53 20 45 31 f6 45 39 f2 0f 87 2e ff ff ff
0x00007fa9a4702a9b:   0f 1f 44 00 00 ba 01 00 00 00 4c 89 c6 4c 89 ff
0x00007fa9a4702aab:   e8 f0 f4 ff ff 48 8b 03 48 3b 43 10 0f 82 a3 fe
0x00007fa9a4702abb:   ff ff 4c 8b 00 44 8b 70 08 48 83 e8 10 45 8b 50
0x00007fa9a4702acb:   20 48 89 03 e9 ec fe ff ff 0f 1f 40 00 49 83 7b
0x00007fa9a4702adb:   10 00 0f 84 14 ff ff ff 41 8b 87 d0 09 00 00 8d
0x00007fa9a4702aeb:   48 01 41 89 8f d0 09 00 00 41 3b 87 c0 09 00 00 


Stack slot to memory mapping:
stack at sp + 0 slots: 0x00007fa94dffbac8 is pointing into the stack for thread: 0x00007fa9603cad60
stack at sp + 1 slots: 0x00007fa96d492488 points into unknown readable memory: 0x00007fa9a4ed0200 | 00 02 ed a4 a9 7f 00 00
stack at sp + 2 slots: 0x00007fa900034ca0 points into unknown readable memory: 0x00007fa9a4ec35b8 | b8 35 ec a4 a9 7f 00 00
stack at sp + 3 slots: 0x00007fa900000070 points into unknown readable memory: 0x0000000000000000 | 00 00 00 00 00 00 00 00
stack at sp + 4 slots: 0x00007fa900413ee8 points into unknown readable memory: 0x00007fa9a4ece558 | 58 e5 ec a4 a9 7f 00 00
stack at sp + 5 slots: 0x00007fa9604ccd80 points into unknown readable memory: 0x00007fa9a4ee2518 | 18 25 ee a4 a9 7f 00 00
stack at sp + 6 slots: 0x00007fa94dffae30 is pointing into the stack for thread: 0x00007fa9603cad60
stack at sp + 7 slots: 0x00007fa94dffb110 is pointing into the stack for thread: 0x00007fa9603cad60


---------------  P R O C E S S  ---------------

Threads class SMR info:
_java_thread_list=0x00007fa8f8002070, length=27, elements={
0x00007fa99c028010, 0x00007fa99c1e7830, 0x00007fa99c1e8da0, 0x00007fa99c212bf0,
0x00007fa99c2164e0, 0x00007fa99c217450, 0x00007fa99c218aa0, 0x00007fa99c219f50,
0x00007fa99c223380, 0x00007fa99c2b0eb0, 0x00007fa99c39f3c0, 0x00007fa99c4ade90,
0x00007fa99c58da20, 0x00007fa99c5e3210, 0x00007fa99c5e5a50, 0x00007fa9200336b0,
0x00007fa9200b8400, 0x00007fa920294170, 0x00007fa920341ee0, 0x00007fa92034d340,
0x00007fa9603cad60, 0x00007fa9208da2b0, 0x00007fa9605e1e20, 0x00007fa99c6cd790,
0x00007fa9140089f0, 0x00007fa99c7c49d0, 0x00007fa8f80011a0
}

Java Threads: ( => current thread )
  0x00007fa99c028010 JavaThread "main" [_thread_blocked, id=381, stack(0x00007fa9a3a47000,0x00007fa9a3b47000)]
  0x00007fa99c1e7830 JavaThread "Reference Handler" daemon [_thread_blocked, id=385, stack(0x00007fa984dee000,0x00007fa984eee000)]
  0x00007fa99c1e8da0 JavaThread "Finalizer" daemon [_thread_blocked, id=387, stack(0x00007fa984cee000,0x00007fa984dee000)]
  0x00007fa99c212bf0 JavaThread "Signal Dispatcher" daemon [_thread_blocked, id=390, stack(0x00007fa984905000,0x00007fa984a05000)]
  0x00007fa99c2164e0 JavaThread "Service Thread" daemon [_thread_blocked, id=392, stack(0x00007fa984805000,0x00007fa984905000)]
  0x00007fa99c217450 JavaThread "Monitor Deflation Thread" daemon [_thread_blocked, id=394, stack(0x00007fa984705000,0x00007fa984805000)]
  0x00007fa99c218aa0 JavaThread "C2 CompilerThread0" daemon [_thread_in_native, id=396, stack(0x00007fa984605000,0x00007fa984705000)]
  0x00007fa99c219f50 JavaThread "C1 CompilerThread0" daemon [_thread_blocked, id=398, stack(0x00007fa984505000,0x00007fa984605000)]
  0x00007fa99c223380 JavaThread "Sweeper thread" daemon [_thread_blocked, id=400, stack(0x00007fa984405000,0x00007fa984505000)]
  0x00007fa99c2b0eb0 JavaThread "Common-Cleaner" daemon [_thread_blocked, id=402, stack(0x00007fa984305000,0x00007fa984405000)]
  0x00007fa99c39f3c0 JavaThread "Notification Thread" daemon [_thread_blocked, id=405, stack(0x00007fa984205000,0x00007fa984305000)]
  0x00007fa99c4ade90 JavaThread "process reaper" daemon [_thread_blocked, id=417, stack(0x00007fa98c080000,0x00007fa98c0a2000)]
  0x00007fa99c58da20 JavaThread "Active Thread: Equinox Container: 8b756a2d-0346-4005-bbbf-cd7d3b2b0d8b" [_thread_blocked, id=464, stack(0x00007fa94eff4000,0x00007fa94f0f4000)]
  0x00007fa99c5e3210 JavaThread "Framework Event Dispatcher: Equinox Container: 8b756a2d-0346-4005-bbbf-cd7d3b2b0d8b" daemon [_thread_blocked, id=469, stack(0x00007fa94f700000,0x00007fa94f800000)]
  0x00007fa99c5e5a50 JavaThread "Start Level: Equinox Container: 8b756a2d-0346-4005-bbbf-cd7d3b2b0d8b" daemon [_thread_blocked, id=470, stack(0x00007fa94eef4000,0x00007fa94eff4000)]
  0x00007fa9200336b0 JavaThread "SCR Component Actor" daemon [_thread_blocked, id=472, stack(0x00007fa94eb00000,0x00007fa94ec00000)]
  0x00007fa9200b8400 JavaThread "SCR Component Registry" daemon [_thread_blocked, id=505, stack(0x00007fa984003000,0x00007fa984103000)]
  0x00007fa920294170 JavaThread "Worker-JM" [_thread_blocked, id=518, stack(0x00007fa94e8fe000,0x00007fa94e9fe000)]
  0x00007fa920341ee0 JavaThread "Worker-0" [_thread_blocked, id=522, stack(0x00007fa94de00000,0x00007fa94df00000)]
  0x00007fa92034d340 JavaThread "Worker-1" [_thread_blocked, id=526, stack(0x00007fa94dd00000,0x00007fa94de00000)]
=>0x00007fa9603cad60 JavaThread "C2 CompilerThread1" daemon [_thread_in_native, id=532, stack(0x00007fa94df00000,0x00007fa94e000000)]
  0x00007fa9208da2b0 JavaThread "Java indexing" daemon [_thread_blocked, id=533, stack(0x00007fa94dc00000,0x00007fa94dd00000)]
  0x00007fa9605e1e20 JavaThread "C2 CompilerThread2" daemon [_thread_in_native, id=534, stack(0x00007fa94d300000,0x00007fa94d400000)]
  0x00007fa99c6cd790 JavaThread "pool-2-thread-1" [_thread_blocked, id=538, stack(0x00007fa94d200000,0x00007fa94d300000)]
  0x00007fa9140089f0 JavaThread "Worker-2: Initialize Workspace" [_thread_in_native, id=539, stack(0x00007fa94d100000,0x00007fa94d200000)]
  0x00007fa99c7c49d0 JavaThread "pool-1-thread-1" [_thread_blocked, id=541, stack(0x00007fa94d000000,0x00007fa94d100000)]
  0x00007fa8f80011a0 JavaThread "Worker-3: Loading available Gradle versions" [_thread_in_native, id=542, stack(0x00007fa94cf00000,0x00007fa94d000000)]

Other Threads:
  0x00007fa99c1d7c00 VMThread "VM Thread" [stack: 0x00007fa984ef0000,0x00007fa984ff0000] [id=383]
  0x00007fa99c072c50 WatcherThread [stack: 0x00007fa984105000,0x00007fa984205000] [id=406]
  0x00007fa99c03f7e0 GCTaskThread "GC Thread#0" [stack: 0x00007fa9a08f2000,0x00007fa9a09f2000] [id=382]
  0x00007fa980001250 GCTaskThread "GC Thread#1" [stack: 0x00007fa94f600000,0x00007fa94f700000] [id=434]
  0x00007fa980002e50 GCTaskThread "GC Thread#2" [stack: 0x00007fa94f4fe000,0x00007fa94f5fe000] [id=437]
  0x00007fa980003640 GCTaskThread "GC Thread#3" [stack: 0x00007fa94f3fc000,0x00007fa94f4fc000] [id=438]
  0x00007fa980003ff0 GCTaskThread "GC Thread#4" [stack: 0x00007fa94f2fa000,0x00007fa94f3fa000] [id=439]
  0x00007fa9800049c0 GCTaskThread "GC Thread#5" [stack: 0x00007fa94f1f8000,0x00007fa94f2f8000] [id=440]
  0x00007fa9800053b0 GCTaskThread "GC Thread#6" [stack: 0x00007fa94f0f6000,0x00007fa94f1f6000] [id=441]
  0x00007fa9800061f0 GCTaskThread "GC Thread#7" [stack: 0x00007fa94ea00000,0x00007fa94eb00000] [id=495]

Threads with active compile tasks:
C2 CompilerThread0     8964 5121       4       jdk.internal.jimage.ImageReader$SharedImageReader$$Lambda$319/0x000000010058e438::visit (13 bytes)
C2 CompilerThread1     8964 5120       4       jdk.internal.jrtfs.JrtPath::subpath (7 bytes)
C2 CompilerThread2     8964 5128       4       org.eclipse.jdt.internal.core.JarPackageFragmentRoot::initRawPackageInfo (349 bytes)

VM state: not at safepoint (normal execution)

VM Mutex/Monitor currently owned by a thread: None

Heap address: 0x00000000c0000000, size: 1024 MB, Compressed Oops mode: 32-bit

CDS archive(s) not mapped
Compressed class space mapped at: 0x0000000100000000-0x0000000140000000, reserved size: 1073741824
Narrow klass base: 0x0000000000000000, Narrow klass shift: 3, Narrow klass range: 0x140000000

GC Precious Log:
 CPUs: 8 total, 8 available
 Memory: 7877M
 Large Page Support: Disabled
 NUMA Support: Disabled
 Compressed Oops: Enabled (32-bit)
 Alignments: Space 512K, Generation 512K, Heap 2M
 Heap Min Capacity: 100M
 Heap Initial Capacity: 100M
 Heap Max Capacity: 1G
 Pre-touch: Disabled
 Parallel Workers: 8

Heap:
 PSYoungGen      total 22016K, used 9648K [0x00000000eab00000, 0x00000000ec480000, 0x0000000100000000)
  eden space 18944K, 37% used [0x00000000eab00000,0x00000000eb1e7aa8,0x00000000ebd80000)
  from space 3072K, 83% used [0x00000000ebd80000,0x00000000ec0045f0,0x00000000ec080000)
  to   space 3584K, 0% used [0x00000000ec100000,0x00000000ec100000,0x00000000ec480000)
 ParOldGen       total 68608K, used 30800K [0x00000000c0000000, 0x00000000c4300000, 0x00000000eab00000)
  object space 68608K, 44% used [0x00000000c0000000,0x00000000c1e14080,0x00000000c4300000)
 Metaspace       used 51579K, committed 52352K, reserved 1097728K
  class space    used 5719K, committed 6080K, reserved 1048576K

Card table byte_map: [0x00007fa9a09f2000,0x00007fa9a0bf3000] _byte_map_base: 0x00007fa9a03f2000

Marking Bits: (ParMarkBitMap*) 0x00007fa9a4f4d780
 Begin Bits: [0x00007fa986000000, 0x00007fa987000000)
 End Bits:   [0x00007fa987000000, 0x00007fa988000000)

Polling page: 0x00007fa9a51e0000

Metaspace:

Usage:
  Non-class:     44.79 MB used.
      Class:      5.59 MB used.
       Both:     50.37 MB used.

Virtual space:
  Non-class space:       48.00 MB reserved,      45.19 MB ( 94%) committed,  6 nodes.
      Class space:        1.00 GB reserved,       5.94 MB ( <1%) committed,  1 nodes.
             Both:        1.05 GB reserved,      51.12 MB (  5%) committed. 

Chunk freelists:
   Non-Class:  2.75 MB
       Class:  2.05 MB
        Both:  4.80 MB

MaxMetaspaceSize: unlimited
CompressedClassSpaceSize: 1.00 GB
Initial GC threshold: 21.00 MB
Current GC threshold: 58.38 MB
CDS: off
MetaspaceReclaimPolicy: balanced
 - commit_granule_bytes: 65536.
 - commit_granule_words: 8192.
 - virtual_space_node_default_size: 1048576.
 - enlarge_chunks_in_place: 1.
 - new_chunks_are_fully_committed: 0.
 - uncommit_free_chunks: 1.
 - use_allocation_guard: 0.
 - handle_deallocations: 1.


Internal statistics:

num_allocs_failed_limit: 6.
num_arena_births: 368.
num_arena_deaths: 14.
num_vsnodes_births: 7.
num_vsnodes_deaths: 0.
num_space_committed: 818.
num_space_uncommitted: 0.
num_chunks_returned_to_freelist: 20.
num_chunks_taken_from_freelist: 2080.
num_chunk_merges: 10.
num_chunk_splits: 1345.
num_chunks_enlarged: 882.
num_purges: 2.
num_inconsistent_stats: 0.

CodeHeap 'non-profiled nmethods': size=120028Kb used=2800Kb max_used=2800Kb free=117227Kb
 bounds [0x00007fa994ac9000, 0x00007fa994d89000, 0x00007fa99c000000]
CodeHeap 'profiled nmethods': size=120028Kb used=10594Kb max_used=10594Kb free=109433Kb
 bounds [0x00007fa98d000000, 0x00007fa98da60000, 0x00007fa994537000]
CodeHeap 'non-nmethods': size=5704Kb used=1324Kb max_used=1384Kb free=4379Kb
 bounds [0x00007fa994537000, 0x00007fa9947a7000, 0x00007fa994ac9000]
 total_blobs=5982 nmethods=5355 adapters=540
 compilation: enabled
              stopped_count=0, restarted_count=0
 full_count=0

Compilation events (20 events):
Event: 8.920 Thread 0x00007fa99c219f50 5390       3       sun.security.util.math.intpoly.IntegerPolynomial$MutableElement::setDifference (6 bytes)
Event: 8.920 Thread 0x00007fa99c219f50 nmethod 5390 0x00007fa98da54f90 code [0x00007fa98da55140, 0x00007fa98da55280]
Event: 8.920 Thread 0x00007fa99c219f50 5394       3       sun.security.util.math.intpoly.IntegerPolynomialP256::reduce (40 bytes)
Event: 8.920 Thread 0x00007fa99c219f50 nmethod 5394 0x00007fa98da55310 code [0x00007fa98da554c0, 0x00007fa98da557c0]
Event: 8.920 Thread 0x00007fa99c219f50 5383       2       sun.security.util.math.intpoly.IntegerPolynomial$MutableElement::setReduced (5 bytes)
Event: 8.920 Thread 0x00007fa99c219f50 nmethod 5383 0x00007fa98da55990 code [0x00007fa98da55b40, 0x00007fa98da55c80]
Event: 8.920 Thread 0x00007fa99c219f50 5397       2       sun.security.util.math.intpoly.IntegerPolynomialP256::square (613 bytes)
Event: 8.921 Thread 0x00007fa99c219f50 nmethod 5397 0x00007fa98da55d10 code [0x00007fa98da55ec0, 0x00007fa98da56720]
Event: 8.921 Thread 0x00007fa99c219f50 5398       3       sun.security.util.math.intpoly.IntegerPolynomial$MutableElement::setSquare (5 bytes)
Event: 8.921 Thread 0x00007fa99c219f50 nmethod 5398 0x00007fa98da56990 code [0x00007fa98da56b40, 0x00007fa98da56d80]
Event: 8.921 Thread 0x00007fa99c219f50 5389       2       sun.security.ec.point.ProjectivePoint$Mutable::conditionalSet (29 bytes)
Event: 8.921 Thread 0x00007fa99c219f50 nmethod 5389 0x00007fa98da56e90 code [0x00007fa98da57040, 0x00007fa98da57270]
Event: 8.921 Thread 0x00007fa99c219f50 5393       2       sun.security.ec.point.ProjectivePoint$Mutable::conditionalSet (53 bytes)
Event: 8.922 Thread 0x00007fa99c219f50 nmethod 5393 0x00007fa98da57390 code [0x00007fa98da57580, 0x00007fa98da579e0]
Event: 8.922 Thread 0x00007fa99c219f50 5384       2       sun.security.util.math.intpoly.IntegerPolynomial$MutableElement::setReduced (18 bytes)
Event: 8.922 Thread 0x00007fa99c219f50 nmethod 5384 0x00007fa98da57d10 code [0x00007fa98da57ec0, 0x00007fa98da58000]
Event: 8.922 Thread 0x00007fa99c219f50 5377       2       sun.security.util.math.intpoly.IntegerPolynomial$MutableElement::conditionalSet (26 bytes)
Event: 8.922 Thread 0x00007fa99c219f50 nmethod 5377 0x00007fa98da58090 code [0x00007fa98da58240, 0x00007fa98da583c0]
Event: 8.923 Thread 0x00007fa99c219f50 5399       2       java.math.BigInteger::valueOf (62 bytes)
Event: 8.924 Thread 0x00007fa99c219f50 nmethod 5399 0x00007fa98da58490 code [0x00007fa98da58660, 0x00007fa98da58940]

GC Heap History (20 events):
Event: 6.921 GC heap before
{Heap before GC invocations=14 (full 2):
 PSYoungGen      total 24064K, used 23328K [0x00000000eab00000, 0x00000000ec600000, 0x0000000100000000)
  eden space 22528K, 100% used [0x00000000eab00000,0x00000000ec100000,0x00000000ec100000)
  from space 1536K, 52% used [0x00000000ec380000,0x00000000ec448000,0x00000000ec500000)
  to   space 1024K, 0% used [0x00000000ec500000,0x00000000ec500000,0x00000000ec600000)
 ParOldGen       total 68608K, used 12995K [0x00000000c0000000, 0x00000000c4300000, 0x00000000eab00000)
  object space 68608K, 18% used [0x00000000c0000000,0x00000000c0cb0f38,0x00000000c4300000)
 Metaspace       used 43328K, committed 44096K, reserved 1089536K
  class space    used 4705K, committed 5056K, reserved 1048576K
}
Event: 6.923 GC heap after
{Heap after GC invocations=14 (full 2):
 PSYoungGen      total 23040K, used 1024K [0x00000000eab00000, 0x00000000ec600000, 0x0000000100000000)
  eden space 22016K, 0% used [0x00000000eab00000,0x00000000eab00000,0x00000000ec080000)
  from space 1024K, 100% used [0x00000000ec500000,0x00000000ec600000,0x00000000ec600000)
  to   space 2560K, 0% used [0x00000000ec100000,0x00000000ec100000,0x00000000ec380000)
 ParOldGen       total 68608K, used 13859K [0x00000000c0000000, 0x00000000c4300000, 0x00000000eab00000)
  object space 68608K, 20% used [0x00000000c0000000,0x00000000c0d88c38,0x00000000c4300000)
 Metaspace       used 43328K, committed 44096K, reserved 1089536K
  class space    used 4705K, committed 5056K, reserved 1048576K
}
Event: 7.476 GC heap before
{Heap before GC invocations=15 (full 2):
 PSYoungGen      total 23040K, used 23040K [0x00000000eab00000, 0x00000000ec600000, 0x0000000100000000)
  eden space 22016K, 100% used [0x00000000eab00000,0x00000000ec080000,0x00000000ec080000)
  from space 1024K, 100% used [0x00000000ec500000,0x00000000ec600000,0x00000000ec600000)
  to   space 2560K, 0% used [0x00000000ec100000,0x00000000ec100000,0x00000000ec380000)
 ParOldGen       total 68608K, used 13859K [0x00000000c0000000, 0x00000000c4300000, 0x00000000eab00000)
  object space 68608K, 20% used [0x00000000c0000000,0x00000000c0d88c38,0x00000000c4300000)
 Metaspace       used 46505K, committed 47296K, reserved 1097728K
  class space    used 5114K, committed 5440K, reserved 1048576K
}
Event: 7.481 GC heap after
{Heap after GC invocations=15 (full 2):
 PSYoungGen      total 24576K, used 1704K [0x00000000eab00000, 0x00000000ec580000, 0x0000000100000000)
  eden space 22016K, 0% used [0x00000000eab00000,0x00000000eab00000,0x00000000ec080000)
  from space 2560K, 66% used [0x00000000ec100000,0x00000000ec2aa160,0x00000000ec380000)
  to   space 2048K, 0% used [0x00000000ec380000,0x00000000ec380000,0x00000000ec580000)
 ParOldGen       total 68608K, used 14907K [0x00000000c0000000, 0x00000000c4300000, 0x00000000eab00000)
  object space 68608K, 21% used [0x00000000c0000000,0x00000000c0e8ec38,0x00000000c4300000)
 Metaspace       used 46505K, committed 47296K, reserved 1097728K
  class space    used 5114K, committed 5440K, reserved 1048576K
}
Event: 7.812 GC heap before
{Heap before GC invocations=16 (full 2):
 PSYoungGen      total 24576K, used 23720K [0x00000000eab00000, 0x00000000ec580000, 0x0000000100000000)
  eden space 22016K, 100% used [0x00000000eab00000,0x00000000ec080000,0x00000000ec080000)
  from space 2560K, 66% used [0x00000000ec100000,0x00000000ec2aa160,0x00000000ec380000)
  to   space 2048K, 0% used [0x00000000ec380000,0x00000000ec380000,0x00000000ec580000)
 ParOldGen       total 68608K, used 14907K [0x00000000c0000000, 0x00000000c4300000, 0x00000000eab00000)
  object space 68608K, 21% used [0x00000000c0000000,0x00000000c0e8ec38,0x00000000c4300000)
 Metaspace       used 49268K, committed 50048K, reserved 1097728K
  class space    used 5437K, committed 5760K, reserved 1048576K
}
Event: 7.820 GC heap after
{Heap after GC invocations=16 (full 2):
 PSYoungGen      total 23040K, used 2032K [0x00000000eab00000, 0x00000000ec880000, 0x0000000100000000)
  eden space 20992K, 0% used [0x00000000eab00000,0x00000000eab00000,0x00000000ebf80000)
  from space 2048K, 99% used [0x00000000ec380000,0x00000000ec57c010,0x00000000ec580000)
  to   space 4096K, 0% used [0x00000000ebf80000,0x00000000ebf80000,0x00000000ec380000)
 ParOldGen       total 68608K, used 16527K [0x00000000c0000000, 0x00000000c4300000, 0x00000000eab00000)
  object space 68608K, 24% used [0x00000000c0000000,0x00000000c1023da8,0x00000000c4300000)
 Metaspace       used 49268K, committed 50048K, reserved 1097728K
  class space    used 5437K, committed 5760K, reserved 1048576K
}
Event: 8.108 GC heap before
{Heap before GC invocations=17 (full 2):
 PSYoungGen      total 23040K, used 23024K [0x00000000eab00000, 0x00000000ec880000, 0x0000000100000000)
  eden space 20992K, 100% used [0x00000000eab00000,0x00000000ebf80000,0x00000000ebf80000)
  from space 2048K, 99% used [0x00000000ec380000,0x00000000ec57c010,0x00000000ec580000)
  to   space 4096K, 0% used [0x00000000ebf80000,0x00000000ebf80000,0x00000000ec380000)
 ParOldGen       total 68608K, used 16527K [0x00000000c0000000, 0x00000000c4300000, 0x00000000eab00000)
  object space 68608K, 24% used [0x00000000c0000000,0x00000000c1023da8,0x00000000c4300000)
 Metaspace       used 49938K, committed 50816K, reserved 1097728K
  class space    used 5518K, committed 5888K, reserved 1048576K
}
Event: 8.113 GC heap after
{Heap after GC invocations=17 (full 2):
 PSYoungGen      total 23040K, used 1728K [0x00000000eab00000, 0x00000000ec480000, 0x0000000100000000)
  eden space 20992K, 0% used [0x00000000eab00000,0x00000000eab00000,0x00000000ebf80000)
  from space 2048K, 84% used [0x00000000ebf80000,0x00000000ec130020,0x00000000ec180000)
  to   space 2560K, 0% used [0x00000000ec200000,0x00000000ec200000,0x00000000ec480000)
 ParOldGen       total 68608K, used 18571K [0x00000000c0000000, 0x00000000c4300000, 0x00000000eab00000)
  object space 68608K, 27% used [0x00000000c0000000,0x00000000c1222dd8,0x00000000c4300000)
 Metaspace       used 49938K, committed 50816K, reserved 1097728K
  class space    used 5518K, committed 5888K, reserved 1048576K
}
Event: 8.248 GC heap before
{Heap before GC invocations=18 (full 2):
 PSYoungGen      total 23040K, used 22720K [0x00000000eab00000, 0x00000000ec480000, 0x0000000100000000)
  eden space 20992K, 100% used [0x00000000eab00000,0x00000000ebf80000,0x00000000ebf80000)
  from space 2048K, 84% used [0x00000000ebf80000,0x00000000ec130020,0x00000000ec180000)
  to   space 2560K, 0% used [0x00000000ec200000,0x00000000ec200000,0x00000000ec480000)
 ParOldGen       total 68608K, used 18571K [0x00000000c0000000, 0x00000000c4300000, 0x00000000eab00000)
  object space 68608K, 27% used [0x00000000c0000000,0x00000000c1222dd8,0x00000000c4300000)
 Metaspace       used 50034K, committed 50880K, reserved 1097728K
  class space    used 5522K, committed 5888K, reserved 1048576K
}
Event: 8.250 GC heap after
{Heap after GC invocations=18 (full 2):
 PSYoungGen      total 23040K, used 1792K [0x00000000eab00000, 0x00000000ec400000, 0x0000000100000000)
  eden space 20992K, 0% used [0x00000000eab00000,0x00000000eab00000,0x00000000ebf80000)
  from space 2048K, 87% used [0x00000000ec200000,0x00000000ec3c0000,0x00000000ec400000)
  to   space 2048K, 0% used [0x00000000ebf80000,0x00000000ebf80000,0x00000000ec180000)
 ParOldGen       total 68608K, used 20199K [0x00000000c0000000, 0x00000000c4300000, 0x00000000eab00000)
  object space 68608K, 29% used [0x00000000c0000000,0x00000000c13b9e18,0x00000000c4300000)
 Metaspace       used 50034K, committed 50880K, reserved 1097728K
  class space    used 5522K, committed 5888K, reserved 1048576K
}
Event: 8.332 GC heap before
{Heap before GC invocations=19 (full 2):
 PSYoungGen      total 23040K, used 22784K [0x00000000eab00000, 0x00000000ec400000, 0x0000000100000000)
  eden space 20992K, 100% used [0x00000000eab00000,0x00000000ebf80000,0x00000000ebf80000)
  from space 2048K, 87% used [0x00000000ec200000,0x00000000ec3c0000,0x00000000ec400000)
  to   space 2048K, 0% used [0x00000000ebf80000,0x00000000ebf80000,0x00000000ec180000)
 ParOldGen       total 68608K, used 20199K [0x00000000c0000000, 0x00000000c4300000, 0x00000000eab00000)
  object space 68608K, 29% used [0x00000000c0000000,0x00000000c13b9e18,0x00000000c4300000)
 Metaspace       used 50112K, committed 50944K, reserved 1097728K
  class space    used 5525K, committed 5888K, reserved 1048576K
}
Event: 8.335 GC heap after
{Heap after GC invocations=19 (full 2):
 PSYoungGen      total 23040K, used 2034K [0x00000000eab00000, 0x00000000ec780000, 0x0000000100000000)
  eden space 20992K, 0% used [0x00000000eab00000,0x00000000eab00000,0x00000000ebf80000)
  from space 2048K, 99% used [0x00000000ebf80000,0x00000000ec17cb28,0x00000000ec180000)
  to   space 4096K, 0% used [0x00000000ec380000,0x00000000ec380000,0x00000000ec780000)
 ParOldGen       total 68608K, used 21871K [0x00000000c0000000, 0x00000000c4300000, 0x00000000eab00000)
  object space 68608K, 31% used [0x00000000c0000000,0x00000000c155be18,0x00000000c4300000)
 Metaspace       used 50112K, committed 50944K, reserved 1097728K
  class space    used 5525K, committed 5888K, reserved 1048576K
}
Event: 8.426 GC heap before
{Heap before GC invocations=20 (full 2):
 PSYoungGen      total 23040K, used 23026K [0x00000000eab00000, 0x00000000ec780000, 0x0000000100000000)
  eden space 20992K, 100% used [0x00000000eab00000,0x00000000ebf80000,0x00000000ebf80000)
  from space 2048K, 99% used [0x00000000ebf80000,0x00000000ec17cb28,0x00000000ec180000)
  to   space 4096K, 0% used [0x00000000ec380000,0x00000000ec380000,0x00000000ec780000)
 ParOldGen       total 68608K, used 21871K [0x00000000c0000000, 0x00000000c4300000, 0x00000000eab00000)
  object space 68608K, 31% used [0x00000000c0000000,0x00000000c155be18,0x00000000c4300000)
 Metaspace       used 50175K, committed 51008K, reserved 1097728K
  class space    used 5537K, committed 5888K, reserved 1048576K
}
Event: 8.432 GC heap after
{Heap after GC invocations=20 (full 2):
 PSYoungGen      total 23552K, used 2464K [0x00000000eab00000, 0x00000000ec600000, 0x0000000100000000)
  eden space 20992K, 0% used [0x00000000eab00000,0x00000000eab00000,0x00000000ebf80000)
  from space 2560K, 96% used [0x00000000ec380000,0x00000000ec5e8010,0x00000000ec600000)
  to   space 3072K, 0% used [0x00000000ec000000,0x00000000ec000000,0x00000000ec300000)
 ParOldGen       total 68608K, used 23874K [0x00000000c0000000, 0x00000000c4300000, 0x00000000eab00000)
  object space 68608K, 34% used [0x00000000c0000000,0x00000000c1750940,0x00000000c4300000)
 Metaspace       used 50175K, committed 51008K, reserved 1097728K
  class space    used 5537K, committed 5888K, reserved 1048576K
}
Event: 8.482 GC heap before
{Heap before GC invocations=21 (full 2):
 PSYoungGen      total 23552K, used 23456K [0x00000000eab00000, 0x00000000ec600000, 0x0000000100000000)
  eden space 20992K, 100% used [0x00000000eab00000,0x00000000ebf80000,0x00000000ebf80000)
  from space 2560K, 96% used [0x00000000ec380000,0x00000000ec5e8010,0x00000000ec600000)
  to   space 3072K, 0% used [0x00000000ec000000,0x00000000ec000000,0x00000000ec300000)
 ParOldGen       total 68608K, used 23874K [0x00000000c0000000, 0x00000000c4300000, 0x00000000eab00000)
  object space 68608K, 34% used [0x00000000c0000000,0x00000000c1750940,0x00000000c4300000)
 Metaspace       used 50176K, committed 51008K, reserved 1097728K
  class space    used 5537K, committed 5888K, reserved 1048576K
}
Event: 8.486 GC heap after
{Heap after GC invocations=21 (full 2):
 PSYoungGen      total 23552K, used 2496K [0x00000000eab00000, 0x00000000ec480000, 0x0000000100000000)
  eden space 20992K, 0% used [0x00000000eab00000,0x00000000eab00000,0x00000000ebf80000)
  from space 2560K, 97% used [0x00000000ec000000,0x00000000ec270010,0x00000000ec280000)
  to   space 2048K, 0% used [0x00000000ec280000,0x00000000ec280000,0x00000000ec480000)
 ParOldGen       total 68608K, used 26249K [0x00000000c0000000, 0x00000000c4300000, 0x00000000eab00000)
  object space 68608K, 38% used [0x00000000c0000000,0x00000000c19a27f0,0x00000000c4300000)
 Metaspace       used 50176K, committed 51008K, reserved 1097728K
  class space    used 5537K, committed 5888K, reserved 1048576K
}
Event: 8.542 GC heap before
{Heap before GC invocations=22 (full 2):
 PSYoungGen      total 23552K, used 23488K [0x00000000eab00000, 0x00000000ec480000, 0x0000000100000000)
  eden space 20992K, 100% used [0x00000000eab00000,0x00000000ebf80000,0x00000000ebf80000)
  from space 2560K, 97% used [0x00000000ec000000,0x00000000ec270010,0x00000000ec280000)
  to   space 2048K, 0% used [0x00000000ec280000,0x00000000ec280000,0x00000000ec480000)
 ParOldGen       total 68608K, used 26249K [0x00000000c0000000, 0x00000000c4300000, 0x00000000eab00000)
  object space 68608K, 38% used [0x00000000c0000000,0x00000000c19a27f0,0x00000000c4300000)
 Metaspace       used 50176K, committed 51008K, reserved 1097728K
  class space    used 5537K, committed 5888K, reserved 1048576K
}
Event: 8.551 GC heap after
{Heap after GC invocations=22 (full 2):
 PSYoungGen      total 20992K, used 2048K [0x00000000eab00000, 0x00000000ec980000, 0x0000000100000000)
  eden space 18944K, 0% used [0x00000000eab00000,0x00000000eab00000,0x00000000ebd80000)
  from space 2048K, 100% used [0x00000000ec280000,0x00000000ec480000,0x00000000ec480000)
  to   space 5120K, 0% used [0x00000000ebd80000,0x00000000ebd80000,0x00000000ec280000)
 ParOldGen       total 68608K, used 28714K [0x00000000c0000000, 0x00000000c4300000, 0x00000000eab00000)
  object space 68608K, 41% used [0x00000000c0000000,0x00000000c1c0a800,0x00000000c4300000)
 Metaspace       used 50176K, committed 51008K, reserved 1097728K
  class space    used 5537K, committed 5888K, reserved 1048576K
}
Event: 8.794 GC heap before
{Heap before GC invocations=23 (full 2):
 PSYoungGen      total 20992K, used 20785K [0x00000000eab00000, 0x00000000ec980000, 0x0000000100000000)
  eden space 18944K, 98% used [0x00000000eab00000,0x00000000ebd4c648,0x00000000ebd80000)
  from space 2048K, 100% used [0x00000000ec280000,0x00000000ec480000,0x00000000ec480000)
  to   space 5120K, 0% used [0x00000000ebd80000,0x00000000ebd80000,0x00000000ec280000)
 ParOldGen       total 68608K, used 28714K [0x00000000c0000000, 0x00000000c4300000, 0x00000000eab00000)
  object space 68608K, 41% used [0x00000000c0000000,0x00000000c1c0a800,0x00000000c4300000)
 Metaspace       used 50629K, committed 51456K, reserved 1097728K
  class space    used 5572K, committed 5952K, reserved 1048576K
}
Event: 8.800 GC heap after
{Heap after GC invocations=23 (full 2):
 PSYoungGen      total 22016K, used 2577K [0x00000000eab00000, 0x00000000ec480000, 0x0000000100000000)
  eden space 18944K, 0% used [0x00000000eab00000,0x00000000eab00000,0x00000000ebd80000)
  from space 3072K, 83% used [0x00000000ebd80000,0x00000000ec0045f0,0x00000000ec080000)
  to   space 3584K, 0% used [0x00000000ec100000,0x00000000ec100000,0x00000000ec480000)
 ParOldGen       total 68608K, used 30800K [0x00000000c0000000, 0x00000000c4300000, 0x00000000eab00000)
  object space 68608K, 44% used [0x00000000c0000000,0x00000000c1e14080,0x00000000c4300000)
 Metaspace       used 50629K, committed 51456K, reserved 1097728K
  class space    used 5572K, committed 5952K, reserved 1048576K
}

Dll operation events (12 events):
Event: 0.002 Loaded shared library /home/matheus/.vscode-server/extensions/redhat.java-1.17.0-linux-x64/jre/17.0.6-linux-x86_64/lib/libjava.so
Event: 0.210 Loaded shared library /home/matheus/.vscode-server/extensions/redhat.java-1.17.0-linux-x64/jre/17.0.6-linux-x86_64/lib/libzip.so
Event: 0.222 Loaded shared library /home/matheus/.vscode-server/extensions/redhat.java-1.17.0-linux-x64/jre/17.0.6-linux-x86_64/lib/libinstrument.so
Event: 0.240 Loaded shared library /home/matheus/.vscode-server/extensions/redhat.java-1.17.0-linux-x64/jre/17.0.6-linux-x86_64/lib/libnio.so
Event: 0.255 Loaded shared library /home/matheus/.vscode-server/extensions/redhat.java-1.17.0-linux-x64/jre/17.0.6-linux-x86_64/lib/libzip.so
Event: 0.274 Loaded shared library /home/matheus/.vscode-server/extensions/redhat.java-1.17.0-linux-x64/jre/17.0.6-linux-x86_64/lib/libjimage.so
Event: 0.337 Loaded shared library /home/matheus/.vscode-server/extensions/redhat.java-1.17.0-linux-x64/jre/17.0.6-linux-x86_64/lib/libverify.so
Event: 1.184 Loaded shared library /home/matheus/.vscode-server/extensions/redhat.java-1.17.0-linux-x64/jre/17.0.6-linux-x86_64/lib/libnet.so
Event: 1.839 Loaded shared library /home/matheus/.vscode-server/data/User/globalStorage/redhat.java/1.17.0/config_linux/org.eclipse.equinox.launcher/org.eclipse.equinox.launcher.gtk.linux.x86_64_1.2.700.v20221108-1024/eclipse_11801.so
Event: 4.521 Loaded shared library /home/matheus/.vscode-server/extensions/redhat.java-1.17.0-linux-x64/jre/17.0.6-linux-x86_64/lib/libmanagement.so
Event: 4.526 Loaded shared library /home/matheus/.vscode-server/extensions/redhat.java-1.17.0-linux-x64/jre/17.0.6-linux-x86_64/lib/libmanagement_ext.so
Event: 8.615 Loaded shared library /home/matheus/.vscode-server/extensions/redhat.java-1.17.0-linux-x64/jre/17.0.6-linux-x86_64/lib/libextnet.so

Deoptimization events (20 events):
Event: 8.850 Thread 0x00007fa9140089f0 Uncommon trap: trap_request=0xffffffbe fr.pc=0x00007fa994d7f4f4 relative=0x00000000000001d4
Event: 8.850 Thread 0x00007fa9140089f0 Uncommon trap: reason=profile_predicate action=maybe_recompile pc=0x00007fa994d7f4f4 method=java.util.regex.Pattern$Slice.match(Ljava/util/regex/Matcher;ILjava/lang/CharSequence;)Z @ 18 c2
Event: 8.850 Thread 0x00007fa9140089f0 DEOPT PACKING pc=0x00007fa994d7f4f4 sp=0x00007fa94d1fe1c0
Event: 8.850 Thread 0x00007fa9140089f0 DEOPT UNPACKING pc=0x00007fa99458d399 sp=0x00007fa94d1fe150 mode 2
Event: 8.850 Thread 0x00007fa9140089f0 Uncommon trap: trap_request=0xffffffbe fr.pc=0x00007fa994d7f4f4 relative=0x00000000000001d4
Event: 8.850 Thread 0x00007fa9140089f0 Uncommon trap: reason=profile_predicate action=maybe_recompile pc=0x00007fa994d7f4f4 method=java.util.regex.Pattern$Slice.match(Ljava/util/regex/Matcher;ILjava/lang/CharSequence;)Z @ 18 c2
Event: 8.850 Thread 0x00007fa9140089f0 DEOPT PACKING pc=0x00007fa994d7f4f4 sp=0x00007fa94d1fe1c0
Event: 8.850 Thread 0x00007fa9140089f0 DEOPT UNPACKING pc=0x00007fa99458d399 sp=0x00007fa94d1fe150 mode 2
Event: 8.852 Thread 0x00007fa9140089f0 Uncommon trap: trap_request=0xffffffbe fr.pc=0x00007fa994d7f4f4 relative=0x00000000000001d4
Event: 8.852 Thread 0x00007fa9140089f0 Uncommon trap: reason=profile_predicate action=maybe_recompile pc=0x00007fa994d7f4f4 method=java.util.regex.Pattern$Slice.match(Ljava/util/regex/Matcher;ILjava/lang/CharSequence;)Z @ 18 c2
Event: 8.852 Thread 0x00007fa9140089f0 DEOPT PACKING pc=0x00007fa994d7f4f4 sp=0x00007fa94d1fe130
Event: 8.852 Thread 0x00007fa9140089f0 DEOPT UNPACKING pc=0x00007fa99458d399 sp=0x00007fa94d1fe0c0 mode 2
Event: 8.852 Thread 0x00007fa9140089f0 Uncommon trap: trap_request=0xffffffbe fr.pc=0x00007fa994d7f4f4 relative=0x00000000000001d4
Event: 8.852 Thread 0x00007fa9140089f0 Uncommon trap: reason=profile_predicate action=maybe_recompile pc=0x00007fa994d7f4f4 method=java.util.regex.Pattern$Slice.match(Ljava/util/regex/Matcher;ILjava/lang/CharSequence;)Z @ 18 c2
Event: 8.852 Thread 0x00007fa9140089f0 DEOPT PACKING pc=0x00007fa994d7f4f4 sp=0x00007fa94d1fe130
Event: 8.852 Thread 0x00007fa9140089f0 DEOPT UNPACKING pc=0x00007fa99458d399 sp=0x00007fa94d1fe0c0 mode 2
Event: 8.854 Thread 0x00007fa8f80011a0 DEOPT PACKING pc=0x00007fa98d72322c sp=0x00007fa94cffbec0
Event: 8.854 Thread 0x00007fa8f80011a0 DEOPT UNPACKING pc=0x00007fa99458db2f sp=0x00007fa94cffb3e8 mode 0
Event: 8.900 Thread 0x00007fa8f80011a0 DEOPT PACKING pc=0x00007fa98d72322c sp=0x00007fa94cffb690
Event: 8.900 Thread 0x00007fa8f80011a0 DEOPT UNPACKING pc=0x00007fa99458db2f sp=0x00007fa94cffabb8 mode 0

Classes unloaded (7 events):
Event: 3.248 Thread 0x00007fa99c1d7c00 Unloading class 0x000000010021c400 'java/lang/invoke/LambdaForm$MH+0x000000010021c400'
Event: 3.248 Thread 0x00007fa99c1d7c00 Unloading class 0x000000010021c000 'java/lang/invoke/LambdaForm$MH+0x000000010021c000'
Event: 3.248 Thread 0x00007fa99c1d7c00 Unloading class 0x000000010021bc00 'java/lang/invoke/LambdaForm$MH+0x000000010021bc00'
Event: 3.248 Thread 0x00007fa99c1d7c00 Unloading class 0x000000010021b400 'java/lang/invoke/LambdaForm$MH+0x000000010021b400'
Event: 3.248 Thread 0x00007fa99c1d7c00 Unloading class 0x000000010021b000 'java/lang/invoke/LambdaForm$BMH+0x000000010021b000'
Event: 3.248 Thread 0x00007fa99c1d7c00 Unloading class 0x000000010021ac00 'java/lang/invoke/LambdaForm$DMH+0x000000010021ac00'
Event: 3.248 Thread 0x00007fa99c1d7c00 Unloading class 0x0000000100218000 'java/lang/invoke/LambdaForm$DMH+0x0000000100218000'

Classes redefined (0 events):
No events

Internal exceptions (20 events):
Event: 4.798 Thread 0x00007fa99c028010 Exception <a 'sun/nio/fs/UnixException'{0x00000000eb0d82e8}> (0x00000000eb0d82e8) 
thrown [src/hotspot/share/prims/jni.cpp, line 516]
Event: 4.957 Thread 0x00007fa99c028010 Exception <a 'java/lang/NoSuchMethodError'{0x00000000eb789270}: 'void java.lang.invoke.DirectMethodHandle$Holder.invokeStatic(java.lang.Object, java.lang.Object, java.lang.Object, java.lang.Object)'> (0x00000000eb789270) 
thrown [src/hotspot/share/interpreter/linkResolver.cpp, line 758]
Event: 5.073 Thread 0x00007fa920341ee0 Exception <a 'java/lang/NoSuchMethodError'{0x00000000ec128a40}: 'java.lang.Object java.lang.invoke.DirectMethodHandle$Holder.invokeSpecialIFC(java.lang.Object, java.lang.Object, java.lang.Object, java.lang.Object)'> (0x00000000ec128a40) 
thrown [src/hotspot/share/interpreter/linkResolver.cpp, line 758]
Event: 5.102 Thread 0x00007fa99c028010 Exception <a 'java/lang/NoSuchMethodError'{0x00000000eac25e78}: 'void java.lang.invoke.DirectMethodHandle$Holder.invokeSpecial(java.lang.Object, java.lang.Object, java.lang.Object, java.lang.Object, java.lang.Object, java.lang.Object)'> (0x00000000eac25e78) 
thrown [src/hotspot/share/interpreter/linkResolver.cpp, line 758]
Event: 5.103 Thread 0x00007fa99c028010 Exception <a 'java/lang/IncompatibleClassChangeError'{0x00000000eac2eaa0}: Found class java.lang.Object, but interface was expected> (0x00000000eac2eaa0) 
thrown [src/hotspot/share/interpreter/linkResolver.cpp, line 826]
Event: 5.312 Thread 0x00007fa99c7c49d0 Exception <a 'java/io/FileNotFoundException'{0x00000000eb3f0ae8}> (0x00000000eb3f0ae8) 
thrown [src/hotspot/share/prims/jni.cpp, line 516]
Event: 5.413 Thread 0x00007fa920341ee0 Exception <a 'java/lang/NoSuchMethodError'{0x00000000eb7cf330}: 'int java.lang.invoke.DirectMethodHandle$Holder.invokeSpecialIFC(java.lang.Object, java.lang.Object, java.lang.Object, java.lang.Object, java.lang.Object)'> (0x00000000eb7cf330) 
thrown [src/hotspot/share/interpreter/linkResolver.cpp, line 758]
Event: 5.591 Thread 0x00007fa920341ee0 Exception <a 'java/lang/NoClassDefFoundError'{0x00000000ebdafaf8}: javax/enterprise/inject/Typed> (0x00000000ebdafaf8) 
thrown [src/hotspot/share/classfile/systemDictionary.cpp, line 245]
Event: 6.663 Thread 0x00007fa920341ee0 Exception <a 'java/lang/NoSuchMethodError'{0x00000000eb9df958}: 'void java.lang.invoke.DirectMethodHandle$Holder.invokeStaticInit(java.lang.Object, java.lang.Object, java.lang.Object)'> (0x00000000eb9df958) 
thrown [src/hotspot/share/interpreter/linkResolver.cpp, line 758]
Event: 6.669 Thread 0x00007fa920341ee0 Exception <a 'java/lang/ExceptionInInitializerError'{0x00000000eba10220}> (0x00000000eba10220) 
thrown [src/hotspot/share/oops/instanceKlass.cpp, line 1166]
Event: 6.697 Thread 0x00007fa920341ee0 Implicit null exception at 0x00007fa994b834af to 0x00007fa994b8360c
Event: 6.697 Thread 0x00007fa920341ee0 Implicit null exception at 0x00007fa994b49ee9 to 0x00007fa994b4b32c
Event: 6.701 Thread 0x00007fa920341ee0 Exception <a 'java/lang/NoSuchMethodError'{0x00000000ebb5a588}: 'java.lang.Object java.lang.invoke.Invokers$Holder.invokeExact_MT(java.lang.Object, int, java.lang.Object)'> (0x00000000ebb5a588) 
thrown [src/hotspot/share/interpreter/linkResolver.cpp, line 758]
Event: 6.711 Thread 0x00007fa920341ee0 Exception <a 'java/lang/NoSuchMethodError'{0x00000000ebbc2a40}: 'int java.lang.invoke.DirectMethodHandle$Holder.invokeSpecial(java.lang.Object, java.lang.Object, java.lang.Object, java.lang.Object)'> (0x00000000ebbc2a40) 
thrown [src/hotspot/share/interpreter/linkResolver.cpp, line 758]
Event: 7.111 Thread 0x00007fa920341ee0 Exception <a 'java/lang/NoClassDefFoundError'{0x00000000eb02fc10}: com/google/inject/servlet/ServletModuleTargetVisitor> (0x00000000eb02fc10) 
thrown [src/hotspot/share/classfile/systemDictionary.cpp, line 245]
Event: 7.485 Thread 0x00007fa9140089f0 Exception <a 'java/lang/NoSuchMethodError'{0x00000000eab64c30}: 'int java.lang.invoke.DirectMethodHandle$Holder.invokeInterface(java.lang.Object, java.lang.Object)'> (0x00000000eab64c30) 
thrown [src/hotspot/share/interpreter/linkResolver.cpp, line 758]
Event: 7.486 Thread 0x00007fa9140089f0 Exception <a 'java/lang/IncompatibleClassChangeError'{0x00000000eab67f18}: Found class java.lang.Object, but interface was expected> (0x00000000eab67f18) 
thrown [src/hotspot/share/interpreter/linkResolver.cpp, line 826]
Event: 7.610 Thread 0x00007fa9140089f0 Exception <a 'java/lang/NoSuchMethodError'{0x00000000eb5dc798}: 'java.lang.Object java.lang.invoke.Invokers$Holder.invoke_MT(java.lang.Object, java.lang.Object, java.lang.Object)'> (0x00000000eb5dc798) 
thrown [src/hotspot/share/interpreter/linkResolver.cpp, line 758]
Event: 8.042 Thread 0x00007fa9140089f0 Exception <a 'java/io/FileNotFoundException'{0x00000000eb6e0240}> (0x00000000eb6e0240) 
thrown [src/hotspot/share/prims/jni.cpp, line 516]
Event: 8.042 Thread 0x00007fa9140089f0 Exception <a 'java/io/FileNotFoundException'{0x00000000eb6e1a58}> (0x00000000eb6e1a58) 
thrown [src/hotspot/share/prims/jni.cpp, line 516]

VM Operations (20 events):
Event: 7.811 Executing VM operation: ParallelGCFailedAllocation
Event: 7.820 Executing VM operation: ParallelGCFailedAllocation done
Event: 8.107 Executing VM operation: ParallelGCFailedAllocation
Event: 8.113 Executing VM operation: ParallelGCFailedAllocation done
Event: 8.247 Executing VM operation: ParallelGCFailedAllocation
Event: 8.251 Executing VM operation: ParallelGCFailedAllocation done
Event: 8.331 Executing VM operation: ParallelGCFailedAllocation
Event: 8.335 Executing VM operation: ParallelGCFailedAllocation done
Event: 8.425 Executing VM operation: ParallelGCFailedAllocation
Event: 8.432 Executing VM operation: ParallelGCFailedAllocation done
Event: 8.482 Executing VM operation: ParallelGCFailedAllocation
Event: 8.486 Executing VM operation: ParallelGCFailedAllocation done
Event: 8.542 Executing VM operation: ParallelGCFailedAllocation
Event: 8.551 Executing VM operation: ParallelGCFailedAllocation done
Event: 8.794 Executing VM operation: ParallelGCFailedAllocation
Event: 8.801 Executing VM operation: ParallelGCFailedAllocation done
Event: 8.823 Executing VM operation: HandshakeAllThreads
Event: 8.823 Executing VM operation: HandshakeAllThreads done
Event: 8.918 Executing VM operation: HandshakeAllThreads
Event: 8.919 Executing VM operation: HandshakeAllThreads done

Events (20 events):
Event: 8.898 loading class sun/security/util/math/intpoly/IntegerPolynomialP384
Event: 8.899 loading class sun/security/util/math/intpoly/IntegerPolynomialP384 done
Event: 8.899 loading class sun/security/util/math/intpoly/IntegerPolynomialP521
Event: 8.899 loading class sun/security/util/math/intpoly/IntegerPolynomialP521 done
Event: 8.900 loading class sun/security/util/math/intpoly/P256OrderField
Event: 8.900 loading class sun/security/util/math/intpoly/P256OrderField done
Event: 8.900 loading class sun/security/util/math/intpoly/P384OrderField
Event: 8.900 loading class sun/security/util/math/intpoly/P384OrderField done
Event: 8.901 loading class sun/security/util/math/intpoly/P521OrderField
Event: 8.902 loading class sun/security/util/math/intpoly/P521OrderField done
Event: 8.921 loading class java/security/interfaces/ECPrivateKey
Event: 8.922 loading class java/security/interfaces/ECPrivateKey done
Event: 8.922 loading class sun/security/util/ArrayUtil
Event: 8.922 loading class sun/security/util/ArrayUtil done
Event: 8.923 loading class sun/security/ssl/KeyShareExtension$CHKeyShareSpec
Event: 8.923 loading class sun/security/ssl/KeyShareExtension$CHKeyShareSpec done
Event: 8.924 loading class sun/security/ssl/OutputRecord$T13PaddingHolder
Event: 8.924 loading class sun/security/ssl/OutputRecord$T13PaddingHolder done
Event: 8.924 loading class sun/security/ssl/ContentType
Event: 8.924 loading class sun/security/ssl/ContentType done


Dynamic libraries:
c0000000-c4300000 rw-p 00000000 00:00 0 
c4300000-eab00000 ---p 00000000 00:00 0 
eab00000-ec480000 rw-p 00000000 00:00 0 
ec480000-100000000 ---p 00000000 00:00 0 
100000000-100020000 rw-p 00000000 00:00 0 
100020000-100040000 rw-p 00000000 00:00 0 
100040000-1000c0000 rw-p 00000000 00:00 0 
1000c0000-1000e0000 rw-p 00000000 00:00 0 
1000e0000-100140000 rw-p 00000000 00:00 0 
100140000-1001e0000 rw-p 00000000 00:00 0 
1001e0000-100260000 rw-p 00000000 00:00 0 
100260000-100280000 rw-p 00000000 00:00 0 
100280000-100340000 rw-p 00000000 00:00 0 
100340000-100380000 rw-p 00000000 00:00 0 
100380000-100580000 rw-p 00000000 00:00 0 
100580000-1005c0000 rw-p 00000000 00:00 0 
1005c0000-1005f0000 rw-p 00000000 00:00 0 
1005f0000-140000000 ---p 00000000 00:00 0 
5630d2b05000-5630d2b06000 r--p 00000000 08:20 209535                     /home/matheus/.vscode-server/extensions/redhat.java-1.17.0-linux-x64/jre/17.0.6-linux-x86_64/bin/java
5630d2b06000-5630d2b07000 r-xp 00001000 08:20 209535                     /home/matheus/.vscode-server/extensions/redhat.java-1.17.0-linux-x64/jre/17.0.6-linux-x86_64/bin/java
5630d2b07000-5630d2b08000 r--p 00002000 08:20 209535                     /home/matheus/.vscode-server/extensions/redhat.java-1.17.0-linux-x64/jre/17.0.6-linux-x86_64/bin/java
5630d2b08000-5630d2b09000 r--p 00002000 08:20 209535                     /home/matheus/.vscode-server/extensions/redhat.java-1.17.0-linux-x64/jre/17.0.6-linux-x86_64/bin/java
5630d2b09000-5630d2b0a000 rw-p 00003000 08:20 209535                     /home/matheus/.vscode-server/extensions/redhat.java-1.17.0-linux-x64/jre/17.0.6-linux-x86_64/bin/java
5630d3aa8000-5630d3af0000 rw-p 00000000 00:00 0                          [heap]
7fa8e77f8000-7fa8f0000000 r--s 00000000 08:20 133029                     /usr/lib/jvm/java-11-openjdk-amd64/lib/modules
7fa8f0000000-7fa8f00d4000 rw-p 00000000 00:00 0 
7fa8f00d4000-7fa8f4000000 ---p 00000000 00:00 0 
7fa8f7800000-7fa8f79c0000 rw-p 00000000 00:00 0 
7fa8f79c0000-7fa8f7b00000 rw-p 00000000 00:00 0 
7fa8f7b00000-7fa8f7c40000 rw-p 00000000 00:00 0 
7fa8f7c40000-7fa8f7d00000 ---p 00000000 00:00 0 
7fa8f7d00000-7fa8f7df0000 rw-p 00000000 00:00 0 
7fa8f7df0000-7fa8f8000000 ---p 00000000 00:00 0 
7fa8f8000000-7fa8f80f0000 rw-p 00000000 00:00 0 
7fa8f80f0000-7fa8fc000000 ---p 00000000 00:00 0 
7fa8fc000000-7fa8fc082000 rw-p 00000000 00:00 0 
7fa8fc082000-7fa900000000 ---p 00000000 00:00 0 
7fa900000000-7fa9012a2000 rw-p 00000000 00:00 0 
7fa9012a2000-7fa904000000 ---p 00000000 00:00 0 
7fa904000000-7fa904021000 rw-p 00000000 00:00 0 
7fa904021000-7fa908000000 ---p 00000000 00:00 0 
7fa908000000-7fa90805c000 rw-p 00000000 00:00 0 
7fa90805c000-7fa90c000000 ---p 00000000 00:00 0 
7fa90c000000-7fa90c021000 rw-p 00000000 00:00 0 
7fa90c021000-7fa910000000 ---p 00000000 00:00 0 
7fa910000000-7fa911736000 rw-p 00000000 00:00 0 
7fa911736000-7fa914000000 ---p 00000000 00:00 0 
7fa914000000-7fa914563000 rw-p 00000000 00:00 0 
7fa914563000-7fa918000000 ---p 00000000 00:00 0 
7fa918000000-7fa918021000 rw-p 00000000 00:00 0 
7fa918021000-7fa91c000000 ---p 00000000 00:00 0 
7fa91c000000-7fa91c021000 rw-p 00000000 00:00 0 
7fa91c021000-7fa920000000 ---p 00000000 00:00 0 
7fa920000000-7fa920a75000 rw-p 00000000 00:00 0 
7fa920a75000-7fa924000000 ---p 00000000 00:00 0 
7fa924000000-7fa924021000 rw-p 00000000 00:00 0 
7fa924021000-7fa928000000 ---p 00000000 00:00 0 
7fa928000000-7fa928132000 rw-p 00000000 00:00 0 
7fa928132000-7fa92c000000 ---p 00000000 00:00 0 
7fa92c000000-7fa92c021000 rw-p 00000000 00:00 0 
7fa92c021000-7fa930000000 ---p 00000000 00:00 0 
7fa930000000-7fa930021000 rw-p 00000000 00:00 0 
7fa930021000-7fa934000000 ---p 00000000 00:00 0 
7fa934000000-7fa934021000 rw-p 00000000 00:00 0 
7fa934021000-7fa938000000 ---p 00000000 00:00 0 
7fa938000000-7fa938021000 rw-p 00000000 00:00 0 
7fa938021000-7fa93c000000 ---p 00000000 00:00 0 
7fa93c000000-7fa93c021000 rw-p 00000000 00:00 0 
7fa93c021000-7fa940000000 ---p 00000000 00:00 0 
7fa940000000-7fa940021000 rw-p 00000000 00:00 0 
7fa940021000-7fa944000000 ---p 00000000 00:00 0 
7fa944000000-7fa944021000 rw-p 00000000 00:00 0 
7fa944021000-7fa948000000 ---p 00000000 00:00 0 
7fa948000000-7fa9480a2000 rw-p 00000000 00:00 0 
7fa9480a2000-7fa94c000000 ---p 00000000 00:00 0 
7fa94c400000-7fa94cb00000 rw-p 00000000 00:00 0 
7fa94cb00000-7fa94cc00000 rw-p 00000000 00:00 0 
7fa94cf00000-7fa94cf04000 ---p 00000000 00:00 0 
7fa94cf04000-7fa94d000000 rw-p 00000000 00:00 0 
7fa94d000000-7fa94d004000 ---p 00000000 00:00 0 
7fa94d004000-7fa94d100000 rw-p 00000000 00:00 0 
7fa94d100000-7fa94d104000 ---p 00000000 00:00 0 
7fa94d104000-7fa94d200000 rw-p 00000000 00:00 0 
7fa94d200000-7fa94d204000 ---p 00000000 00:00 0 
7fa94d204000-7fa94d300000 rw-p 00000000 00:00 0 
7fa94d300000-7fa94d304000 ---p 00000000 00:00 0 
7fa94d304000-7fa94d7a0000 rw-p 00000000 00:00 0 
7fa94d7a0000-7fa94d7c0000 rw-p 00000000 00:00 0 
7fa94d7c0000-7fa94d900000 rw-p 00000000 00:00 0 
7fa94d900000-7fa94da00000 rw-p 00000000 00:00 0 
7fa94da00000-7fa94dc00000 rw-p 00000000 00:00 0 
7fa94dc00000-7fa94dc04000 ---p 00000000 00:00 0 
7fa94dc04000-7fa94dd00000 rw-p 00000000 00:00 0 
7fa94dd00000-7fa94dd04000 ---p 00000000 00:00 0 
7fa94dd04000-7fa94de00000 rw-p 00000000 00:00 0 
7fa94de00000-7fa94de04000 ---p 00000000 00:00 0 
7fa94de04000-7fa94df00000 rw-p 00000000 00:00 0 
7fa94df00000-7fa94df04000 ---p 00000000 00:00 0 
7fa94df04000-7fa94e100000 rw-p 00000000 00:00 0 
7fa94e100000-7fa94e200000 rw-p 00000000 00:00 0 
7fa94e200000-7fa94e500000 rw-p 00000000 00:00 0 
7fa94e500000-7fa94e600000 rw-p 00000000 00:00 0 
7fa94e600000-7fa94e800000 rw-p 00000000 00:00 0 
7fa94e8fe000-7fa94e902000 ---p 00000000 00:00 0 
7fa94e902000-7fa94e9fe000 rw-p 00000000 00:00 0 
7fa94e9fe000-7fa94e9ff000 ---p 00000000 00:00 0 
7fa94e9ff000-7fa94eb00000 rw-p 00000000 00:00 0 
7fa94eb00000-7fa94eb04000 ---p 00000000 00:00 0 
7fa94eb04000-7fa94ec00000 rw-p 00000000 00:00 0 
7fa94ec00000-7fa94ec10000 r-xp 00000000 08:20 210164                     /home/matheus/.vscode-server/data/User/globalStorage/redhat.java/1.17.0/config_linux/org.eclipse.equinox.launcher/org.eclipse.equinox.launcher.gtk.linux.x86_64_1.2.700.v20221108-1024/eclipse_11801.so
7fa94ec10000-7fa94ee0f000 ---p 00010000 08:20 210164                     /home/matheus/.vscode-server/data/User/globalStorage/redhat.java/1.17.0/config_linux/org.eclipse.equinox.launcher/org.eclipse.equinox.launcher.gtk.linux.x86_64_1.2.700.v20221108-1024/eclipse_11801.so
7fa94ee0f000-7fa94ee10000 r--p 0000f000 08:20 210164                     /home/matheus/.vscode-server/data/User/globalStorage/redhat.java/1.17.0/config_linux/org.eclipse.equinox.launcher/org.eclipse.equinox.launcher.gtk.linux.x86_64_1.2.700.v20221108-1024/eclipse_11801.so
7fa94ee10000-7fa94ee11000 rw-p 00010000 08:20 210164                     /home/matheus/.vscode-server/data/User/globalStorage/redhat.java/1.17.0/config_linux/org.eclipse.equinox.launcher/org.eclipse.equinox.launcher.gtk.linux.x86_64_1.2.700.v20221108-1024/eclipse_11801.so
7fa94ee11000-7fa94ee12000 rw-p 00000000 00:00 0 
7fa94eef4000-7fa94eef8000 ---p 00000000 00:00 0 
7fa94eef8000-7fa94eff4000 rw-p 00000000 00:00 0 
7fa94eff4000-7fa94eff8000 ---p 00000000 00:00 0 
7fa94eff8000-7fa94f0f4000 rw-p 00000000 00:00 0 
7fa94f0f4000-7fa94f0f5000 ---p 00000000 00:00 0 
7fa94f0f5000-7fa94f1f6000 rw-p 00000000 00:00 0 
7fa94f1f6000-7fa94f1f7000 ---p 00000000 00:00 0 
7fa94f1f7000-7fa94f2f8000 rw-p 00000000 00:00 0 
7fa94f2f8000-7fa94f2f9000 ---p 00000000 00:00 0 
7fa94f2f9000-7fa94f3fa000 rw-p 00000000 00:00 0 
7fa94f3fa000-7fa94f3fb000 ---p 00000000 00:00 0 
7fa94f3fb000-7fa94f4fc000 rw-p 00000000 00:00 0 
7fa94f4fc000-7fa94f4fd000 ---p 00000000 00:00 0 
7fa94f4fd000-7fa94f5fe000 rw-p 00000000 00:00 0 
7fa94f5fe000-7fa94f5ff000 ---p 00000000 00:00 0 
7fa94f5ff000-7fa94f700000 rw-p 00000000 00:00 0 
7fa94f700000-7fa94f704000 ---p 00000000 00:00 0 
7fa94f704000-7fa94f900000 rw-p 00000000 00:00 0 
7fa94f900000-7fa94fb00000 rw-p 00000000 00:00 0 
7fa94fb00000-7fa94fd80000 rw-p 00000000 00:00 0 
7fa94fd80000-7fa94fe00000 rw-p 00000000 00:00 0 
7fa94fe00000-7fa94ff80000 rw-p 00000000 00:00 0 
7fa94ff80000-7fa950000000 rw-p 00000000 00:00 0 
7fa950000000-7fa950021000 rw-p 00000000 00:00 0 
7fa950021000-7fa954000000 ---p 00000000 00:00 0 
7fa954000000-7fa954302000 rw-p 00000000 00:00 0 
7fa954302000-7fa958000000 ---p 00000000 00:00 0 
7fa958000000-7fa958021000 rw-p 00000000 00:00 0 
7fa958021000-7fa95c000000 ---p 00000000 00:00 0 
7fa95c000000-7fa95c021000 rw-p 00000000 00:00 0 
7fa95c021000-7fa960000000 ---p 00000000 00:00 0 
7fa960000000-7fa960d61000 rw-p 00000000 00:00 0 
7fa960d61000-7fa964000000 ---p 00000000 00:00 0 
7fa964000000-7fa964021000 rw-p 00000000 00:00 0 
7fa964021000-7fa968000000 ---p 00000000 00:00 0 
7fa968000000-7fa968021000 rw-p 00000000 00:00 0 
7fa968021000-7fa96c000000 ---p 00000000 00:00 0 
7fa96c000000-7fa96dbe2000 rw-p 00000000 00:00 0 
7fa96dbe2000-7fa970000000 ---p 00000000 00:00 0 
7fa970000000-7fa970021000 rw-p 00000000 00:00 0 
7fa970021000-7fa974000000 ---p 00000000 00:00 0 
7fa974000000-7fa974021000 rw-p 00000000 00:00 0 
7fa974021000-7fa978000000 ---p 00000000 00:00 0 
7fa978000000-7fa978021000 rw-p 00000000 00:00 0 
7fa978021000-7fa97c000000 ---p 00000000 00:00 0 
7fa97c000000-7fa97c021000 rw-p 00000000 00:00 0 
7fa97c021000-7fa980000000 ---p 00000000 00:00 0 
7fa980000000-7fa980021000 rw-p 00000000 00:00 0 
7fa980021000-7fa984000000 ---p 00000000 00:00 0 
7fa984003000-7fa984007000 ---p 00000000 00:00 0 
7fa984007000-7fa984103000 rw-p 00000000 00:00 0 
7fa984103000-7fa984104000 ---p 00000000 00:00 0 
7fa984104000-7fa984205000 rw-p 00000000 00:00 0 
7fa984205000-7fa984209000 ---p 00000000 00:00 0 
7fa984209000-7fa984305000 rw-p 00000000 00:00 0 
7fa984305000-7fa984309000 ---p 00000000 00:00 0 
7fa984309000-7fa984405000 rw-p 00000000 00:00 0 
7fa984405000-7fa984409000 ---p 00000000 00:00 0 
7fa984409000-7fa984505000 rw-p 00000000 00:00 0 
7fa984505000-7fa984509000 ---p 00000000 00:00 0 
7fa984509000-7fa984605000 rw-p 00000000 00:00 0 
7fa984605000-7fa984609000 ---p 00000000 00:00 0 
7fa984609000-7fa984705000 rw-p 00000000 00:00 0 
7fa984705000-7fa984709000 ---p 00000000 00:00 0 
7fa984709000-7fa984805000 rw-p 00000000 00:00 0 
7fa984805000-7fa984809000 ---p 00000000 00:00 0 
7fa984809000-7fa984905000 rw-p 00000000 00:00 0 
7fa984905000-7fa984909000 ---p 00000000 00:00 0 
7fa984909000-7fa984a05000 rw-p 00000000 00:00 0 
7fa984a05000-7fa984cee000 r--p 00000000 08:20 16636                      /usr/lib/locale/locale-archive
7fa984cee000-7fa984cf2000 ---p 00000000 00:00 0 
7fa984cf2000-7fa984dee000 rw-p 00000000 00:00 0 
7fa984dee000-7fa984df2000 ---p 00000000 00:00 0 
7fa984df2000-7fa984eee000 rw-p 00000000 00:00 0 
7fa984eee000-7fa984eef000 ---p 00000000 00:00 0 
7fa984eef000-7fa988000000 rw-p 00000000 00:00 0 
7fa988000000-7fa988021000 rw-p 00000000 00:00 0 
7fa988021000-7fa98c000000 ---p 00000000 00:00 0 
7fa98c077000-7fa98c079000 r--p 00000000 08:20 209929                     /home/matheus/.vscode-server/extensions/redhat.java-1.17.0-linux-x64/jre/17.0.6-linux-x86_64/lib/libmanagement_ext.so
7fa98c079000-7fa98c07c000 r-xp 00002000 08:20 209929                     /home/matheus/.vscode-server/extensions/redhat.java-1.17.0-linux-x64/jre/17.0.6-linux-x86_64/lib/libmanagement_ext.so
7fa98c07c000-7fa98c07d000 r--p 00005000 08:20 209929                     /home/matheus/.vscode-server/extensions/redhat.java-1.17.0-linux-x64/jre/17.0.6-linux-x86_64/lib/libmanagement_ext.so
7fa98c07d000-7fa98c07e000 ---p 00006000 08:20 209929                     /home/matheus/.vscode-server/extensions/redhat.java-1.17.0-linux-x64/jre/17.0.6-linux-x86_64/lib/libmanagement_ext.so
7fa98c07e000-7fa98c07f000 r--p 00006000 08:20 209929                     /home/matheus/.vscode-server/extensions/redhat.java-1.17.0-linux-x64/jre/17.0.6-linux-x86_64/lib/libmanagement_ext.so
7fa98c07f000-7fa98c080000 rw-p 00007000 08:20 209929                     /home/matheus/.vscode-server/extensions/redhat.java-1.17.0-linux-x64/jre/17.0.6-linux-x86_64/lib/libmanagement_ext.so
7fa98c080000-7fa98c084000 ---p 00000000 00:00 0 
7fa98c084000-7fa98c0a2000 rw-p 00000000 00:00 0 
7fa98c0a2000-7fa98c0f9000 r--p 00000000 08:20 30393                      /usr/lib/locale/C.utf8/LC_CTYPE
7fa98c0f9000-7fa98cc00000 rw-p 00000000 00:00 0 
7fa98cc00000-7fa98cc80000 rw-p 00000000 00:00 0 
7fa98cc80000-7fa98cd00000 rw-p 00000000 00:00 0 
7fa98cd00000-7fa98d000000 rw-p 00000000 00:00 0 
7fa98d000000-7fa98da60000 rwxp 00000000 00:00 0 
7fa98da60000-7fa994537000 ---p 00000000 00:00 0 
7fa994537000-7fa9947a7000 rwxp 00000000 00:00 0 
7fa9947a7000-7fa994ac9000 ---p 00000000 00:00 0 
7fa994ac9000-7fa994d89000 rwxp 00000000 00:00 0 
7fa994d89000-7fa99c000000 ---p 00000000 00:00 0 
7fa99c000000-7fa99c7cc000 rw-p 00000000 00:00 0 
7fa99c7cc000-7fa9a0000000 ---p 00000000 00:00 0 
7fa9a0003000-7fa9a0004000 r--p 00000000 08:20 209912                     /home/matheus/.vscode-server/extensions/redhat.java-1.17.0-linux-x64/jre/17.0.6-linux-x86_64/lib/libextnet.so
7fa9a0004000-7fa9a0005000 r-xp 00001000 08:20 209912                     /home/matheus/.vscode-server/extensions/redhat.java-1.17.0-linux-x64/jre/17.0.6-linux-x86_64/lib/libextnet.so
7fa9a0005000-7fa9a0006000 r--p 00002000 08:20 209912                     /home/matheus/.vscode-server/extensions/redhat.java-1.17.0-linux-x64/jre/17.0.6-linux-x86_64/lib/libextnet.so
7fa9a0006000-7fa9a0007000 r--p 00002000 08:20 209912                     /home/matheus/.vscode-server/extensions/redhat.java-1.17.0-linux-x64/jre/17.0.6-linux-x86_64/lib/libextnet.so
7fa9a0007000-7fa9a0008000 rw-p 00003000 08:20 209912                     /home/matheus/.vscode-server/extensions/redhat.java-1.17.0-linux-x64/jre/17.0.6-linux-x86_64/lib/libextnet.so
7fa9a0008000-7fa9a000b000 r--p 00000000 08:20 209930                     /home/matheus/.vscode-server/extensions/redhat.java-1.17.0-linux-x64/jre/17.0.6-linux-x86_64/lib/libmanagement.so
7fa9a000b000-7fa9a000c000 r-xp 00003000 08:20 209930                     /home/matheus/.vscode-server/extensions/redhat.java-1.17.0-linux-x64/jre/17.0.6-linux-x86_64/lib/libmanagement.so
7fa9a000c000-7fa9a000d000 r--p 00004000 08:20 209930                     /home/matheus/.vscode-server/extensions/redhat.java-1.17.0-linux-x64/jre/17.0.6-linux-x86_64/lib/libmanagement.so
7fa9a000d000-7fa9a000e000 r--p 00004000 08:20 209930                     /home/matheus/.vscode-server/extensions/redhat.java-1.17.0-linux-x64/jre/17.0.6-linux-x86_64/lib/libmanagement.so
7fa9a000e000-7fa9a000f000 rw-p 00005000 08:20 209930                     /home/matheus/.vscode-server/extensions/redhat.java-1.17.0-linux-x64/jre/17.0.6-linux-x86_64/lib/libmanagement.so
7fa9a000f000-7fa9a0013000 r--p 00000000 08:20 209939                     /home/matheus/.vscode-server/extensions/redhat.java-1.17.0-linux-x64/jre/17.0.6-linux-x86_64/lib/libverify.so
7fa9a0013000-7fa9a001a000 r-xp 00004000 08:20 209939                     /home/matheus/.vscode-server/extensions/redhat.java-1.17.0-linux-x64/jre/17.0.6-linux-x86_64/lib/libverify.so
7fa9a001a000-7fa9a001c000 r--p 0000b000 08:20 209939                     /home/matheus/.vscode-server/extensions/redhat.java-1.17.0-linux-x64/jre/17.0.6-linux-x86_64/lib/libverify.so
7fa9a001c000-7fa9a001e000 r--p 0000c000 08:20 209939                     /home/matheus/.vscode-server/extensions/redhat.java-1.17.0-linux-x64/jre/17.0.6-linux-x86_64/lib/libverify.so
7fa9a001e000-7fa9a001f000 rw-p 0000e000 08:20 209939                     /home/matheus/.vscode-server/extensions/redhat.java-1.17.0-linux-x64/jre/17.0.6-linux-x86_64/lib/libverify.so
7fa9a001f000-7fa9a0023000 r--p 00000000 08:20 209932                     /home/matheus/.vscode-server/extensions/redhat.java-1.17.0-linux-x64/jre/17.0.6-linux-x86_64/lib/libnet.so
7fa9a0023000-7fa9a0031000 r-xp 00004000 08:20 209932                     /home/matheus/.vscode-server/extensions/redhat.java-1.17.0-linux-x64/jre/17.0.6-linux-x86_64/lib/libnet.so
7fa9a0031000-7fa9a0035000 r--p 00012000 08:20 209932                     /home/matheus/.vscode-server/extensions/redhat.java-1.17.0-linux-x64/jre/17.0.6-linux-x86_64/lib/libnet.so
7fa9a0035000-7fa9a0036000 r--p 00015000 08:20 209932                     /home/matheus/.vscode-server/extensions/redhat.java-1.17.0-linux-x64/jre/17.0.6-linux-x86_64/lib/libnet.so
7fa9a0036000-7fa9a0037000 rw-p 00016000 08:20 209932                     /home/matheus/.vscode-server/extensions/redhat.java-1.17.0-linux-x64/jre/17.0.6-linux-x86_64/lib/libnet.so
7fa9a0037000-7fa9a003e000 r--p 00000000 08:20 209933                     /home/matheus/.vscode-server/extensions/redhat.java-1.17.0-linux-x64/jre/17.0.6-linux-x86_64/lib/libnio.so
7fa9a003e000-7fa9a0047000 r-xp 00007000 08:20 209933                     /home/matheus/.vscode-server/extensions/redhat.java-1.17.0-linux-x64/jre/17.0.6-linux-x86_64/lib/libnio.so
7fa9a0047000-7fa9a004b000 r--p 00010000 08:20 209933                     /home/matheus/.vscode-server/extensions/redhat.java-1.17.0-linux-x64/jre/17.0.6-linux-x86_64/lib/libnio.so
7fa9a004b000-7fa9a004c000 ---p 00014000 08:20 209933                     /home/matheus/.vscode-server/extensions/redhat.java-1.17.0-linux-x64/jre/17.0.6-linux-x86_64/lib/libnio.so
7fa9a004c000-7fa9a004d000 r--p 00014000 08:20 209933                     /home/matheus/.vscode-server/extensions/redhat.java-1.17.0-linux-x64/jre/17.0.6-linux-x86_64/lib/libnio.so
7fa9a004d000-7fa9a004e000 rw-p 00015000 08:20 209933                     /home/matheus/.vscode-server/extensions/redhat.java-1.17.0-linux-x64/jre/17.0.6-linux-x86_64/lib/libnio.so
7fa9a004e000-7fa9a004f000 r--p 00000000 08:20 30399                      /usr/lib/locale/C.utf8/LC_NUMERIC
7fa9a004f000-7fa9a0050000 r--p 00000000 08:20 30402                      /usr/lib/locale/C.utf8/LC_TIME
7fa9a0050000-7fa9a0051000 r--p 00000000 08:20 30391                      /usr/lib/locale/C.utf8/LC_COLLATE
7fa9a0051000-7fa9a0052000 r--p 00000000 08:20 30397                      /usr/lib/locale/C.utf8/LC_MONETARY
7fa9a0052000-7fa9a0053000 r--p 00000000 08:20 30396                      /usr/lib/locale/C.utf8/LC_MESSAGES/SYS_LC_MESSAGES
7fa9a0053000-7fa9a0054000 r--p 00000000 08:20 30400                      /usr/lib/locale/C.utf8/LC_PAPER
7fa9a0054000-7fa9a005b000 r--s 00000000 08:20 31415                      /usr/lib/x86_64-linux-gnu/gconv/gconv-modules.cache
7fa9a005b000-7fa9a045f000 rw-p 00000000 00:00 0 
7fa9a045f000-7fa9a0461000 r--p 00000000 08:20 209940                     /home/matheus/.vscode-server/extensions/redhat.java-1.17.0-linux-x64/jre/17.0.6-linux-x86_64/lib/libzip.so
7fa9a0461000-7fa9a0465000 r-xp 00002000 08:20 209940                     /home/matheus/.vscode-server/extensions/redhat.java-1.17.0-linux-x64/jre/17.0.6-linux-x86_64/lib/libzip.so
7fa9a0465000-7fa9a0467000 r--p 00006000 08:20 209940                     /home/matheus/.vscode-server/extensions/redhat.java-1.17.0-linux-x64/jre/17.0.6-linux-x86_64/lib/libzip.so
7fa9a0467000-7fa9a0468000 r--p 00007000 08:20 209940                     /home/matheus/.vscode-server/extensions/redhat.java-1.17.0-linux-x64/jre/17.0.6-linux-x86_64/lib/libzip.so
7fa9a0468000-7fa9a0469000 rw-p 00008000 08:20 209940                     /home/matheus/.vscode-server/extensions/redhat.java-1.17.0-linux-x64/jre/17.0.6-linux-x86_64/lib/libzip.so
7fa9a0469000-7fa9a07bc000 rw-p 00000000 00:00 0 
7fa9a07bc000-7fa9a08f0000 ---p 00000000 00:00 0 
7fa9a08f0000-7fa9a08f1000 ---p 00000000 00:00 0 
7fa9a08f1000-7fa9a0a14000 rw-p 00000000 00:00 0 
7fa9a0a14000-7fa9a0b47000 ---p 00000000 00:00 0 
7fa9a0b47000-7fa9a0b55000 rw-p 00000000 00:00 0 
7fa9a0b55000-7fa9a0bf2000 ---p 00000000 00:00 0 
7fa9a0bf2000-7fa9a0bf9000 rw-p 00000000 00:00 0 
7fa9a0bf9000-7fa9a0cde000 ---p 00000000 00:00 0 
7fa9a0cde000-7fa9a0cf3000 rw-p 00000000 00:00 0 
7fa9a0cf3000-7fa9a0dc9000 ---p 00000000 00:00 0 
7fa9a0dc9000-7fa9a0dce000 rw-p 00000000 00:00 0 
7fa9a0dce000-7fa9a0dd5000 ---p 00000000 00:00 0 
7fa9a0dd5000-7fa9a0ddd000 rw-s 00000000 08:20 137587                     /tmp/hsperfdata_matheus/380
7fa9a0ddd000-7fa9a0dea000 r--p 00000000 08:20 209919                     /home/matheus/.vscode-server/extensions/redhat.java-1.17.0-linux-x64/jre/17.0.6-linux-x86_64/lib/libjava.so
7fa9a0dea000-7fa9a0dfc000 r-xp 0000d000 08:20 209919                     /home/matheus/.vscode-server/extensions/redhat.java-1.17.0-linux-x64/jre/17.0.6-linux-x86_64/lib/libjava.so
7fa9a0dfc000-7fa9a0e02000 r--p 0001f000 08:20 209919                     /home/matheus/.vscode-server/extensions/redhat.java-1.17.0-linux-x64/jre/17.0.6-linux-x86_64/lib/libjava.so
7fa9a0e02000-7fa9a0e03000 ---p 00025000 08:20 209919                     /home/matheus/.vscode-server/extensions/redhat.java-1.17.0-linux-x64/jre/17.0.6-linux-x86_64/lib/libjava.so
7fa9a0e03000-7fa9a0e04000 r--p 00025000 08:20 209919                     /home/matheus/.vscode-server/extensions/redhat.java-1.17.0-linux-x64/jre/17.0.6-linux-x86_64/lib/libjava.so
7fa9a0e04000-7fa9a0e05000 rw-p 00026000 08:20 209919                     /home/matheus/.vscode-server/extensions/redhat.java-1.17.0-linux-x64/jre/17.0.6-linux-x86_64/lib/libjava.so
7fa9a0e05000-7fa9a0e06000 rw-p 00000000 00:00 0 
7fa9a0e06000-7fa9a0e08000 r--p 00000000 08:20 209914                     /home/matheus/.vscode-server/extensions/redhat.java-1.17.0-linux-x64/jre/17.0.6-linux-x86_64/lib/libinstrument.so
7fa9a0e08000-7fa9a0e0e000 r-xp 00002000 08:20 209914                     /home/matheus/.vscode-server/extensions/redhat.java-1.17.0-linux-x64/jre/17.0.6-linux-x86_64/lib/libinstrument.so
7fa9a0e0e000-7fa9a0e11000 r--p 00008000 08:20 209914                     /home/matheus/.vscode-server/extensions/redhat.java-1.17.0-linux-x64/jre/17.0.6-linux-x86_64/lib/libinstrument.so
7fa9a0e11000-7fa9a0e12000 r--p 0000a000 08:20 209914                     /home/matheus/.vscode-server/extensions/redhat.java-1.17.0-linux-x64/jre/17.0.6-linux-x86_64/lib/libinstrument.so
7fa9a0e12000-7fa9a0e13000 rw-p 0000b000 08:20 209914                     /home/matheus/.vscode-server/extensions/redhat.java-1.17.0-linux-x64/jre/17.0.6-linux-x86_64/lib/libinstrument.so
7fa9a0e13000-7fa9a3a27000 r--s 00000000 08:20 209941                     /home/matheus/.vscode-server/extensions/redhat.java-1.17.0-linux-x64/jre/17.0.6-linux-x86_64/lib/modules
7fa9a3a27000-7fa9a3a2b000 r--p 00000000 08:20 209923                     /home/matheus/.vscode-server/extensions/redhat.java-1.17.0-linux-x64/jre/17.0.6-linux-x86_64/lib/libjimage.so
7fa9a3a2b000-7fa9a3a3e000 r-xp 00004000 08:20 209923                     /home/matheus/.vscode-server/extensions/redhat.java-1.17.0-linux-x64/jre/17.0.6-linux-x86_64/lib/libjimage.so
7fa9a3a3e000-7fa9a3a44000 r--p 00017000 08:20 209923                     /home/matheus/.vscode-server/extensions/redhat.java-1.17.0-linux-x64/jre/17.0.6-linux-x86_64/lib/libjimage.so
7fa9a3a44000-7fa9a3a46000 r--p 0001c000 08:20 209923                     /home/matheus/.vscode-server/extensions/redhat.java-1.17.0-linux-x64/jre/17.0.6-linux-x86_64/lib/libjimage.so
7fa9a3a46000-7fa9a3a47000 rw-p 0001e000 08:20 209923                     /home/matheus/.vscode-server/extensions/redhat.java-1.17.0-linux-x64/jre/17.0.6-linux-x86_64/lib/libjimage.so
7fa9a3a47000-7fa9a3a4b000 ---p 00000000 00:00 0 
7fa9a3a4b000-7fa9a3b47000 rw-p 00000000 00:00 0 
7fa9a3b47000-7fa9a3b55000 r--p 00000000 08:20 17261                      /usr/lib/x86_64-linux-gnu/libm.so.6
7fa9a3b55000-7fa9a3bd1000 r-xp 0000e000 08:20 17261                      /usr/lib/x86_64-linux-gnu/libm.so.6
7fa9a3bd1000-7fa9a3c2c000 r--p 0008a000 08:20 17261                      /usr/lib/x86_64-linux-gnu/libm.so.6
7fa9a3c2c000-7fa9a3c2d000 r--p 000e4000 08:20 17261                      /usr/lib/x86_64-linux-gnu/libm.so.6
7fa9a3c2d000-7fa9a3c2e000 rw-p 000e5000 08:20 17261                      /usr/lib/x86_64-linux-gnu/libm.so.6
7fa9a3c2e000-7fa9a3c2f000 r--p 00000000 08:20 17272                      /usr/lib/x86_64-linux-gnu/librt.so.1
7fa9a3c2f000-7fa9a3c30000 r-xp 00001000 08:20 17272                      /usr/lib/x86_64-linux-gnu/librt.so.1
7fa9a3c30000-7fa9a3c31000 r--p 00002000 08:20 17272                      /usr/lib/x86_64-linux-gnu/librt.so.1
7fa9a3c31000-7fa9a3c32000 r--p 00002000 08:20 17272                      /usr/lib/x86_64-linux-gnu/librt.so.1
7fa9a3c32000-7fa9a3c33000 rw-p 00003000 08:20 17272                      /usr/lib/x86_64-linux-gnu/librt.so.1
7fa9a3c33000-7fa9a3e85000 r--p 00000000 08:20 209951                     /home/matheus/.vscode-server/extensions/redhat.java-1.17.0-linux-x64/jre/17.0.6-linux-x86_64/lib/server/libjvm.so
7fa9a3e85000-7fa9a4ba2000 r-xp 00252000 08:20 209951                     /home/matheus/.vscode-server/extensions/redhat.java-1.17.0-linux-x64/jre/17.0.6-linux-x86_64/lib/server/libjvm.so
7fa9a4ba2000-7fa9a4e2e000 r--p 00f6f000 08:20 209951                     /home/matheus/.vscode-server/extensions/redhat.java-1.17.0-linux-x64/jre/17.0.6-linux-x86_64/lib/server/libjvm.so
7fa9a4e2e000-7fa9a4ee7000 r--p 011fa000 08:20 209951                     /home/matheus/.vscode-server/extensions/redhat.java-1.17.0-linux-x64/jre/17.0.6-linux-x86_64/lib/server/libjvm.so
7fa9a4ee7000-7fa9a4f1c000 rw-p 012b3000 08:20 209951                     /home/matheus/.vscode-server/extensions/redhat.java-1.17.0-linux-x64/jre/17.0.6-linux-x86_64/lib/server/libjvm.so
7fa9a4f1c000-7fa9a4f7a000 rw-p 00000000 00:00 0 
7fa9a4f7a000-7fa9a4fa2000 r--p 00000000 08:20 17258                      /usr/lib/x86_64-linux-gnu/libc.so.6
7fa9a4fa2000-7fa9a5137000 r-xp 00028000 08:20 17258                      /usr/lib/x86_64-linux-gnu/libc.so.6
7fa9a5137000-7fa9a518f000 r--p 001bd000 08:20 17258                      /usr/lib/x86_64-linux-gnu/libc.so.6
7fa9a518f000-7fa9a5193000 r--p 00214000 08:20 17258                      /usr/lib/x86_64-linux-gnu/libc.so.6
7fa9a5193000-7fa9a5195000 rw-p 00218000 08:20 17258                      /usr/lib/x86_64-linux-gnu/libc.so.6
7fa9a5195000-7fa9a51a2000 rw-p 00000000 00:00 0 
7fa9a51a2000-7fa9a51a3000 r--p 00000000 08:20 17260                      /usr/lib/x86_64-linux-gnu/libdl.so.2
7fa9a51a3000-7fa9a51a4000 r-xp 00001000 08:20 17260                      /usr/lib/x86_64-linux-gnu/libdl.so.2
7fa9a51a4000-7fa9a51a5000 r--p 00002000 08:20 17260                      /usr/lib/x86_64-linux-gnu/libdl.so.2
7fa9a51a5000-7fa9a51a6000 r--p 00002000 08:20 17260                      /usr/lib/x86_64-linux-gnu/libdl.so.2
7fa9a51a6000-7fa9a51a7000 rw-p 00003000 08:20 17260                      /usr/lib/x86_64-linux-gnu/libdl.so.2
7fa9a51a7000-7fa9a51a8000 r--p 00000000 08:20 17270                      /usr/lib/x86_64-linux-gnu/libpthread.so.0
7fa9a51a8000-7fa9a51a9000 r-xp 00001000 08:20 17270                      /usr/lib/x86_64-linux-gnu/libpthread.so.0
7fa9a51a9000-7fa9a51aa000 r--p 00002000 08:20 17270                      /usr/lib/x86_64-linux-gnu/libpthread.so.0
7fa9a51aa000-7fa9a51ab000 r--p 00002000 08:20 17270                      /usr/lib/x86_64-linux-gnu/libpthread.so.0
7fa9a51ab000-7fa9a51ac000 rw-p 00003000 08:20 17270                      /usr/lib/x86_64-linux-gnu/libpthread.so.0
7fa9a51ac000-7fa9a51af000 r--p 00000000 08:20 209924                     /home/matheus/.vscode-server/extensions/redhat.java-1.17.0-linux-x64/jre/17.0.6-linux-x86_64/lib/libjli.so
7fa9a51af000-7fa9a51b9000 r-xp 00003000 08:20 209924                     /home/matheus/.vscode-server/extensions/redhat.java-1.17.0-linux-x64/jre/17.0.6-linux-x86_64/lib/libjli.so
7fa9a51b9000-7fa9a51bc000 r--p 0000d000 08:20 209924                     /home/matheus/.vscode-server/extensions/redhat.java-1.17.0-linux-x64/jre/17.0.6-linux-x86_64/lib/libjli.so
7fa9a51bc000-7fa9a51bd000 ---p 00010000 08:20 209924                     /home/matheus/.vscode-server/extensions/redhat.java-1.17.0-linux-x64/jre/17.0.6-linux-x86_64/lib/libjli.so
7fa9a51bd000-7fa9a51be000 r--p 00010000 08:20 209924                     /home/matheus/.vscode-server/extensions/redhat.java-1.17.0-linux-x64/jre/17.0.6-linux-x86_64/lib/libjli.so
7fa9a51be000-7fa9a51bf000 rw-p 00011000 08:20 209924                     /home/matheus/.vscode-server/extensions/redhat.java-1.17.0-linux-x64/jre/17.0.6-linux-x86_64/lib/libjli.so
7fa9a51bf000-7fa9a51c1000 r--p 00000000 08:20 12201                      /usr/lib/x86_64-linux-gnu/libz.so.1.2.11
7fa9a51c1000-7fa9a51d2000 r-xp 00002000 08:20 12201                      /usr/lib/x86_64-linux-gnu/libz.so.1.2.11
7fa9a51d2000-7fa9a51d8000 r--p 00013000 08:20 12201                      /usr/lib/x86_64-linux-gnu/libz.so.1.2.11
7fa9a51d8000-7fa9a51d9000 ---p 00019000 08:20 12201                      /usr/lib/x86_64-linux-gnu/libz.so.1.2.11
7fa9a51d9000-7fa9a51da000 r--p 00019000 08:20 12201                      /usr/lib/x86_64-linux-gnu/libz.so.1.2.11
7fa9a51da000-7fa9a51db000 rw-p 0001a000 08:20 12201                      /usr/lib/x86_64-linux-gnu/libz.so.1.2.11
7fa9a51db000-7fa9a51dc000 r--p 00000000 08:20 30398                      /usr/lib/locale/C.utf8/LC_NAME
7fa9a51dc000-7fa9a51dd000 r--p 00000000 08:20 30390                      /usr/lib/locale/C.utf8/LC_ADDRESS
7fa9a51dd000-7fa9a51de000 r--p 00000000 08:20 30401                      /usr/lib/locale/C.utf8/LC_TELEPHONE
7fa9a51de000-7fa9a51df000 r--p 00000000 08:20 30395                      /usr/lib/locale/C.utf8/LC_MEASUREMENT
7fa9a51df000-7fa9a51e0000 r--p 00000000 08:20 30394                      /usr/lib/locale/C.utf8/LC_IDENTIFICATION
7fa9a51e0000-7fa9a51e1000 ---p 00000000 00:00 0 
7fa9a51e1000-7fa9a51e2000 r--p 00000000 00:00 0 
7fa9a51e2000-7fa9a51e4000 rw-p 00000000 00:00 0 
7fa9a51e4000-7fa9a51e6000 r--p 00000000 08:20 17255                      /usr/lib/x86_64-linux-gnu/ld-linux-x86-64.so.2
7fa9a51e6000-7fa9a5210000 r-xp 00002000 08:20 17255                      /usr/lib/x86_64-linux-gnu/ld-linux-x86-64.so.2
7fa9a5210000-7fa9a521b000 r--p 0002c000 08:20 17255                      /usr/lib/x86_64-linux-gnu/ld-linux-x86-64.so.2
7fa9a521b000-7fa9a521c000 ---p 00000000 00:00 0 
7fa9a521c000-7fa9a521e000 r--p 00037000 08:20 17255                      /usr/lib/x86_64-linux-gnu/ld-linux-x86-64.so.2
7fa9a521e000-7fa9a5220000 rw-p 00039000 08:20 17255                      /usr/lib/x86_64-linux-gnu/ld-linux-x86-64.so.2
7ffd09156000-7ffd09178000 rw-p 00000000 00:00 0                          [stack]
7ffd0918b000-7ffd0918f000 r--p 00000000 00:00 0                          [vvar]
7ffd0918f000-7ffd09191000 r-xp 00000000 00:00 0                          [vdso]


VM Arguments:
jvm_args: --add-modules=ALL-SYSTEM --add-opens=java.base/java.util=ALL-UNNAMED --add-opens=java.base/java.lang=ALL-UNNAMED --add-opens=java.base/sun.nio.fs=ALL-UNNAMED -Declipse.application=org.eclipse.jdt.ls.core.id1 -Dosgi.bundles.defaultStartLevel=4 -Declipse.product=org.eclipse.jdt.ls.core.product -Djava.import.generatesMetadataFilesAtProjectRoot=false -Dfile.encoding=utf8 -XX:+UseParallelGC -XX:GCTimeRatio=4 -XX:AdaptiveSizePolicyWeight=90 -Dsun.zip.disableMemoryMapping=true -Xmx1G -Xms100m -Xlog:disable -javaagent:/home/matheus/.vscode-server/extensions/redhat.java-1.17.0-linux-x64/lombok/lombok-1.18.24.jar -XX:+HeapDumpOnOutOfMemoryError -XX:HeapDumpPath=/home/matheus/.vscode-server/data/User/workspaceStorage/12a7bbb68cc33591f840e4e731930dad/redhat.java -Daether.dependencyCollector.impl=bf 
java_command: /home/matheus/.vscode-server/extensions/redhat.java-1.17.0-linux-x64/server/plugins/org.eclipse.equinox.launcher_1.6.400.v20210924-0641.jar -configuration /home/matheus/.vscode-server/data/User/globalStorage/redhat.java/1.17.0/config_linux -data /home/matheus/.vscode-server/data/User/workspaceStorage/12a7bbb68cc33591f840e4e731930dad/redhat.java/jdt_ws
java_class_path (initial): /home/matheus/.vscode-server/extensions/redhat.java-1.17.0-linux-x64/server/plugins/org.eclipse.equinox.launcher_1.6.400.v20210924-0641.jar
Launcher Type: SUN_STANDARD

[Global flags]
    uintx AdaptiveSizePolicyWeight                 = 90                                        {product} {command line}
     intx CICompilerCount                          = 4                                         {product} {ergonomic}
    uintx GCTimeRatio                              = 4                                         {product} {command line}
     bool HeapDumpOnOutOfMemoryError               = true                                   {manageable} {command line}
    ccstr HeapDumpPath                             = /home/matheus/.vscode-server/data/User/workspaceStorage/12a7bbb68cc33591f840e4e731930dad/redhat.java         {manageable} {command line}
   size_t InitialHeapSize                          = 104857600                                 {product} {command line}
   size_t MaxHeapSize                              = 1073741824                                {product} {command line}
   size_t MaxNewSize                               = 357564416                                 {product} {ergonomic}
   size_t MinHeapDeltaBytes                        = 524288                                    {product} {ergonomic}
   size_t MinHeapSize                              = 104857600                                 {product} {command line}
   size_t NewSize                                  = 34603008                                  {product} {ergonomic}
    uintx NonNMethodCodeHeapSize                   = 5839372                                {pd product} {ergonomic}
    uintx NonProfiledCodeHeapSize                  = 122909434                              {pd product} {ergonomic}
   size_t OldSize                                  = 70254592                                  {product} {ergonomic}
    uintx ProfiledCodeHeapSize                     = 122909434                              {pd product} {ergonomic}
    uintx ReservedCodeCacheSize                    = 251658240                              {pd product} {ergonomic}
     bool SegmentedCodeCache                       = true                                      {product} {ergonomic}
   size_t SoftMaxHeapSize                          = 1073741824                             {manageable} {ergonomic}
     bool UseCompressedClassPointers               = true                           {product lp64_product} {ergonomic}
     bool UseCompressedOops                        = true                           {product lp64_product} {ergonomic}
     bool UseParallelGC                            = true                                      {product} {command line}

Logging:
Log output configuration:
 #0: stdout all=off uptime,level,tags
 #1: stderr all=off uptime,level,tags

Environment Variables:
PATH=/home/matheus/.vscode-server/bin/704ed70d4fd1c6bd6342c436f1ede30d1cff4710/bin/remote-cli:/home/matheus/.nvm/versions/node/v16.16.0/bin:/usr/local/sbin:/usr/local/bin:/usr/sbin:/usr/bin:/sbin:/bin:/usr/games:/usr/local/games:/usr/lib/wsl/lib:/mnt/c/Windows/system32:/mnt/c/Windows:/mnt/c/Windows/System32/Wbem:/mnt/c/Windows/System32/WindowsPowerShell/v1.0/:/mnt/c/Windows/System32/OpenSSH/:/mnt/c/Program Files (x86)/NVIDIA Corporation/PhysX/Common:/mnt/c/Program Files/MiKTeX/miktex/bin/x64/:/mnt/c/WINDOWS/system32:/mnt/c/WINDOWS:/mnt/c/WINDOWS/System32/Wbem:/mnt/c/WINDOWS/System32/WindowsPowerShell/v1.0/:/mnt/c/Program Files/swipl/bin:/mnt/c/WINDOWS/system32:/mnt/c/WINDOWS:/mnt/c/WINDOWS/System32/Wbem:/mnt/c/WINDOWS/System32/WindowsPowerShell/v1.0/:/mnt/c/ProgramData/chocolatey/bin:/mnt/c/Program Files (x86)/Intel/Intel(R) Management Engine Components/DAL:/mnt/c/Program Files/Intel/Intel(R) Management Engine Components/DAL:/mnt/c/Dev/docker:/mnt/c/Program Files/NVIDIA Corporation/NVIDIA NvDLISR:/mnt/c/Users/viana/AppData/Local/Microsoft/WindowsApps:/mnt/c/Dev/VSCode/bin:/snap/bin:/home/matheus/.cabal/bin:/home/matheus/.ghcup/bin
SHELL=/bin/bash
DISPLAY=:0
HOSTTYPE=x86_64
LANG=C.UTF-8
TERM=xterm-256color

Signal Handlers:
   SIGSEGV: crash_handler in libjvm.so, mask=11100100010111111101111111111110, flags=SA_RESTART|SA_SIGINFO
    SIGBUS: crash_handler in libjvm.so, mask=11100100010111111101111111111110, flags=SA_RESTART|SA_SIGINFO
    SIGFPE: crash_handler in libjvm.so, mask=11100100010111111101111111111110, flags=SA_RESTART|SA_SIGINFO
   SIGPIPE: javaSignalHandler in libjvm.so, mask=11100100010111111101111111111110, flags=SA_RESTART|SA_SIGINFO
   SIGXFSZ: javaSignalHandler in libjvm.so, mask=11100100010111111101111111111110, flags=SA_RESTART|SA_SIGINFO
    SIGILL: crash_handler in libjvm.so, mask=11100100010111111101111111111110, flags=SA_RESTART|SA_SIGINFO
   SIGUSR2: SR_handler in libjvm.so, mask=00000000000000000000000000000000, flags=SA_RESTART|SA_SIGINFO
    SIGHUP: UserHandler in libjvm.so, mask=11100100010111111101111111111110, flags=SA_RESTART|SA_SIGINFO
    SIGINT: UserHandler in libjvm.so, mask=11100100010111111101111111111110, flags=SA_RESTART|SA_SIGINFO
   SIGTERM: UserHandler in libjvm.so, mask=11100100010111111101111111111110, flags=SA_RESTART|SA_SIGINFO
   SIGQUIT: UserHandler in libjvm.so, mask=11100100010111111101111111111110, flags=SA_RESTART|SA_SIGINFO
   SIGTRAP: crash_handler in libjvm.so, mask=11100100010111111101111111111110, flags=SA_RESTART|SA_SIGINFO


---------------  S Y S T E M  ---------------

OS:
DISTRIB_ID=Ubuntu
DISTRIB_RELEASE=22.04
DISTRIB_CODENAME=jammy
DISTRIB_DESCRIPTION="Ubuntu 22.04.2 LTS"
uname: Linux 5.15.90.1-microsoft-standard-WSL2 #1 SMP Fri Jan 27 02:56:13 UTC 2023 x86_64
OS uptime: 0 days 0:00 hours
libc: glibc 2.35 NPTL 2.35 
rlimit (soft/hard): STACK 8192k/infinity , CORE 0k/infinity , NPROC 31486/31486 , NOFILE 1048576/1048576 , AS infinity/infinity , CPU infinity/infinity , DATA infinity/infinity , FSIZE infinity/infinity , MEMLOCK 65536k/65536k
load average: 0.62 0.15 0.05

/proc/meminfo:
MemTotal:        8067008 kB
MemFree:         6632200 kB
MemAvailable:    6896712 kB
Buffers:           29808 kB
Cached:           435680 kB
SwapCached:            0 kB
Active:           104156 kB
Inactive:        1002724 kB
Active(anon):       1752 kB
Inactive(anon):   642096 kB
Active(file):     102404 kB
Inactive(file):   360628 kB
Unevictable:           0 kB
Mlocked:               0 kB
SwapTotal:       2097152 kB
SwapFree:        2097152 kB
Dirty:            170960 kB
Writeback:             0 kB
AnonPages:        636700 kB
Mapped:           135320 kB
Shmem:              2260 kB
KReclaimable:      35032 kB
Slab:              79860 kB
SReclaimable:      35032 kB
SUnreclaim:        44828 kB
KernelStack:        5068 kB
PageTables:         8552 kB
NFS_Unstable:          0 kB
Bounce:                0 kB
WritebackTmp:          0 kB
CommitLimit:     6130656 kB
Committed_AS:    1393308 kB
VmallocTotal:   34359738367 kB
VmallocUsed:       25144 kB
VmallocChunk:          0 kB
Percpu:             2176 kB
AnonHugePages:    139264 kB
ShmemHugePages:        0 kB
ShmemPmdMapped:        0 kB
FileHugePages:         0 kB
FilePmdMapped:         0 kB
HugePages_Total:       0
HugePages_Free:        0
HugePages_Rsvd:        0
HugePages_Surp:        0
Hugepagesize:       2048 kB
Hugetlb:               0 kB
DirectMap4k:       19456 kB
DirectMap2M:     4104192 kB
DirectMap1G:    13631488 kB

/sys/kernel/mm/transparent_hugepage/enabled: [always] madvise never
/sys/kernel/mm/transparent_hugepage/defrag (defrag/compaction efforts parameter): always defer defer+madvise [madvise] never

Process Memory:
Virtual Size: 5137664K (peak: 5137664K)
Resident Set Size: 274816K (peak: 274816K) (anon: 242460K, file: 32356K, shmem: 0K)
Swapped out: 0K
C-Heap outstanding allocations: 118827K, retained: 28584K
glibc malloc tunables: (default)

/proc/sys/kernel/threads-max (system-wide limit on the number of threads): 62972
/proc/sys/vm/max_map_count (maximum number of memory map areas a process may have): 65530
/proc/sys/kernel/pid_max (system-wide limit on number of process identifiers): 32768

container (cgroup) information:
container_type: cgroupv1
cpu_cpuset_cpus: 0-7
cpu_memory_nodes: 0
active_processor_count: 8
cpu_quota: no quota
cpu_period: 100000
cpu_shares: no shares
memory_limit_in_bytes: unlimited
memory_and_swap_limit_in_bytes: unlimited
memory_soft_limit_in_bytes: unlimited
memory_usage_in_bytes: 1103032 k
memory_max_usage_in_bytes: unlimited
kernel_memory_usage_in_bytes: unlimited
kernel_memory_max_usage_in_bytes: unlimited
kernel_memory_limit_in_bytes: unlimited
maximum number of tasks: not supported
current number of tasks: not supported

Hyper-V virtualization detected
Steal ticks since vm start: 0
Steal ticks percentage since vm start:  0.000

CPU: total 8 (initial active 8) (4 cores per cpu, 2 threads per core) family 6 model 158 stepping 9 microcode 0xffffffff, cx8, cmov, fxsr, ht, mmx, 3dnowpref, sse, sse2, sse3, ssse3, sse4.1, sse4.2, popcnt, lzcnt, tsc, avx, avx2, aes, erms, clmul, bmi1, bmi2, adx, fma, vzeroupper, clflush, clflushopt, hv
CPU Model and flags from /proc/cpuinfo:
model name	: Intel(R) Core(TM) i7-7700HQ CPU @ 2.80GHz
flags		: fpu vme de pse tsc msr pae mce cx8 apic sep mtrr pge mca cmov pat pse36 clflush mmx fxsr sse sse2 ss ht syscall nx pdpe1gb rdtscp lm constant_tsc arch_perfmon rep_good nopl xtopology cpuid pni pclmulqdq ssse3 fma cx16 pdcm pcid sse4_1 sse4_2 movbe popcnt aes xsave avx f16c rdrand hypervisor lahf_lm abm 3dnowprefetch invpcid_single pti ssbd ibrs ibpb stibp fsgsbase bmi1 avx2 smep bmi2 erms invpcid rdseed adx smap clflushopt xsaveopt xsavec xgetbv1 xsaves flush_l1d arch_capabilities

Online cpus: 0-7
Offline cpus: 
BIOS frequency limitation: <Not Available>
Frequency switch latency (ns): <Not Available>
Available cpu frequencies: <Not Available>
Current governor: <Not Available>
Core performance/turbo boost: <Not Available>

Memory: 4k page, physical 8067008k(6636292k free), swap 2097152k(2097152k free)
Page Sizes: 4k

vm_info: OpenJDK 64-Bit Server VM (17.0.6+10) for linux-amd64 JRE (17.0.6+10), built on Jan 17 2023 00:00:00 by "temurin" with gcc 10.3.0

END.
